gcc/5.3.0 unloaded
boost/1.61.0 unloaded
openmpi/1.10.2 unloaded
gcc/5.3.0 loaded
boost/1.61.0 loaded
openmpi/1.10.2 loaded
boost/1.61.0 unloaded
boost/1.61.0 loaded
openmpi/1.10.2 unloaded
openmpi/1.10.2 loaded
rm *.o
rm ../../plibOp4/*.o
rm fast-mrmr
clear
[3J[H[2Jmpicxx -c -m64 -O3 -Wall  -I../../include/   -I/usr/include/boost/ -fopenmp mainOpenMpMPI-V1-Block-Funcional0.3.1.cpp -o mainOpenMpMPI-V1-Block-Funcional0.3.1.o
mainOpenMpMPI-V1-Block-Funcional0.3.1.cpp: En la función ‘int main(int, char**)’:
mainOpenMpMPI-V1-Block-Funcional0.3.1.cpp:150:15: aviso: comparación entre expresiones enteras signed y unsigned [-Wsign-compare]
     if ( diff > mpi_rank) {
               ^
mainOpenMpMPI-V1-Block-Funcional0.3.1.cpp:161:17: aviso: comparación entre expresiones enteras signed y unsigned [-Wsign-compare]
     if (proceso > diff)
                 ^
mainOpenMpMPI-V1-Block-Funcional0.3.1.cpp:162:50: aviso: comparación entre expresiones enteras signed y unsigned [-Wsign-compare]
         while (proceso*sizePerProcessGlobal+diff > claseStudy)
                                                  ^
mainOpenMpMPI-V1-Block-Funcional0.3.1.cpp:171:28: aviso: comparación entre expresiones enteras signed y unsigned [-Wsign-compare]
         for (uint i = 0; i < dataSizes; i++)
                            ^
mainOpenMpMPI-V1-Block-Funcional0.3.1.cpp:188:33: aviso: comparación entre expresiones enteras signed y unsigned [-Wsign-compare]
     for (int j = dataSizes+1; j < (dataSizes+1+sizeof(double)*vectInteres2[dataSizes]); j+=8) {
                                 ^
mainOpenMpMPI-V1-Block-Funcional0.3.1.cpp:233:27: aviso: comparación entre expresiones enteras signed y unsigned [-Wsign-compare]
     if ((lastFeatureIndex > startPoint) & (lastFeatureIndex < (startPoint+sizePerProcess)))
                           ^
mainOpenMpMPI-V1-Block-Funcional0.3.1.cpp:240:17: aviso: comparación entre expresiones enteras signed y unsigned [-Wsign-compare]
     if (proceso > diff)
                 ^
mainOpenMpMPI-V1-Block-Funcional0.3.1.cpp:241:50: aviso: comparación entre expresiones enteras signed y unsigned [-Wsign-compare]
         while (proceso*sizePerProcessGlobal+diff > claseStudy)
                                                  ^
mainOpenMpMPI-V1-Block-Funcional0.3.1.cpp:248:28: aviso: comparación entre expresiones enteras signed y unsigned [-Wsign-compare]
         for (uint i = 0; i < dataSizes; i++)
                            ^
mainOpenMpMPI-V1-Block-Funcional0.3.1.cpp:265:33: aviso: comparación entre expresiones enteras signed y unsigned [-Wsign-compare]
     for (int j = dataSizes+1; j < (dataSizes+1+sizeof(double)*vectInteres2[dataSizes]); j+=8) {
                                 ^
mainOpenMpMPI-V1-Block-Funcional0.3.1.cpp:326:31: aviso: comparación entre expresiones enteras signed y unsigned [-Wsign-compare]
         if ((lastFeatureIndex > startPoint) & (lastFeatureIndex < (startPoint+sizePerProcess)))
                               ^
mainOpenMpMPI-V1-Block-Funcional0.3.1.cpp:333:21: aviso: comparación entre expresiones enteras signed y unsigned [-Wsign-compare]
         if (proceso > diff)
                     ^
mainOpenMpMPI-V1-Block-Funcional0.3.1.cpp:334:54: aviso: comparación entre expresiones enteras signed y unsigned [-Wsign-compare]
             while (proceso*sizePerProcessGlobal+diff > claseStudy)
                                                      ^
mainOpenMpMPI-V1-Block-Funcional0.3.1.cpp:341:32: aviso: comparación entre expresiones enteras signed y unsigned [-Wsign-compare]
             for (uint i = 0; i < dataSizes; i++)
                                ^
mainOpenMpMPI-V1-Block-Funcional0.3.1.cpp:358:37: aviso: comparación entre expresiones enteras signed y unsigned [-Wsign-compare]
         for (int j = dataSizes+1; j < (dataSizes+1+sizeof(double)*vectInteres2[dataSizes]); j+=8) {
                                     ^
mainOpenMpMPI-V1-Block-Funcional0.3.1.cpp:203:9: aviso: variable ‘iterator’ sin usar [-Wunused-variable]
     int iterator = 0;
         ^
mpicxx -c -m64 -O3 -Wall  -I../../include/   -I/usr/include/boost/ -fopenmp ../../plibOp4/Histogram.cpp -o ../../plibOp4/Histogram.o
mpicxx -c -m64 -O3 -Wall  -I../../include/   -I/usr/include/boost/ -fopenmp ../../plibOp4/JointProb.cpp -o ../../plibOp4/JointProb.o
../../plibOp4/JointProb.cpp: En el constructor ‘JointProb::JointProb(RawData&, t_feature, uint)’:
../../plibOp4/JointProb.cpp:42:20: aviso: comparación entre expresiones enteras signed y unsigned [-Wsign-compare]
  for (int i = 0; i < datasize;i++)
                    ^
mpicxx -c -m64 -O3 -Wall  -I../../include/   -I/usr/include/boost/ -fopenmp ../../plibOp4/MutualInfo.cpp -o ../../plibOp4/MutualInfo.o
mpicxx -c -m64 -O3 -Wall  -I../../include/   -I/usr/include/boost/ -fopenmp ../../plibOp4/ProbTable.cpp -o ../../plibOp4/ProbTable.o
mpicxx -c -m64 -O3 -Wall  -I../../include/   -I/usr/include/boost/ -fopenmp ../../plibOp4/RawData.cpp -o ../../plibOp4/RawData.o
../../plibOp4/RawData.cpp: En la función miembro ‘void RawData::calculateDSandFS()’:
../../plibOp4/RawData.cpp:78:12: aviso: comparación entre expresiones enteras signed y unsigned [-Wsign-compare]
  if ( diff > mpiNum) {
            ^
mpicxx mainOpenMpMPI-V1-Block-Funcional0.3.1.o ../../plibOp4/Histogram.o ../../plibOp4/JointProb.o ../../plibOp4/MutualInfo.o ../../plibOp4/ProbTable.o ../../plibOp4/RawData.o  -lboost_thread -L/usr/lib64/ -lboost_thread -fopenmp -o fast-mrmr
[c7201:01886] *** Process received signal ***
[c7201:01886] Signal: Segmentation fault (11)
[c7201:01886] Signal code: Address not mapped (1)
[c7201:01886] Failing at address: 0x40202e61c
[c7201:01886] [ 0] /lib64/libpthread.so.0(+0xf790)[0x7f445c077790]
[c7201:01886] [ 1] ./../../ParallelMPI/fast-mrmr[0x40e756]
[c7201:01886] [ 2] ./../../ParallelMPI/fast-mrmr[0x409a69]
[c7201:01886] [ 3] /lib64/libc.so.6(__libc_start_main+0xfd)[0x7f445bcf2d5d]
[c7201:01886] [ 4] ./../../ParallelMPI/fast-mrmr[0x40a2a1]
[c7201:01886] *** End of error message ***
[c7201:01965] *** Process received signal ***
[c7201:01965] Signal: Segmentation fault (11)
[c7201:01965] Signal code: Address not mapped (1)
[c7201:01965] Failing at address: 0x401a7913c
[c7201:01965] [ 0] /lib64/libpthread.so.0(+0xf790)[0x7f59571ad790]
[c7201:01965] [ 1] ./../../ParallelMPI/fast-mrmr[0x40e756]
[c7201:01965] [ 2] ./../../ParallelMPI/fast-mrmr[0x409a69]
[c7201:01965] [ 3] /lib64/libc.so.6(__libc_start_main+0xfd)[0x7f5956e28d5d]
[c7201:01965] [ 4] ./../../ParallelMPI/fast-mrmr[0x40a2a1]
[c7201:01965] *** End of error message ***
[c7203:32740] *** Process received signal ***
[c7203:32740] Signal: Segmentation fault (11)
[c7203:32740] Signal code: Address not mapped (1)
[c7203:32740] Failing at address: 0x40195418c
[c7203:32740] [ 0] /lib64/libpthread.so.0(+0xf790)[0x7f34a6bc5790]
[c7203:32740] [ 1] ./../../ParallelMPI/fast-mrmr[0x40e756]
[c7203:32740] [ 2] ./../../ParallelMPI/fast-mrmr[0x409a69]
[c7203:32740] [ 3] /lib64/libc.so.6(__libc_start_main+0xfd)[0x7f34a6840d5d]
[c7203:32740] [ 4] ./../../ParallelMPI/fast-mrmr[0x40a2a1]
[c7203:32740] *** End of error message ***
[c7203:00600] *** Process received signal ***
[c7203:00600] Signal: Segmentation fault (11)
[c7203:00600] Signal code: Address not mapped (1)
[c7203:00600] Failing at address: 0x4026dad0c
[c7203:00600] [ 0] /lib64/libpthread.so.0(+0xf790)[0x7f8f9ba90790]
[c7203:00600] [ 1] ./../../ParallelMPI/fast-mrmr[0x40e756]
[c7203:00600] [ 2] ./../../ParallelMPI/fast-mrmr[0x409a69]
[c7203:00600] [ 3] /lib64/libc.so.6(__libc_start_main+0xfd)[0x7f8f9b70bd5d]
[c7203:00600] [ 4] ./../../ParallelMPI/fast-mrmr[0x40a2a1]
[c7203:00600] *** End of error message ***
[c7203:00830] *** Process received signal ***
[c7203:00830] Signal: Segmentation fault (11)
[c7203:00830] Signal code: Address not mapped (1)
[c7203:00830] Failing at address: 0x40129503c
[c7203:00830] [ 0] /lib64/libpthread.so.0(+0xf790)[0x7f8e3908d790]
[c7203:00830] [ 1] ./../../ParallelMPI/fast-mrmr[0x40e756]
[c7203:00830] [ 2] ./../../ParallelMPI/fast-mrmr[0x409a69]
[c7203:00830] [ 3] /lib64/libc.so.6(__libc_start_main+0xfd)[0x7f8e38d08d5d]
[c7203:00830] [ 4] ./../../ParallelMPI/fast-mrmr[0x40a2a1]
[c7203:00830] *** End of error message ***
