gcc/5.3.0 unloaded
boost/1.61.0 unloaded
openmpi/1.10.2 unloaded
gcc/5.3.0 loaded
boost/1.61.0 loaded
openmpi/1.10.2 loaded
boost/1.61.0 unloaded
boost/1.61.0 loaded
openmpi/1.10.2 unloaded
openmpi/1.10.2 loaded
rm *.o
rm ../../plibOp4/*.o
rm fast-mrmr
clear
[3J[H[2Jmpicxx -c -m64 -O3 -Wall  -I../../include/   -I/usr/include/boost/ -fopenmp mainOpenMpMPI-V1-Block-Funcional0.3.1.cpp -o mainOpenMpMPI-V1-Block-Funcional0.3.1.o
mainOpenMpMPI-V1-Block-Funcional0.3.1.cpp: En la función ‘int main(int, char**)’:
mainOpenMpMPI-V1-Block-Funcional0.3.1.cpp:150:15: aviso: comparación entre expresiones enteras signed y unsigned [-Wsign-compare]
     if ( diff > mpi_rank) {
               ^
mainOpenMpMPI-V1-Block-Funcional0.3.1.cpp:161:17: aviso: comparación entre expresiones enteras signed y unsigned [-Wsign-compare]
     if (proceso > diff)
                 ^
mainOpenMpMPI-V1-Block-Funcional0.3.1.cpp:162:50: aviso: comparación entre expresiones enteras signed y unsigned [-Wsign-compare]
         while (proceso*sizePerProcessGlobal+diff > claseStudy)
                                                  ^
mainOpenMpMPI-V1-Block-Funcional0.3.1.cpp:165:53: aviso: comparación entre expresiones enteras signed y unsigned [-Wsign-compare]
         while (proceso*sizePerProcessGlobal+proceso > claseStudy)
                                                     ^
mainOpenMpMPI-V1-Block-Funcional0.3.1.cpp:174:28: aviso: comparación entre expresiones enteras signed y unsigned [-Wsign-compare]
         for (uint i = 0; i < dataSizes; i++)
                            ^
mainOpenMpMPI-V1-Block-Funcional0.3.1.cpp:191:33: aviso: comparación entre expresiones enteras signed y unsigned [-Wsign-compare]
     for (int j = dataSizes+1; j < (dataSizes+1+sizeof(double)*vectInteres2[dataSizes]); j+=8) {
                                 ^
mainOpenMpMPI-V1-Block-Funcional0.3.1.cpp:236:27: aviso: comparación entre expresiones enteras signed y unsigned [-Wsign-compare]
     if ((lastFeatureIndex > startPoint) & (lastFeatureIndex < (startPoint+sizePerProcess)))
                           ^
mainOpenMpMPI-V1-Block-Funcional0.3.1.cpp:243:17: aviso: comparación entre expresiones enteras signed y unsigned [-Wsign-compare]
     if (proceso > diff)
                 ^
mainOpenMpMPI-V1-Block-Funcional0.3.1.cpp:244:50: aviso: comparación entre expresiones enteras signed y unsigned [-Wsign-compare]
         while (proceso*sizePerProcessGlobal+diff > claseStudy)
                                                  ^
mainOpenMpMPI-V1-Block-Funcional0.3.1.cpp:247:53: aviso: comparación entre expresiones enteras signed y unsigned [-Wsign-compare]
         while (proceso*sizePerProcessGlobal+proceso > claseStudy)
                                                     ^
mainOpenMpMPI-V1-Block-Funcional0.3.1.cpp:254:28: aviso: comparación entre expresiones enteras signed y unsigned [-Wsign-compare]
         for (uint i = 0; i < dataSizes; i++)
                            ^
mainOpenMpMPI-V1-Block-Funcional0.3.1.cpp:271:33: aviso: comparación entre expresiones enteras signed y unsigned [-Wsign-compare]
     for (int j = dataSizes+1; j < (dataSizes+1+sizeof(double)*vectInteres2[dataSizes]); j+=8) {
                                 ^
mainOpenMpMPI-V1-Block-Funcional0.3.1.cpp:332:31: aviso: comparación entre expresiones enteras signed y unsigned [-Wsign-compare]
         if ((lastFeatureIndex > startPoint) & (lastFeatureIndex < (startPoint+sizePerProcess)))
                               ^
mainOpenMpMPI-V1-Block-Funcional0.3.1.cpp:339:21: aviso: comparación entre expresiones enteras signed y unsigned [-Wsign-compare]
         if (proceso > diff)
                     ^
mainOpenMpMPI-V1-Block-Funcional0.3.1.cpp:340:54: aviso: comparación entre expresiones enteras signed y unsigned [-Wsign-compare]
             while (proceso*sizePerProcessGlobal+diff > claseStudy)
                                                      ^
mainOpenMpMPI-V1-Block-Funcional0.3.1.cpp:343:57: aviso: comparación entre expresiones enteras signed y unsigned [-Wsign-compare]
             while (proceso*sizePerProcessGlobal+proceso > claseStudy)
                                                         ^
mainOpenMpMPI-V1-Block-Funcional0.3.1.cpp:351:32: aviso: comparación entre expresiones enteras signed y unsigned [-Wsign-compare]
             for (uint i = 0; i < dataSizes; i++)
                                ^
mainOpenMpMPI-V1-Block-Funcional0.3.1.cpp:368:37: aviso: comparación entre expresiones enteras signed y unsigned [-Wsign-compare]
         for (int j = dataSizes+1; j < (dataSizes+1+sizeof(double)*vectInteres2[dataSizes]); j+=8) {
                                     ^
mainOpenMpMPI-V1-Block-Funcional0.3.1.cpp:206:9: aviso: variable ‘iterator’ sin usar [-Wunused-variable]
     int iterator = 0;
         ^
mpicxx -c -m64 -O3 -Wall  -I../../include/   -I/usr/include/boost/ -fopenmp ../../plibOp4/Histogram.cpp -o ../../plibOp4/Histogram.o
mpicxx -c -m64 -O3 -Wall  -I../../include/   -I/usr/include/boost/ -fopenmp ../../plibOp4/JointProb.cpp -o ../../plibOp4/JointProb.o
../../plibOp4/JointProb.cpp: En el constructor ‘JointProb::JointProb(RawData&, t_feature, uint)’:
../../plibOp4/JointProb.cpp:42:20: aviso: comparación entre expresiones enteras signed y unsigned [-Wsign-compare]
  for (int i = 0; i < datasize;i++)
                    ^
mpicxx -c -m64 -O3 -Wall  -I../../include/   -I/usr/include/boost/ -fopenmp ../../plibOp4/MutualInfo.cpp -o ../../plibOp4/MutualInfo.o
mpicxx -c -m64 -O3 -Wall  -I../../include/   -I/usr/include/boost/ -fopenmp ../../plibOp4/ProbTable.cpp -o ../../plibOp4/ProbTable.o
mpicxx -c -m64 -O3 -Wall  -I../../include/   -I/usr/include/boost/ -fopenmp ../../plibOp4/RawData.cpp -o ../../plibOp4/RawData.o
../../plibOp4/RawData.cpp: En la función miembro ‘void RawData::calculateDSandFS()’:
../../plibOp4/RawData.cpp:78:12: aviso: comparación entre expresiones enteras signed y unsigned [-Wsign-compare]
  if ( diff > mpiNum) {
            ^
mpicxx mainOpenMpMPI-V1-Block-Funcional0.3.1.o ../../plibOp4/Histogram.o ../../plibOp4/JointProb.o ../../plibOp4/MutualInfo.o ../../plibOp4/ProbTable.o ../../plibOp4/RawData.o  -lboost_thread -L/usr/lib64/ -lboost_thread -fopenmp -o fast-mrmr
[c7328:30215] *** Process received signal ***
[c7328:30218] *** Process received signal ***
[c7331:07423] *** Process received signal ***
[c7331:07423] Signal: Segmentation fault (11)
[c7331:07423] Signal code: Invalid permissions (2)
[c7331:07423] Failing at address: 0x7fc5c1125478
[c7331:07434] *** Process received signal ***
[c7331:07434] Signal: Segmentation fault (11)
[c7331:07434] Signal code: Invalid permissions (2)
[c7331:07434] Failing at address: 0x7fd2bdd25a2c
[c7329:06653] *** Process received signal ***
[c7329:06656] *** Process received signal ***
[c7328:30213] *** Process received signal ***
[c7328:30211] *** Process received signal ***
[c7328:30211] Signal: Segmentation fault (11)
[c7328:30211] Signal code: Invalid permissions (2)
[c7328:30211] Failing at address: 0x7ff00c7235c8
[c7332:04171] *** Process received signal ***
[c7328:30217] *** Process received signal ***
[c7333:06393] *** Process received signal ***
[c7333:06393] Signal: Segmentation fault (11)
[c7333:06393] Signal code: Invalid permissions (2)
[c7333:06393] Failing at address: 0x7f0615c22770
[c7333:06394] *** Process received signal ***
[c7333:06395] *** Process received signal ***
[c7333:06395] Signal: Segmentation fault (11)
[c7333:06395] Signal code: Invalid permissions (2)
[c7333:06395] Failing at address: 0x7f684b721940
[c7333:06397] *** Process received signal ***
[c7333:06397] Signal: Segmentation fault (11)
[c7333:06397] Signal code: Address not mapped (1)
[c7333:06397] Failing at address: 0x7f5820200668
[c7330:08804] *** Process received signal ***
[c7330:08810] *** Process received signal ***
[c7330:08816] *** Process received signal ***
[c7336:16730] *** Process received signal ***
[c7331:07432] *** Process received signal ***
[c7336:16730] Signal: Segmentation fault (11)
[c7336:16730] Signal code: Invalid permissions (2)
[c7336:16730] Failing at address: 0x7f970fa239e0
[c7331:07433] *** Process received signal ***
[c7336:16734] *** Process received signal ***
[c7332:04164] *** Process received signal ***
[c7332:04168] *** Process received signal ***
[c7333:06392] *** Process received signal ***
[c7333:06386] *** Process received signal ***
[c7333:06386] Signal: Segmentation fault (11)
[c7333:06386] Signal code: Invalid permissions (2)
[c7333:06386] Failing at address: 0x7f25de423a84
[c7345:02302] *** Process received signal ***
[c7345:02302] Signal: Segmentation fault (11)
[c7345:02302] Signal code: Invalid permissions (2)
[c7345:02302] Failing at address: 0x7f5bb6722d90
[c7333:06393] [ 0] /lib64/libpthread.so.0(+0xf790)[0x7f07092ea790]
[c7333:06393] [ 1] ./../../ParallelMPI/fast-mrmr[0x40d9c4]
[c7333:06393] [ 2] ./../../ParallelMPI/fast-mrmr[0x40de3a]
[c7333:06393] [ 3] ./../../ParallelMPI/fast-mrmr[0x40a4f3]
[c7333:06393] [ 4] /opt/cesga/gcc/5.3.0/lib64/libgomp.so.1(+0xf02e)[0x7f070971d02e]
[c7333:06393] [ 5] /lib64/libpthread.so.0(+0x7a51)[0x7f07092e2a51]
[c7333:06393] [ 6] [c7345:02309] *** Process received signal ***
[c7329:06661] *** Process received signal ***
/lib64/libc.so.6(clone+0x6d)[0x7f070902f93d]
[c7333:06393] *** End of error message ***
[c7328:30209] *** Process received signal ***
[c7328:30212] *** Process received signal ***
[c7329:06661] Signal: Segmentation fault (11)
[c7329:06661] Signal code: Invalid permissions (2)
[c7329:06661] Failing at address: 0x7fa56a3222b0
[c7336:16730] [ 0] /lib64/libpthread.so.0(+0xf790)[0x7f98047fd790]
[c7336:16730] [ 1] ./../../ParallelMPI/fast-mrmr[0x40d9c4]
[c7336:16730] [ 2] ./../../ParallelMPI/fast-mrmr[0x40de3a]
[c7336:16730] [ 3] ./../../ParallelMPI/fast-mrmr[0x40a4f3]
[c7336:16730] [ 4] /opt/cesga/gcc/5.3.0/lib64/libgomp.so.1(+0xf02e)[0x7f9804c3002e]
[c7336:16730] [ 5] /lib64/libpthread.so.0(+0x7a51)[0x7f98047f5a51]
[c7336:16730] [ 6] [c7328:30216] *** Process received signal ***
[c7334:05243] *** Process received signal ***
[c7334:05243] Signal: Segmentation fault (11)
[c7334:05243] Signal code: Invalid permissions (2)
[c7334:05243] Failing at address: 0x7ff38e82632c
[c7345:02302] [ 0] /lib64/libpthread.so.0(+0xf790)[0x7f5caaaca790]
[c7345:02302] [ 1] ./../../ParallelMPI/fast-mrmr[0x40d9c4]
[c7345:02302] [ 2] ./../../ParallelMPI/fast-mrmr[0x40de3a]
[c7345:02302] [ 3] ./../../ParallelMPI/fast-mrmr[0x40a4f3]
[c7345:02302] [ 4] /opt/cesga/gcc/5.3.0/lib64/libgomp.so.1(+0xf02e)[0x7f5caaefd02e]
[c7345:02302] [ 5] /lib64/libpthread.so.0(+0x7a51)[0x7f5caaac2a51]
[c7345:02302] [ 6] /lib64/libc.so.6(clone+0x6d)[0x7f5caa80f93d]
[c7345:02302] *** End of error message ***
[c7330:08801] *** Process received signal ***
[c7330:08801] Signal: Segmentation fault (11)
[c7330:08801] Signal code: Invalid permissions (2)
[c7330:08801] Failing at address: 0x7f5103a23354
/lib64/libc.so.6(clone+0x6d)[0x7f980454293d]
[c7336:16730] *** End of error message ***
[c7328:30216] Signal: Segmentation fault (11)
[c7328:30216] Signal code: Invalid permissions (2)
[c7328:30216] Failing at address: 0x7fbc20c222dc
[c7332:04175] *** Process received signal ***
[c7328:30214] *** Process received signal ***
[c7329:06650] *** Process received signal ***
[c7329:06651] *** Process received signal ***
[c7329:06651] Signal: Segmentation fault (11)
[c7329:06651] Signal code: Invalid permissions (2)
[c7329:06651] Failing at address: 0x7fe0c432245c
[c7329:06652] *** Process received signal ***
[c7331:07424] *** Process received signal ***
[c7329:06654] *** Process received signal ***
[c7329:06654] Signal: Segmentation fault (11)
[c7329:06654] Signal code: Invalid permissions (2)
[c7329:06654] Failing at address: 0x7f02bc32193c
[c7331:07424] Signal: Segmentation fault (11)
[c7331:07424] Signal code: Invalid permissions (2)
[c7331:07424] Failing at address: 0x7f08e08259b8
[c7329:06657] *** Process received signal ***
[c7329:06660] *** Process received signal ***
[c7331:07427] *** Process received signal ***
[c7331:07427] Signal: Segmentation fault (11)
[c7331:07427] Signal code: Invalid permissions (2)
[c7331:07427] Failing at address: 0x7f018fd23aa4
[c7331:07431] *** Process received signal ***
[c7331:07431] Signal: Segmentation fault (11)
[c7331:07431] Signal code: Invalid permissions (2)
[c7331:07431] Failing at address: 0x7fd010924adc
[c7331:07430] *** Process received signal ***
[c7331:07430] Signal: Segmentation fault (11)
[c7331:07430] Signal code: Invalid permissions (2)
[c7331:07430] Failing at address: 0x7f0da5d226f8
[c7329:06651] [ 0] /lib64/libpthread.so.0(+0xf790)[0x7fe1b92e7790]
[c7329:06651] [ 1] ./../../ParallelMPI/fast-mrmr[0x40d9c4]
[c7329:06651] [ 2] ./../../ParallelMPI/fast-mrmr[0x40de3a]
[c7329:06651] [ 3] ./../../ParallelMPI/fast-mrmr[0x40a4f3]
[c7329:06651] [ 4] /opt/cesga/gcc/5.3.0/lib64/libgomp.so.1(+0xf02e)[0x7fe1b971a02e]
[c7329:06651] [ 5] /lib64/libpthread.so.0(+0x7a51)[0x7fe1b92dfa51]
[c7329:06651] [ 6] /lib64/libc.so.6(clone+0x6d)[0x7fe1b902c93d]
[c7329:06651] *** End of error message ***
[c7332:04166] *** Process received signal ***
[c7332:04165] *** Process received signal ***
[c7332:04165] Signal: Segmentation fault (11)
[c7332:04165] Signal code: Invalid permissions (2)
[c7332:04165] Failing at address: 0x7f6b37c213b4
[c7330:08802] *** Process received signal ***
[c7332:04170] *** Process received signal ***
[c7332:04170] Signal: Segmentation fault (11)
[c7332:04170] Signal code: Invalid permissions (2)
[c7332:04170] Failing at address: 0x7ff94d78b168
[c7330:08803] *** Process received signal ***
[c7331:07433] Signal: Segmentation fault (11)
[c7331:07433] Signal code: Invalid permissions (2)
[c7331:07433] Failing at address: 0x7f09b9524d70
[c7333:06388] *** Process received signal ***
[c7333:06388] Signal: Segmentation fault (11)
[c7333:06388] Signal code: Invalid permissions (2)
[c7333:06388] Failing at address: 0x7f1c5df22ba8
[c7332:04169] *** Process received signal ***
[c7332:04169] Signal: Segmentation fault (11)
[c7332:04169] Signal code: Invalid permissions (2)
[c7332:04169] Failing at address: 0x7f40827254d8
[c7330:08812] *** Process received signal ***
[c7330:08812] Signal: Segmentation fault (11)
[c7330:08812] Signal code: Invalid permissions (2)
[c7330:08812] Failing at address: 0x7f8fc9022c98
[c7331:07426] *** Process received signal ***
[c7333:06389] *** Process received signal ***
[c7333:06389] Signal: Segmentation fault (11)
[c7333:06389] Signal code: Invalid permissions (2)
[c7333:06389] Failing at address: 0x7f5eb61248d4
[c7328:30210] *** Process received signal ***
[c7332:04167] *** Process received signal ***
[c7330:08813] *** Process received signal ***
[c7330:08813] Signal: Segmentation fault (11)
[c7330:08813] Signal code: Invalid permissions (2)
[c7330:08813] Failing at address: 0x7f5e22025900
[c7333:06391] *** Process received signal ***
[c7333:06391] Signal: Segmentation fault (11)
[c7333:06391] Signal code: Address not mapped (1)
[c7333:06391] Failing at address: 0x7f1707e0066c
[c7330:08800] *** Process received signal ***
[c7333:06390] *** Process received signal ***
[c7330:08811] *** Process received signal ***
[c7330:08811] Signal: Segmentation fault (11)
[c7330:08811] Signal code: Invalid permissions (2)
[c7330:08811] Failing at address: 0x7fd0fdb22054
[c7331:07433] [ 0] /lib64/libpthread.so.0(+0xf790)[0x7f0aad317790]
[c7331:07433] [ 1] ./../../ParallelMPI/fast-mrmr[0x40d9c4]
[c7331:07433] [ 2] ./../../ParallelMPI/fast-mrmr[0x40de3a]
[c7331:07433] [ 3] [c7336:16738] *** Process received signal ***
[c7336:16738] Signal: Segmentation fault (11)
[c7336:16738] Signal code: Invalid permissions (2)
[c7336:16738] Failing at address: 0x7fb185e23cd8
[c7334:05235] *** Process received signal ***
[c7334:05235] Signal: Segmentation fault (11)
[c7334:05235] Signal code: Invalid permissions (2)
[c7334:05235] Failing at address: 0x7f8c09e25e58
[c7330:08814] *** Process received signal ***
./../../ParallelMPI/fast-mrmr[0x40a4f3]
[c7331:07433] [ 4] /opt/cesga/gcc/5.3.0/lib64/libgomp.so.1(+0xf02e)[0x7f0aad74a02e]
[c7331:07433] [ 5] /lib64/libpthread.so.0(+0x7a51)[0x7f0aad30fa51]
[c7331:07433] [ 6] [c7336:16728] *** Process received signal ***
[c7334:05239] *** Process received signal ***
[c7334:05239] Signal: Segmentation fault (11)
[c7334:05239] Signal code: Invalid permissions (2)
[c7334:05239] Failing at address: 0x7f6a0a3ce87c
/lib64/libc.so.6(clone+0x6d)[0x7f0aad05c93d]
[c7331:07433] *** End of error message ***
[c7336:16737] *** Process received signal ***
[c7334:05241] *** Process received signal ***
[c7336:16737] Signal: Segmentation fault (11)
[c7336:16737] Signal code: Invalid permissions (2)
[c7336:16737] Failing at address: 0x7fb6fa9738f8
[c7334:05242] *** Process received signal ***
[c7334:05242] Signal: Segmentation fault (11)
[c7334:05242] Signal code: Invalid permissions (2)
[c7334:05242] Failing at address: 0x7f26e8221240
[c7332:04174] *** Process received signal ***
[c7332:04174] Signal: Segmentation fault (11)
[c7332:04174] Signal code: Invalid permissions (2)
[c7332:04174] Failing at address: 0x7f1a43b3b898
[c7334:05236] *** Process received signal ***
[c7332:04172] *** Process received signal ***
[c7345:02305] *** Process received signal ***
[c7345:02311] *** Process received signal ***
[c7345:02311] Signal: Segmentation fault (11)
[c7345:02311] Signal code: Invalid permissions (2)
[c7345:02311] Failing at address: 0x7f7408a24d10
[c7330:08815] *** Process received signal ***
[c7345:02311] [ 0] /lib64/libpthread.so.0(+0xf790)[0x7f74fcd30790]
[c7345:02311] [ 1] ./../../ParallelMPI/fast-mrmr[0x40d9c4]
[c7345:02311] [ 2] ./../../ParallelMPI/fast-mrmr[0x40de3a]
[c7345:02311] [ 3] ./../../ParallelMPI/fast-mrmr[0x40a4f3]
[c7345:02311] [ 4] /opt/cesga/gcc/5.3.0/lib64/libgomp.so.1(+0xf02e)[0x7f74fd16302e]
[c7345:02311] [ 5] /lib64/libpthread.so.0(+0x7a51)[0x7f74fcd28a51]
[c7345:02311] [ 6] /lib64/libc.so.6(clone+0x6d)[0x7f74fca7593d]
[c7345:02311] *** End of error message ***
[c7334:05238] *** Process received signal ***
[c7334:05238] Signal: Segmentation fault (11)
[c7334:05238] Signal code: Invalid permissions (2)
[c7334:05238] Failing at address: 0x7f2df2fa83ec
[c7346:17736] *** Process received signal ***
[c7346:17736] Signal: Segmentation fault (11)
[c7346:17736] Signal code: Invalid permissions (2)
[c7346:17736] Failing at address: 0x7f1ad612151c
[c7346:17737] *** Process received signal ***
[c7346:17738] *** Process received signal ***
[c7346:17738] Signal: Segmentation fault (11)
[c7346:17738] Signal code: Invalid permissions (2)
[c7346:17738] Failing at address: 0x7f02b1f224b0
[c7331:07429] *** Process received signal ***
[c7331:07429] Signal: Segmentation fault (11)
[c7331:07429] Signal code: Invalid permissions (2)
[c7331:07429] Failing at address: 0x7fb698923ce0
[c7336:16736] *** Process received signal ***
[c7336:16736] Signal: Segmentation fault (11)
[c7336:16736] Signal code: Invalid permissions (2)
[c7336:16736] Failing at address: 0x7fd0d738a3dc
[c7336:16729] *** Process received signal ***
[c7336:16729] Signal: Segmentation fault (11)
[c7336:16729] Signal code: Invalid permissions (2)
[c7336:16729] Failing at address: 0x7fdb63522c34
[c7336:16739] *** Process received signal ***
[c7336:16732] *** Process received signal ***
[c7336:16732] Signal: Segmentation fault (11)
[c7336:16732] Signal code: Invalid permissions (2)
[c7336:16732] Failing at address: 0x7fc246823b74
[c7334:05237] *** Process received signal ***
[c7346:17735] *** Process received signal ***
[c7346:17735] Signal: Segmentation fault (11)
[c7346:17735] Signal code: Invalid permissions (2)
[c7346:17735] Failing at address: 0x7f09d5824198
[c7334:05246] *** Process received signal ***
[c7331:07425] *** Process received signal ***
[c7331:07425] Signal: Segmentation fault (11)
[c7331:07425] Signal code: Invalid permissions (2)
[c7331:07425] Failing at address: 0x7f4131e21c6c
[c7346:17730] *** Process received signal ***
[c7346:17730] Signal: Segmentation fault (11)
[c7346:17730] Signal code: Invalid permissions (2)
[c7346:17730] Failing at address: 0x7f3508322de0
[c7345:02310] *** Process received signal ***
[c7345:02310] Signal: Segmentation fault (11)
[c7345:02310] Signal code: Invalid permissions (2)
[c7345:02310] Failing at address: 0x7f7a53224f5c
[c7346:17734] *** Process received signal ***
[c7346:17736] [ 0] /lib64/libpthread.so.0(+0xf790)[0x7f1bcb139790]
[c7346:17736] [ 1] ./../../ParallelMPI/fast-mrmr[0x40d9c4]
[c7346:17736] [ 2] ./../../ParallelMPI/fast-mrmr[0x40de3a]
[c7346:17736] [ 3] ./../../ParallelMPI/fast-mrmr[0x40a4f3]
[c7346:17736] [ 4] /opt/cesga/gcc/5.3.0/lib64/libgomp.so.1(+0xf02e)[0x7f1bcb56c02e]
[c7346:17736] [ 5] /lib64/libpthread.so.0(+0x7a51)[0x7f1bcb131a51]
[c7346:17736] [ 6] /lib64/libc.so.6(clone+0x6d)[0x7f1bcae7e93d]
[c7346:17736] *** End of error message ***
[c7329:06655] *** Process received signal ***
[c7329:06655] Signal: Segmentation fault (11)
[c7329:06655] Signal code: Invalid permissions (2)
[c7329:06655] Failing at address: 0x7f9cab921310
[c7333:06387] *** Process received signal ***
[c7346:17733] *** Process received signal ***
[c7345:02299] *** Process received signal ***
[c7345:02299] Signal: Segmentation fault (11)
[c7345:02299] Signal code: Invalid permissions (2)
[c7345:02299] Failing at address: 0x7fcd5db98928
[c7346:17732] *** Process received signal ***
[c7305:14297] *** Process received signal ***
[c7305:14297] Signal: Segmentation fault (11)
[c7305:14297] Signal code: Invalid permissions (2)
[c7305:14297] Failing at address: 0x7f5c41022714
[c7305:14302] *** Process received signal ***
[c7305:14302] Signal: Segmentation fault (11)
[c7305:14302] Signal code: Invalid permissions (2)
[c7305:14302] Failing at address: 0x7f993f6226cc
[c7334:05245] *** Process received signal ***
[c7334:05245] Signal: Segmentation fault (11)
[c7334:05245] Signal code: Invalid permissions (2)
[c7334:05245] Failing at address: 0x7f6df8521940
[c7305:14300] *** Process received signal ***
[c7305:14300] Signal: Segmentation fault (11)
[c7305:14300] Signal code: Invalid permissions (2)
[c7305:14300] Failing at address: 0x7f9a97124d28
[c7346:17740] *** Process received signal ***
[c7346:17739] *** Process received signal ***
[c7346:17741] *** Process received signal ***
[c7346:17741] Signal: Segmentation fault (11)
[c7346:17741] Signal code: Invalid permissions (2)
[c7346:17741] Failing at address: 0x7fdf678764fc
[c7305:14299] *** Process received signal ***
[c7305:14298] *** Process received signal ***
[c7305:14305] *** Process received signal ***
[c7305:14305] Signal: Segmentation fault (11)
[c7305:14305] Signal code: Invalid permissions (2)
[c7305:14305] Failing at address: 0x7f8f25023354
[c7305:14306] *** Process received signal ***
[c7305:14308] *** Process received signal ***
[c7307:20571] *** Process received signal ***
[c7307:20564] *** Process received signal ***
[c7307:20564] Signal: Segmentation fault (11)
[c7307:20564] Signal code: Invalid permissions (2)
[c7307:20564] Failing at address: 0x7f3ea0823a20
[c7308:29712] *** Process received signal ***
[c7308:29712] Signal: Segmentation fault (11)
[c7308:29712] Signal code: Invalid permissions (2)
[c7308:29712] Failing at address: 0x7f0f5ac259ac
[c7308:29717] *** Process received signal ***
[c7308:29717] Signal: Segmentation fault (11)
[c7308:29717] Signal code: Invalid permissions (2)
[c7308:29717] Failing at address: 0x7f3ff6622264
[c7308:29715] *** Process received signal ***
[c7308:29715] Signal: Segmentation fault (11)
[c7308:29715] Signal code: Invalid permissions (2)
[c7308:29715] Failing at address: 0x7f0339c21d68
[c7325:05686] *** Process received signal ***
[c7325:05686] Signal: Segmentation fault (11)
[c7325:05686] Signal code: Invalid permissions (2)
[c7325:05686] Failing at address: 0x7f7ae2a23358
[c7325:05682] *** Process received signal ***
[c7325:05682] Signal: Segmentation fault (11)
[c7325:05682] Signal code: Invalid permissions (2)
[c7325:05682] Failing at address: 0x7f7259a243c0
[c7305:14307] *** Process received signal ***
[c7326:07046] *** Process received signal ***
[c7326:07045] *** Process received signal ***
[c7326:07045] Signal: Segmentation fault (11)
[c7326:07045] Signal code: Invalid permissions (2)
[c7326:07045] Failing at address: 0x7f7963d21308
[c7328:30207] *** Process received signal ***
[c7328:30207] Signal: Segmentation fault (11)
[c7328:30207] Signal code: Invalid permissions (2)
[c7328:30207] Failing at address: 0x7fbc944251ec
[c7307:20570] *** Process received signal ***
[c7307:20570] Signal: Segmentation fault (11)
[c7307:20570] Signal code: Address not mapped (1)
[c7307:20570] Failing at address: 0x7fa4e2902e84
[c7307:20574] *** Process received signal ***
[c7307:20574] Signal: Segmentation fault (11)
[c7307:20574] Signal code: Invalid permissions (2)
[c7307:20574] Failing at address: 0x7feb85c24d98
[c7308:29714] *** Process received signal ***
[c7325:05689] *** Process received signal ***
[c7325:05689] Signal: Segmentation fault (11)
[c7325:05689] Signal code: Address not mapped (1)
[c7325:05689] Failing at address: 0x7f06a59070dc
[c7307:20575] *** Process received signal ***
[c7307:20573] *** Process received signal ***
[c7307:20573] Signal: Segmentation fault (11)
[c7307:20573] Signal code: Invalid permissions (2)
[c7307:20573] Failing at address: 0x7f5b514218f8
[c7308:29711] *** Process received signal ***
[c7308:29711] Signal: Segmentation fault (11)
[c7308:29711] Signal code: Invalid permissions (2)
[c7308:29711] Failing at address: 0x7f644fe7b6f0
[c7326:07057] *** Process received signal ***
[c7326:07057] Signal: Segmentation fault (11)
[c7326:07057] Signal code: Invalid permissions (2)
[c7326:07057] Failing at address: 0x7f616e622ffc
[c7326:07056] *** Process received signal ***
[c7326:07056] Signal: Segmentation fault (11)
[c7326:07056] Signal code: Invalid permissions (2)
[c7326:07056] Failing at address: 0x7fae2b22200c
[c7306:30210] *** Process received signal ***
[c7306:30210] Signal: Segmentation fault (11)
[c7306:30210] Signal code: Invalid permissions (2)
[c7306:30210] Failing at address: 0x7eff0ef22f84
[c7306:30211] *** Process received signal ***
[c7306:30213] *** Process received signal ***
[c7306:30213] Signal: Segmentation fault (11)
[c7306:30213] Signal code: Invalid permissions (2)
[c7306:30213] Failing at address: 0x7f66b5f22cb8
[c7306:30214] *** Process received signal ***
[c7306:30214] Signal: Segmentation fault (11)
[c7306:30214] Signal code: Invalid permissions (2)
[c7306:30214] Failing at address: 0x7f50c0924860
[c7305:14304] *** Process received signal ***
[c7306:30218] *** Process received signal ***
[c7306:30218] Signal: Segmentation fault (11)
[c7306:30218] Signal code: Invalid permissions (2)
[c7306:30218] Failing at address: 0x7fe9d9b24398
[c7306:30221] *** Process received signal ***
[c7308:29720] *** Process received signal ***
[c7307:20568] *** Process received signal ***
[c7325:05684] *** Process received signal ***
[c7326:07044] *** Process received signal ***
[c7326:07044] Signal: Segmentation fault (11)
[c7326:07044] Signal code: Invalid permissions (2)
[c7326:07044] Failing at address: 0x7fb547c84e04
[c7325:05687] *** Process received signal ***
[c7325:05687] Signal: Segmentation fault (11)
[c7325:05687] Signal code: Invalid permissions (2)
[c7325:05687] Failing at address: 0x7f8344423274
[c7308:29718] *** Process received signal ***
[c7308:29718] Signal: Segmentation fault (11)
[c7308:29718] Signal code: Invalid permissions (2)
[c7308:29718] Failing at address: 0x7fbf9f22466c
[c7325:05693] *** Process received signal ***
[c7325:05693] Signal: Segmentation fault (11)
[c7325:05693] Signal code: Invalid permissions (2)
[c7325:05693] Failing at address: 0x7ff8fde225dc
[c7308:29713] *** Process received signal ***
[c7325:05687] [ 0] /lib64/libpthread.so.0(+0xf790)[0x7f8437b4d790]
[c7325:05687] [ 1] ./../../ParallelMPI/fast-mrmr[0x40d9c4]
[c7325:05687] [ 2] ./../../ParallelMPI/fast-mrmr[0x40de3a]
[c7325:05687] [ 3] ./../../ParallelMPI/fast-mrmr[0x40a4f3]
[c7325:05687] [ 4] /opt/cesga/gcc/5.3.0/lib64/libgomp.so.1(+0xf02e)[0x7f8437f8002e]
[c7325:05687] [ 5] /lib64/libpthread.so.0(+0x7a51)[0x7f8437b45a51]
[c7325:05687] [ 6] [c7326:07054] *** Process received signal ***
[c7326:07054] Signal: Segmentation fault (11)
[c7326:07054] Signal code: Invalid permissions (2)
[c7326:07054] Failing at address: 0x7f1f1d6226dc
/lib64/libc.so.6(clone+0x6d)[0x7f843789293d]
[c7325:05687] *** End of error message ***
[c7307:20565] *** Process received signal ***
[c7306:30215] *** Process received signal ***
[c7307:20565] Signal: Segmentation fault (11)
[c7307:20565] Signal code: Invalid permissions (2)
[c7307:20565] Failing at address: 0x7f2cf5caa46c
[c7306:30217] *** Process received signal ***
[c7325:05688] *** Process received signal ***
[c7307:20567] *** Process received signal ***
[c7307:20567] Signal: Segmentation fault (11)
[c7307:20567] Signal code: Invalid permissions (2)
[c7307:20567] Failing at address: 0x7fd4fcb239f0
[c7306:30215] Signal: Segmentation fault (11)
[c7306:30215] Signal code: Address not mapped (1)
[c7306:30215] Failing at address: 0x7f30fb7097e4
[c7325:05688] Signal: Segmentation fault (11)
[c7325:05688] Signal code: Invalid permissions (2)
[c7325:05688] Failing at address: 0x7fdb21e22cac
[c7307:20566] *** Process received signal ***
[c7307:20566] Signal: Segmentation fault (11)
[c7307:20566] Signal code: Invalid permissions (2)
[c7307:20566] Failing at address: 0x7f26b1824348
[c7306:30220] *** Process received signal ***
[c7308:29716] *** Process received signal ***
[c7308:29716] Signal: Segmentation fault (11)
[c7308:29716] Signal code: Address not mapped (1)
[c7308:29716] Failing at address: 0x7fce6af0204c
[c7307:20569] *** Process received signal ***
[c7307:20569] Signal: Segmentation fault (11)
[c7307:20569] Signal code: Invalid permissions (2)
[c7307:20569] Failing at address: 0x7fb8cf024b2c
[c7306:30220] Signal: Segmentation fault (11)
[c7306:30220] Signal code: Invalid permissions (2)
[c7306:30220] Failing at address: 0x7f8230a229c4
[c7325:05692] *** Process received signal ***
[c7308:29721] *** Process received signal ***
[c7325:05683] *** Process received signal ***
[c7308:29721] Signal: Segmentation fault (11)
[c7308:29721] Signal code: Invalid permissions (2)
[c7308:29721] Failing at address: 0x7ff026923a6c
[c7326:07043] *** Process received signal ***
[c7325:05685] *** Process received signal ***
[c7325:05685] Signal: Segmentation fault (11)
[c7325:05685] Signal code: Invalid permissions (2)
[c7325:05685] Failing at address: 0x7f1aa1124b30
[c7308:29719] *** Process received signal ***
[c7325:05685] [ 0] /lib64/libpthread.so.0(+0xf790)[0x7f1b95000790]
[c7325:05685] [ 1] ./../../ParallelMPI/fast-mrmr[0x40d9c4]
[c7325:05685] [ 2] ./../../ParallelMPI/fast-mrmr[0x40de3a]
[c7325:05685] [ 3] ./../../ParallelMPI/fast-mrmr[0x40a4f3]
[c7325:05685] [ 4] /opt/cesga/gcc/5.3.0/lib64/libgomp.so.1(+0xf02e)[0x7f1b9543302e]
[c7325:05685] [ 5] /lib64/libpthread.so.0(+0x7a51)[0x7f1b94ff8a51]
[c7325:05685] [ 6] /lib64/libc.so.6(clone+0x6d)[0x7f1b94d4593d]
[c7325:05685] *** End of error message ***
[c7306:30219] *** Process received signal ***
[c7325:05690] *** Process received signal ***
[c7326:07042] *** Process received signal ***
[c7326:07042] Signal: Segmentation fault (11)
[c7326:07042] Signal code: Invalid permissions (2)
[c7326:07042] Failing at address: 0x7f3ec632185c
[c7326:07052] *** Process received signal ***
[c7326:07052] Signal: Segmentation fault (11)
[c7326:07052] Signal code: Invalid permissions (2)
[c7326:07052] Failing at address: 0x7f3165c74080
[c7307:20572] *** Process received signal ***
[c7305:14301] *** Process received signal ***
[c7305:14301] Signal: Segmentation fault (11)
[c7305:14301] Signal code: Invalid permissions (2)
[c7305:14301] Failing at address: 0x7f14a1d254dc
[c7305:14303] *** Process received signal ***
[c7326:07055] *** Process received signal ***
[c7326:07055] Signal: Segmentation fault (11)
[c7326:07055] Signal code: Invalid permissions (2)
[c7326:07055] Failing at address: 0x7fa0ea323f44
[c7329:06997] *** Process received signal ***
[c7328:30563] *** Process received signal ***
[c7328:30563] Signal: Segmentation fault (11)
[c7328:30563] Signal code: Invalid permissions (2)
[c7328:30563] Failing at address: 0x7fcc49f79bc4
[c7329:06999] *** Process received signal ***
[c7328:30564] *** Process received signal ***
[c7328:30564] Signal: Segmentation fault (11)
[c7328:30564] Signal code: Invalid permissions (2)
[c7328:30564] Failing at address: 0x7fe515a22048
[c7329:07004] *** Process received signal ***
[c7331:07766] *** Process received signal ***
[c7328:30560] *** Process received signal ***
[c7328:30560] Signal: Segmentation fault (11)
[c7328:30560] Signal code: Address not mapped (1)
[c7328:30560] Failing at address: 0x7f914aa049cc
[c7329:07004] Signal: Segmentation fault (11)
[c7329:07004] Signal code: Invalid permissions (2)
[c7329:07004] Failing at address: 0x7f4e1e9213dc
[c7328:30562] *** Process received signal ***
[c7328:30562] Signal: Segmentation fault (11)
[c7328:30562] Signal code: Invalid permissions (2)
[c7328:30562] Failing at address: 0x7f3900323500
[c7328:30565] *** Process received signal ***
[c7329:07007] *** Process received signal ***
[c7328:30565] Signal: Segmentation fault (11)
[c7328:30565] Signal code: Invalid permissions (2)
[c7328:30565] Failing at address: 0x7fe7ab8216cc
[c7333:06732] *** Process received signal ***
[c7333:06732] Signal: Segmentation fault (11)
[c7333:06732] Signal code: Invalid permissions (2)
[c7333:06732] Failing at address: 0x7f6a4b173b20
[c7333:06736] *** Process received signal ***
[c7333:06736] Signal: Segmentation fault (11)
[c7333:06736] Signal code: Invalid permissions (2)
[c7333:06736] Failing at address: 0x7f3a05a24de4
[c7333:06737] *** Process received signal ***
[c7333:06737] Signal: Segmentation fault (11)
[c7333:06737] Signal code: Invalid permissions (2)
[c7333:06737] Failing at address: 0x7f4809e26ae4
[c7334:05591] *** Process received signal ***
[c7334:05590] *** Process received signal ***
[c7334:05590] Signal: Segmentation fault (11)
[c7334:05590] Signal code: Invalid permissions (2)
[c7334:05590] Failing at address: 0x7f795ae22990
[c7334:05599] *** Process received signal ***
[c7334:05599] Signal: Segmentation fault (11)
[c7334:05599] Signal code: Invalid permissions (2)
[c7334:05599] Failing at address: 0x7f35f1b21724
[c7331:07758] *** Process received signal ***
[c7331:07758] Signal: Segmentation fault (11)
[c7331:07758] Signal code: Invalid permissions (2)
[c7331:07758] Failing at address: 0x7fb65ae248c8
[c7336:17055] *** Process received signal ***
[c7336:17055] Signal: Segmentation fault (11)
[c7336:17055] Signal code: Invalid permissions (2)
[c7336:17055] Failing at address: 0x7f58b012276c
[c7336:17056] *** Process received signal ***
[c7336:17056] Signal: Segmentation fault (11)
[c7336:17056] Signal code: Invalid permissions (2)
[c7336:17056] Failing at address: 0x7f539f921728
[c7336:17059] *** Process received signal ***
[c7336:17059] Signal: Segmentation fault (11)
[c7336:17059] Signal code: Invalid permissions (2)
[c7336:17059] Failing at address: 0x7f86de723f00
[c7336:17058] *** Process received signal ***
[c7336:17058] Signal: Segmentation fault (11)
[c7336:17058] Signal code: Invalid permissions (2)
[c7336:17058] Failing at address: 0x7fdda4e22930
[c7345:02711] *** Process received signal ***
[c7336:17059] [ 0] /lib64/libpthread.so.0(+0xf790)[0x7f87d2fe8790]
[c7336:17059] [ 1] ./../../ParallelMPI/fast-mrmr[0x40d9c4]
[c7336:17059] [ 2] ./../../ParallelMPI/fast-mrmr[0x40de3a]
[c7336:17059] [ 3] ./../../ParallelMPI/fast-mrmr[0x40a4f3]
[c7336:17059] [ 4] /opt/cesga/gcc/5.3.0/lib64/libgomp.so.1(+0xf02e)[0x7f87d341b02e]
[c7336:17059] [ 5] /lib64/libpthread.so.0(+0x7a51)[0x7f87d2fe0a51]
[c7336:17059] [ 6] /lib64/libc.so.6(clone+0x6d)[0x7f87d2d2d93d]
[c7336:17059] *** End of error message ***
[c7333:06737] [ 0] /lib64/libpthread.so.0(+0xf790)[0x7f48fd211790]
[c7333:06737] [ 1] ./../../ParallelMPI/fast-mrmr[0x40d9c4]
[c7333:06737] [ 2] ./../../ParallelMPI/fast-mrmr[0x40de3a]
[c7333:06737] [ 3] ./../../ParallelMPI/fast-mrmr[0x40a4f3]
[c7333:06737] [ 4] /opt/cesga/gcc/5.3.0/lib64/libgomp.so.1(+0xf02e)[0x7f48fd64402e]
[c7333:06737] [ 5] /lib64/libpthread.so.0(+0x7a51)[0x7f48fd209a51]
[c7333:06737] [ 6] /lib64/libc.so.6(clone+0x6d)[0x7f48fcf5693d]
[c7333:06737] *** End of error message ***
[c7333:06734] *** Process received signal ***
[c7333:06734] Signal: Segmentation fault (11)
[c7333:06734] Signal code: Invalid permissions (2)
[c7333:06734] Failing at address: 0x7f06d04235b4
[c7305:14520] *** Process received signal ***
[c7305:14520] Signal: Segmentation fault (11)
[c7305:14520] Signal code: Invalid permissions (2)
[c7305:14520] Failing at address: 0x7f669fe78fd4
[c7346:18078] *** Process received signal ***
[c7346:18078] Signal: Segmentation fault (11)
[c7346:18078] Signal code: Invalid permissions (2)
[c7346:18078] Failing at address: 0x7f87dbd2151c
[c7346:18083] *** Process received signal ***
[c7346:18083] Signal: Segmentation fault (11)
[c7346:18083] Signal code: Address not mapped (1)
[c7346:18083] Failing at address: 0x7f59d9008528
[c7346:18082] *** Process received signal ***
[c7346:18082] Signal: Segmentation fault (11)
[c7346:18082] Signal code: Invalid permissions (2)
[c7346:18082] Failing at address: 0x7fccc0a24ac8
[c7332:04525] *** Process received signal ***
[c7332:04525] Signal: Segmentation fault (11)
[c7332:04525] Signal code: Invalid permissions (2)
[c7332:04525] Failing at address: 0x7f557387e2cc
[c7332:04530] *** Process received signal ***
[c7332:04530] Signal: Segmentation fault (11)
[c7332:04530] Signal code: Invalid permissions (2)
[c7332:04530] Failing at address: 0x7fb6b1f23f7c
[c7332:04530] [ 0] /lib64/libpthread.so.0(+0xf790)[0x7fb6d8e85790]
[c7332:04530] [ 1] ./../../ParallelMPI/fast-mrmr[0x40d9c4]
[c7332:04530] [ 2] ./../../ParallelMPI/fast-mrmr[0x40de3a]
[c7332:04530] [ 3] ./../../ParallelMPI/fast-mrmr[0x40a4f3]
[c7332:04530] [ 4] /opt/cesga/gcc/5.3.0/lib64/libgomp.so.1(+0xf02e)[0x7fb6d92b802e]
[c7332:04530] [ 5] /lib64/libpthread.so.0(+0x7a51)[0x7fb6d8e7da51]
[c7332:04530] [ 6] /lib64/libc.so.6(clone+0x6d)[0x7fb6d8bca93d]
[c7332:04530] *** End of error message ***
[c7331:07762] *** Process received signal ***
[c7331:07762] Signal: Segmentation fault (11)
[c7331:07762] Signal code: Invalid permissions (2)
[c7331:07762] Failing at address: 0x7fd8f7a23a9c
[c7336:17063] *** Process received signal ***
[c7336:17063] Signal: Segmentation fault (11)
[c7336:17063] Signal code: Invalid permissions (2)
[c7336:17063] Failing at address: 0x7f98d5b236e4
[c7306:30563] *** Process received signal ***
[c7306:30567] *** Process received signal ***
[c7328:30558] *** Process received signal ***
[c7328:30558] Signal: Segmentation fault (11)
[c7328:30558] Signal code: Invalid permissions (2)
[c7328:30558] Failing at address: 0x7f4821ed4e60
[c7307:20925] *** Process received signal ***
[c7307:20925] Signal: Segmentation fault (11)
[c7307:20925] Signal code: Invalid permissions (2)
[c7307:20925] Failing at address: 0x7f71b3c23778
[c7328:30561] *** Process received signal ***
[c7328:30561] Signal: Segmentation fault (11)
[c7328:30561] Signal code: Invalid permissions (2)
[c7328:30561] Failing at address: 0x7f001152446c
[c7307:20931] *** Process received signal ***
[c7307:20931] Signal: Segmentation fault (11)
[c7307:20931] Signal code: Invalid permissions (2)
[c7307:20931] Failing at address: 0x7f3f05525430
[c7328:30567] *** Process received signal ***
[c7328:30567] Signal: Segmentation fault (11)
[c7328:30567] Signal code: Invalid permissions (2)
[c7328:30567] Failing at address: 0x7fb58ad24308
[c7333:06738] *** Process received signal ***
[c7346:18085] *** Process received signal ***
[c7305:14519] *** Process received signal ***
[c7305:14521] *** Process received signal ***
[c7305:14524] *** Process received signal ***
[c7307:20932] *** Process received signal ***
[c7330:09156] *** Process received signal ***
[c7330:09156] Signal: Segmentation fault (11)
[c7330:09156] Signal code: Invalid permissions (2)
[c7330:09156] Failing at address: 0x7fec11122bfc
[c7308:30061] *** Process received signal ***
[c7332:04532] *** Process received signal ***
[c7332:04532] Signal: Segmentation fault (11)
[c7332:04532] Signal code: Invalid permissions (2)
[c7332:04532] Failing at address: 0x7feca6523028
[c7328:30559] *** Process received signal ***
[c7346:18088] *** Process received signal ***
[c7305:14523] *** Process received signal ***
[c7305:14523] Signal: Segmentation fault (11)
[c7305:14523] Signal code: Invalid permissions (2)
[c7305:14523] Failing at address: 0x7f0f9ac22e4c
[c7325:06029] *** Process received signal ***
[c7330:09153] *** Process received signal ***
[c7308:30063] *** Process received signal ***
[c7328:30569] *** Process received signal ***
[c7328:30569] Signal: Segmentation fault (11)
[c7328:30569] Signal code: Invalid permissions (2)
[c7328:30569] Failing at address: 0x7f34235771c4
[c7331:07756] *** Process received signal ***
[c7346:18085] Signal: Segmentation fault (11)
[c7346:18085] Signal code: Invalid permissions (2)
[c7346:18085] Failing at address: 0x7f6999c228e4
[c7325:06033] *** Process received signal ***
[c7325:06033] Signal: Segmentation fault (11)
[c7325:06033] Signal code: Invalid permissions (2)
[c7325:06033] Failing at address: 0x7f13d8522e50
[c7330:09157] *** Process received signal ***
[c7308:30066] *** Process received signal ***
[c7308:30066] Signal: Segmentation fault (11)
[c7308:30066] Signal code: Invalid permissions (2)
[c7308:30066] Failing at address: 0x7f6800189234
[c7331:07761] *** Process received signal ***
[c7331:07761] Signal: Segmentation fault (11)
[c7331:07761] Signal code: Invalid permissions (2)
[c7331:07761] Failing at address: 0x7f73d3121d0c
[c7326:07389] *** Process received signal ***
[c7336:17060] *** Process received signal ***
[c7346:18088] Signal: Segmentation fault (11)
[c7346:18088] Signal code: Invalid permissions (2)
[c7346:18088] Failing at address: 0x7fc144b24194
[c7330:09151] *** Process received signal ***
[c7330:09151] Signal: Segmentation fault (11)
[c7330:09151] Signal code: Invalid permissions (2)
[c7330:09151] Failing at address: 0x7fc1a41241a0
[c7308:30056] *** Process received signal ***
[c7331:07763] *** Process received signal ***
[c7326:07392] *** Process received signal ***
[c7336:17054] *** Process received signal ***
[c7307:20930] *** Process received signal ***
[c7330:09154] *** Process received signal ***
[c7308:30058] *** Process received signal ***
[c7329:07000] *** Process received signal ***
[c7329:07000] Signal: Segmentation fault (11)
[c7329:07000] Signal code: Invalid permissions (2)
[c7329:07000] Failing at address: 0x7f41815214e8
[c7333:06741] *** Process received signal ***
[c7333:06741] Signal: Segmentation fault (11)
[c7333:06741] Signal code: Invalid permissions (2)
[c7333:06741] Failing at address: 0x7fd0f2322358
[c7331:07764] *** Process received signal ***
[c7346:18081] *** Process received signal ***
[c7346:18081] Signal: Segmentation fault (11)
[c7346:18081] Signal code: Invalid permissions (2)
[c7346:18081] Failing at address: 0x7f839d22193c
[c7325:06037] *** Process received signal ***
[c7307:20935] *** Process received signal ***
[c7330:09147] *** Process received signal ***
[c7330:09147] Signal: Segmentation fault (11)
[c7330:09147] Signal code: Invalid permissions (2)
[c7330:09147] Failing at address: 0x7fe55ae248a0
[c7308:30066] [ 0] [c7329:07001] *** Process received signal ***
[c7329:07001] Signal: Segmentation fault (11)
[c7329:07001] Signal code: Invalid permissions (2)
[c7329:07001] Failing at address: 0x7f42c1e253ec
[c7333:06741] [ 0] /lib64/libpthread.so.0(+0xf790)[0x7fd1e6d07790]
[c7333:06741] [ 1] [c7345:02710] *** Process received signal ***
[c7331:07765] *** Process received signal ***
[c7331:07765] Signal: Segmentation fault (11)
[c7331:07765] Signal code: Invalid permissions (2)
[c7331:07765] Failing at address: 0x7fef55222e98
[c7336:17051] *** Process received signal ***
[c7346:18079] *** Process received signal ***
[c7334:05586] *** Process received signal ***
[c7331:07765] [ 0] /lib64/libpthread.so.0(+0xf790)[0x7ff048ae5790]
[c7331:07765] [ 1] [c7326:07397] *** Process received signal ***
[c7336:17062] *** Process received signal ***
[c7334:05588] *** Process received signal ***
[c7334:05588] Signal: Segmentation fault (11)
[c7334:05588] Signal code: Invalid permissions (2)
[c7334:05588] Failing at address: 0x7fdb7d523838
[c7325:06037] Signal: Segmentation fault (11)
[c7325:06037] Signal code: Invalid permissions (2)
[c7325:06037] Failing at address: 0x7faf82b21b44
[c7330:09151] [ 0] /lib64/libpthread.so.0(+0xf790)[0x7fc297bf7790]
[c7330:09151] [ 1] ./../../ParallelMPI/fast-mrmr[0x40d9c4]
[c7330:09151] [ 2] ./../../ParallelMPI/fast-mrmr[0x40de3a]
[c7330:09151] [ 3] ./../../ParallelMPI/fast-mrmr[0x40a4f3]
[c7330:09151] [ 4] /opt/cesga/gcc/5.3.0/lib64/libgomp.so.1(+0xf02e)[0x7fc29802a02e]
[c7330:09151] [ 5] /lib64/libpthread.so.0(+0x7a51)[0x7fc297befa51]
[c7330:09151] [ 6] /lib64/libc.so.6(clone+0x6d)[0x7fc29793c93d]
[c7330:09151] *** End of error message ***
/lib64/libpthread.so.0(+0xf790)[0x7f6813044790]
[c7308:30066] [ 1] ./../../ParallelMPI/fast-mrmr[0x40d9c4]
[c7308:30066] [ 2] ./../../ParallelMPI/fast-mrmr[0x40de3a]
[c7308:30066] [ 3] ./../../ParallelMPI/fast-mrmr[0x40a4f3]
[c7308:30066] [ 4] [c7328:30557] *** Process received signal ***
[c7328:30557] Signal: Segmentation fault (11)
[c7328:30557] Signal code: Invalid permissions (2)
[c7328:30557] Failing at address: 0x7fc15e173830
[c7329:07005] *** Process received signal ***
[c7329:07005] Signal: Segmentation fault (11)
[c7329:07005] Signal code: Invalid permissions (2)
[c7329:07005] Failing at address: 0x7fc66a525ab0
[c7329:07005] [ 0] /lib64/libpthread.so.0(+0xf790)[0x7fc75e239790]
[c7329:07005] [ 1] ./../../ParallelMPI/fast-mrmr[0x40d9c4]
[c7329:07005] [ 2] ./../../ParallelMPI/fast-mrmr[0x40de3a]
[c7329:07005] [ 3] ./../../ParallelMPI/fast-mrmr[0x40a4f3]
[c7329:07005] [ 4] /opt/cesga/gcc/5.3.0/lib64/libgomp.so.1(+0xf02e)[0x7fc75e66c02e]
[c7329:07005] [ 5] /lib64/libpthread.so.0(+0x7a51)[0x7fc75e231a51]
[c7329:07005] [ 6] /lib64/libc.so.6(clone+0x6d)[0x7fc75df7e93d]
[c7329:07005] *** End of error message ***
./../../ParallelMPI/fast-mrmr[0x40d9c4]
[c7333:06741] [ 2] ./../../ParallelMPI/fast-mrmr[0x40de3a]
[c7333:06741] [ 3] ./../../ParallelMPI/fast-mrmr[0x40a4f3]
[c7333:06741] [ 4] /opt/cesga/gcc/5.3.0/lib64/libgomp.so.1(+0xf02e)[0x7fd1e713a02e]
[c7333:06741] [ 5] [c7345:02710] Signal: Segmentation fault (11)
[c7345:02710] Signal code: Invalid permissions (2)
[c7345:02710] Failing at address: 0x7f59a7b24638
[c7305:14522] *** Process received signal ***
[c7305:14522] Signal: Segmentation fault (11)
[c7305:14522] Signal code: Invalid permissions (2)
[c7305:14522] Failing at address: 0x7f043197b048
[c7305:14527] *** Process received signal ***
[c7307:20929] *** Process received signal ***
[c7307:20929] Signal: Segmentation fault (11)
[c7307:20929] Signal code: Invalid permissions (2)
[c7307:20929] Failing at address: 0x7fc86ca25498
[c7330:09146] *** Process received signal ***
[c7330:09146] Signal: Segmentation fault (11)
[c7330:09146] Signal code: Invalid permissions (2)
[c7330:09146] Failing at address: 0x7f03a9821fb0
/opt/cesga/gcc/5.3.0/lib64/libgomp.so.1(+0xf02e)[0x7f681347702e]
[c7308:30066] [ 5] /lib64/libpthread.so.0(+0x7a51)[0x7f681303ca51]
[c7308:30066] [ 6] [c7332:04521] *** Process received signal ***
[c7329:07006] *** Process received signal ***
[c7329:07006] Signal: Segmentation fault (11)
[c7329:07006] Signal code: Invalid permissions (2)
[c7329:07006] Failing at address: 0x7fd243623368
/lib64/libpthread.so.0(+0x7a51)[0x7fd1e6cffa51]
[c7333:06741] [ 6] [c7345:02705] *** Process received signal ***
./../../ParallelMPI/fast-mrmr[0x40d9c4]
[c7331:07765] [ 2] ./../../ParallelMPI/fast-mrmr[0x40de3a]
[c7331:07765] [ 3] ./../../ParallelMPI/fast-mrmr[0x40a4f3]
[c7331:07765] [ 4] /opt/cesga/gcc/5.3.0/lib64/libgomp.so.1(+0xf02e)[0x7ff048f1802e]
[c7336:17053] *** Process received signal ***
[c7346:18077] *** Process received signal ***
[c7346:18077] Signal: Segmentation fault (11)
[c7346:18077] Signal code: Invalid permissions (2)
[c7346:18077] Failing at address: 0x7ff17b423ec0
[c7334:05592] *** Process received signal ***
[c7334:05592] Signal: Segmentation fault (11)
[c7334:05592] Signal code: Invalid permissions (2)
[c7334:05592] Failing at address: 0x7f2e83e23994
[c7325:06041] *** Process received signal ***
[c7325:06041] Signal: Segmentation fault (11)
[c7325:06041] Signal code: Invalid permissions (2)
[c7325:06041] Failing at address: 0x7f86e0ef81f8
[c7307:20934] *** Process received signal ***
[c7330:09149] *** Process received signal ***
[c7330:09149] Signal: Segmentation fault (11)
[c7330:09149] Signal code: Invalid permissions (2)
[c7330:09149] Failing at address: 0x7f217162193c
/lib64/libc.so.6(clone+0x6d)[0x7f6812d8993d]
[c7308:30066] *** End of error message ***
[c7332:04522] *** Process received signal ***
[c7332:04522] Signal: Segmentation fault (11)
[c7332:04522] Signal code: Invalid permissions (2)
[c7332:04522] Failing at address: 0x7fa0a19210fc
[c7329:07008] *** Process received signal ***
/lib64/libc.so.6(clone+0x6d)[0x7fd1e6a4c93d]
[c7333:06741] *** End of error message ***
[c7345:02708] *** Process received signal ***
[c7331:07765] [ 5] /lib64/libpthread.so.0(+0x7a51)[0x7ff048adda51]
[c7331:07765] [ 6] [c7336:17052] *** Process received signal ***
[c7346:18081] [ 0] /lib64/libpthread.so.0(+0xf790)[0x7f849217b790]
[c7346:18081] [ 1] ./../../ParallelMPI/fast-mrmr[0x40d9c4]
[c7346:18081] [ 2] ./../../ParallelMPI/fast-mrmr[0x40de3a]
[c7346:18081] [ 3] ./../../ParallelMPI/fast-mrmr[0x40a4f3]
[c7346:18081] [ 4] /opt/cesga/gcc/5.3.0/lib64/libgomp.so.1(+0xf02e)[0x7f84925ae02e]
[c7346:18081] [ 5] /lib64/libpthread.so.0(+0x7a51)[0x7f8492173a51]
[c7346:18081] [ 6] /lib64/libc.so.6(clone+0x6d)[0x7f8491ec093d]
[c7346:18081] *** End of error message ***
[c7334:05597] *** Process received signal ***
[c7334:05597] Signal: Segmentation fault (11)
[c7334:05597] Signal code: Invalid permissions (2)
[c7334:05597] Failing at address: 0x7fa5546231ec
[c7305:14528] *** Process received signal ***
[c7305:14528] Signal: Segmentation fault (11)
[c7305:14528] Signal code: Invalid permissions (2)
[c7305:14528] Failing at address: 0x7f8c8402574c
[c7307:20926] *** Process received signal ***
[c7330:09147] [ 0] /lib64/libpthread.so.0(+0xf790)[0x7fe64ea41790]
[c7330:09147] [ 1] ./../../ParallelMPI/fast-mrmr[0x40d9c4]
[c7330:09147] [ 2] ./../../ParallelMPI/fast-mrmr[0x40de3a]
[c7330:09147] [ 3] ./../../ParallelMPI/fast-mrmr[0x40a4f3]
[c7330:09147] [ 4] /opt/cesga/gcc/5.3.0/lib64/libgomp.so.1(+0xf02e)[0x7fe64ee7402e]
[c7330:09147] [ 5] /lib64/libpthread.so.0(+0x7a51)[0x7fe64ea39a51]
[c7330:09147] [ 6] /lib64/libc.so.6(clone+0x6d)[0x7fe64e78693d]
[c7330:09147] *** End of error message ***
[c7308:30065] *** Process received signal ***
[c7332:04523] *** Process received signal ***
[c7332:04523] Signal: Segmentation fault (11)
[c7332:04523] Signal code: Invalid permissions (2)
[c7332:04523] Failing at address: 0x7fa3699246a8
[c7329:07002] *** Process received signal ***
[c7329:07002] Signal: Segmentation fault (11)
[c7329:07002] Signal code: Invalid permissions (2)
[c7329:07002] Failing at address: 0x7f1acd122bb0
[c7333:06735] *** Process received signal ***
[c7306:30568] *** Process received signal ***
[c7345:02708] Signal: Segmentation fault (11)
[c7345:02708] Signal code: Invalid permissions (2)
[c7345:02708] Failing at address: 0x7f93ff124338
/lib64/libc.so.6(clone+0x6d)[0x7ff04882a93d]
[c7331:07765] *** End of error message ***
[c7326:07400] *** Process received signal ***
[c7336:17057] *** Process received signal ***
[c7346:18080] *** Process received signal ***
[c7334:05587] *** Process received signal ***
[c7334:05587] Signal: Segmentation fault (11)
[c7334:05587] Signal code: Invalid permissions (2)
[c7334:05587] Failing at address: 0x7f6f87a25458
[c7307:20933] *** Process received signal ***
[c7330:09155] *** Process received signal ***
[c7330:09155] Signal: Segmentation fault (11)
[c7330:09155] Signal code: Invalid permissions (2)
[c7330:09155] Failing at address: 0x7f09b7772db0
[c7308:30065] Signal: Segmentation fault (11)
[c7308:30065] Signal code: Invalid permissions (2)
[c7308:30065] Failing at address: 0x7fcb50876cfc
[c7332:04524] *** Process received signal ***
[c7329:07002] [ 0] /lib64/libpthread.so.0(+0xf790)[0x7f1af40a3790]
[c7329:07002] [c7333:06735] Signal: Segmentation fault (11)
[c7333:06735] Signal code: Invalid permissions (2)
[c7333:06735] Failing at address: 0x7f48853210f4
[c7306:30570] *** Process received signal ***
[c7345:02712] *** Process received signal ***
[c7345:02712] Signal: Segmentation fault (11)
[c7345:02712] Signal code: Invalid permissions (2)
[c7345:02712] Failing at address: 0x7f4154323350
[c7331:07760] *** Process received signal ***
[c7326:07398] *** Process received signal ***
[c7346:18086] *** Process received signal ***
[c7334:05592] [ 0] /lib64/libpthread.so.0(+0xf790)[0x7f2f78382790]
[c7334:05592] [ 1] ./../../ParallelMPI/fast-mrmr[0x40d9c4]
[c7334:05592] [ 2] ./../../ParallelMPI/fast-mrmr[0x40de3a]
[c7334:05592] [ 3] ./../../ParallelMPI/fast-mrmr[0x40a4f3]
[c7334:05592] [ 4] [c7307:20936] *** Process received signal ***
[c7330:09152] *** Process received signal ***
[c7330:09152] Signal: Segmentation fault (11)
[c7330:09152] Signal code: Invalid permissions (2)
[c7330:09152] Failing at address: 0x7faa33924af4
[c7308:30062] *** Process received signal ***
[c7308:30062] Signal: Segmentation fault (11)
[c7308:30062] Signal code: Invalid permissions (2)
[c7308:30062] Failing at address: 0x7f6eb4923824
[c7332:04527] *** Process received signal ***
[ 1] ./../../ParallelMPI/fast-mrmr[0x40d9c4]
[c7329:07002] [ 2] ./../../ParallelMPI/fast-mrmr[0x40de3a]
[c7329:07002] [ 3] ./../../ParallelMPI/fast-mrmr[0x40a4f3]
[c7329:07002] [ 4] /opt/cesga/gcc/5.3.0/lib64/libgomp.so.1(+0xf02e)[0x7f1af44d602e]
[c7329:07002] [ 5] /lib64/libpthread.so.0(+0x7a51)[0x7f1af409ba51]
[c7329:07002] [ 6] [c7333:06739] *** Process received signal ***
[c7306:30561] *** Process received signal ***
[c7345:02712] [ 0] [c7331:07767] *** Process received signal ***
[c7331:07767] Signal: Segmentation fault (11)
[c7331:07767] Signal code: Invalid permissions (2)
[c7331:07767] Failing at address: 0x7f25b0e243b8
[c7326:07399] *** Process received signal ***
[c7346:18087] *** Process received signal ***
/opt/cesga/gcc/5.3.0/lib64/libgomp.so.1(+0xf02e)[0x7f2f787b502e]
[c7334:05592] [ 5] /lib64/libpthread.so.0(+0x7a51)[0x7f2f7837aa51]
[c7334:05592] [ 6] [c7307:20936] Signal: Segmentation fault (11)
[c7307:20936] Signal code: Invalid permissions (2)
[c7307:20936] Failing at address: 0x7f3930c24ad4
[c7330:09148] *** Process received signal ***
[c7308:30064] *** Process received signal ***
[c7332:04528] *** Process received signal ***
/lib64/libc.so.6(clone+0x6d)[0x7f1af3de893d]
[c7329:07002] *** End of error message ***
[c7333:06739] Signal: Segmentation fault (11)
[c7333:06739] Signal code: Invalid permissions (2)
[c7333:06739] Failing at address: 0x7fe78d6232b4
/lib64/libpthread.so.0(+0xf790)[0x7f4249044790]
[c7345:02712] [ 1] ./../../ParallelMPI/fast-mrmr[0x40d9c4]
[c7345:02712] [ 2] ./../../ParallelMPI/fast-mrmr[0x40de3a]
[c7345:02712] [ 3] ./../../ParallelMPI/fast-mrmr[0x40a4f3]
[c7345:02712] [ 4] [c7331:07757] *** Process received signal ***
[c7346:18087] Signal: Segmentation fault (11)
[c7346:18087] Signal code: Invalid permissions (2)
[c7346:18087] Failing at address: 0x7f57b13230c8
/lib64/libc.so.6(clone+0x6d)[0x7f2f780c793d]
[c7334:05592] *** End of error message ***
[c7308:30067] *** Process received signal ***
[c7332:04529] *** Process received signal ***
[c7332:04529] Signal: Segmentation fault (11)
[c7332:04529] Signal code: Invalid permissions (2)
[c7332:04529] Failing at address: 0x7f38991232e8
[c7329:06998] *** Process received signal ***
[c7333:06733] *** Process received signal ***
/opt/cesga/gcc/5.3.0/lib64/libgomp.so.1(+0xf02e)[0x7f424947702e]
[c7345:02712] [ 5] /lib64/libpthread.so.0(+0x7a51)[0x7f424903ca51]
[c7345:02712] [ 6] [c7326:07396] *** Process received signal ***
[c7334:05593] *** Process received signal ***
[c7308:30067] Signal: Segmentation fault (11)
[c7308:30067] Signal code: Invalid permissions (2)
[c7308:30067] Failing at address: 0x7fd7f5678344
[c7328:30556] *** Process received signal ***
[c7329:07003] *** Process received signal ***
/lib64/libc.so.6(clone+0x6d)[0x7f4248d8993d]
[c7345:02712] *** End of error message ***
[c7326:07396] Signal: Segmentation fault (11)
[c7326:07396] Signal code: Invalid permissions (2)
[c7326:07396] Failing at address: 0x7f8c0f523cdc
[c7334:05594] *** Process received signal ***
[c7308:30057] *** Process received signal ***
[c7329:07003] Signal: Segmentation fault (11)
[c7329:07003] Signal code: Invalid permissions (2)
[c7329:07003] Failing at address: 0x7fcc6ca22904
[c7345:02706] *** Process received signal ***
[c7308:30060] *** Process received signal ***
[c7345:02706] Signal: Segmentation fault (11)
[c7345:02706] Signal code: Invalid permissions (2)
[c7345:02706] Failing at address: 0x7f7bd9424418
[c7308:30059] *** Process received signal ***
[c7345:02716] *** Process received signal ***
[c7345:02716] Signal: Segmentation fault (11)
[c7345:02716] Signal code: Invalid permissions (2)
[c7345:02716] Failing at address: 0x7facc0327a68
[c7345:02709] *** Process received signal ***
[c7306:30566] *** Process received signal ***
[c7306:30566] Signal: Segmentation fault (11)
[c7306:30566] Signal code: Address not mapped (1)
[c7306:30566] Failing at address: 0x1b28698
[c7306:30566] [ 0] /lib64/libpthread.so.0(+0xf790)[0x7f04474e2790]
[c7306:30566] [ 1] ./../../ParallelMPI/fast-mrmr[0x40d9c4]
[c7306:30566] [ 2] ./../../ParallelMPI/fast-mrmr[0x40de3a]
[c7306:30566] [ 3] ./../../ParallelMPI/fast-mrmr[0x40a4f3]
[c7306:30566] [ 4] /opt/cesga/gcc/5.3.0/lib64/libgomp.so.1(+0xf02e)[0x7f044791502e]
[c7306:30566] [ 5] /lib64/libpthread.so.0(+0x7a51)[0x7f04474daa51]
[c7306:30566] [ 6] /lib64/libc.so.6(clone+0x6d)[0x7f044722793d]
[c7306:30566] *** End of error message ***
[c7345:02714] *** Process received signal ***
[c7306:30572] *** Process received signal ***
[c7345:02707] *** Process received signal ***
[c7306:30564] *** Process received signal ***
[c7306:30564] Signal: Segmentation fault (11)
[c7306:30564] Signal code: Invalid permissions (2)
[c7306:30564] Failing at address: 0x7f708ff241bc
[c7345:02707] Signal: Segmentation fault (11)
[c7345:02707] Signal code: Invalid permissions (2)
[c7345:02707] Failing at address: 0x7f5fafc8b004
[c7345:02713] *** Process received signal ***
[c7345:02713] Signal: Segmentation fault (11)
[c7345:02713] Signal code: Invalid permissions (2)
[c7345:02713] Failing at address: 0x7f54b5125e14
[c7326:07391] *** Process received signal ***
[c7326:07391] Signal: Segmentation fault (11)
[c7326:07391] Signal code: Invalid permissions (2)
[c7326:07391] Failing at address: 0x7fa5e13c9c64
[c7326:07393] *** Process received signal ***
[c7326:07393] Signal: Segmentation fault (11)
[c7326:07393] Signal code: Invalid permissions (2)
[c7326:07393] Failing at address: 0x7f7c15324688
[c7305:14526] *** Process received signal ***
[c7306:30571] *** Process received signal ***
[c7306:30571] Signal: Segmentation fault (11)
[c7306:30571] Signal code: Invalid permissions (2)
[c7306:30571] Failing at address: 0x7fd7ff822918
[c7305:14518] *** Process received signal ***
[c7305:14518] Signal: Segmentation fault (11)
[c7305:14518] Signal code: Invalid permissions (2)
[c7305:14518] Failing at address: 0x7fcfd7021fec
[c7325:06039] *** Process received signal ***
[c7325:06039] Signal: Segmentation fault (11)
[c7325:06039] Signal code: Invalid permissions (2)
[c7325:06039] Failing at address: 0x7fa20a121cac
[c7334:05595] *** Process received signal ***
[c7334:05595] Signal: Segmentation fault (11)
[c7334:05595] Signal code: Invalid permissions (2)
[c7334:05595] Failing at address: 0x7f7e812232f4
[c7307:20927] *** Process received signal ***
[c7345:02715] *** Process received signal ***
[c7329:07360] *** Process received signal ***
[c7332:04966] *** Process received signal ***
[c7329:07371] *** Process received signal ***
[c7332:04968] *** Process received signal ***
[c7332:04968] Signal: Segmentation fault (11)
[c7332:04968] Signal code: Invalid permissions (2)
[c7332:04968] Failing at address: 0x7fb917a72470
[c7329:07365] *** Process received signal ***
[c7329:07365] Signal: Segmentation fault (11)
[c7329:07365] Signal code: Invalid permissions (2)
[c7329:07365] Failing at address: 0x7ff056923cec
[c7332:04973] *** Process received signal ***
[c7329:07363] *** Process received signal ***
[c7329:07363] Signal: Segmentation fault (11)
[c7329:07363] Signal code: Invalid permissions (2)
[c7329:07363] Failing at address: 0x7f2e8152334c
[c7332:04970] *** Process received signal ***
[c7332:04970] Signal: Segmentation fault (11)
[c7332:04970] Signal code: Invalid permissions (2)
[c7332:04970] Failing at address: 0x7f56c7724454
[c7330:09509] *** Process received signal ***
[c7329:07363] [ 0] /lib64/libpthread.so.0(+0xf790)[0x7f2f749dc790]
[c7329:07363] [ 1] ./../../ParallelMPI/fast-mrmr[0x40d9c4]
[c7332:04971] *** Process received signal ***
[c7332:04971] Signal: Segmentation fault (11)
[c7332:04971] Signal code: Invalid permissions (2)
[c7332:04971] Failing at address: 0x7f2810f25aa4
[c7330:09509] Signal: Segmentation fault (11)
[c7330:09509] Signal code: Invalid permissions (2)
[c7330:09509] Failing at address: 0x7fcd10f24cac
[c7328:30925] *** Process received signal ***
[c7334:05952] *** Process received signal ***
[c7334:05952] Signal: Segmentation fault (11)
[c7334:05952] Signal code: Invalid permissions (2)
[c7334:05952] Failing at address: 0x7f9b59323a88
[c7334:05952] [ 0] /lib64/libpthread.so.0(+0xf790)[0x7f9c4e5e0790]
[c7334:05952] [ 1] ./../../ParallelMPI/fast-mrmr[0x40d9c4]
[c7334:05952] [ 2] ./../../ParallelMPI/fast-mrmr[0x40de3a]
[c7334:05952] [ 3] ./../../ParallelMPI/fast-mrmr[0x40a4f3]
[c7334:05952] [ 4] /opt/cesga/gcc/5.3.0/lib64/libgomp.so.1(+0xf02e)[0x7f9c4ea1302e]
[c7334:05952] [ 5] /lib64/libpthread.so.0(+0x7a51)[0x7f9c4e5d8a51]
[c7334:05952] [ 6] /lib64/libc.so.6(clone+0x6d)[0x7f9c4e32593d]
[c7334:05952] *** End of error message ***
[c7329:07363] [ 2] ./../../ParallelMPI/fast-mrmr[0x40de3a]
[c7329:07363] [ 3] ./../../ParallelMPI/fast-mrmr[0x40a4f3]
[c7329:07363] [ 4] /opt/cesga/gcc/5.3.0/lib64/libgomp.so.1(+0xf02e)[0x7f2f74e0f02e]
[c7329:07363] [ 5] [c7332:04967] *** Process received signal ***
[c7328:30925] Signal: Segmentation fault (11)
[c7328:30925] Signal code: Invalid permissions (2)
[c7328:30925] Failing at address: 0x7fcdd8123500
[c7334:05957] *** Process received signal ***
[c7334:05957] Signal: Segmentation fault (11)
[c7334:05957] Signal code: Invalid permissions (2)
[c7334:05957] Failing at address: 0x7f899c6227e8
/lib64/libpthread.so.0(+0x7a51)[0x7f2f749d4a51]
[c7329:07363] [ 6] [c7332:04970] [ 0] /lib64/libpthread.so.0(+0xf790)[0x7f57bbd31790]
[c7332:04970] [ 1] ./../../ParallelMPI/fast-mrmr[0x40d9c4]
[c7332:04970] [ 2] ./../../ParallelMPI/fast-mrmr[0x40de3a]
[c7332:04970] [ 3] ./../../ParallelMPI/fast-mrmr[0x40a4f3]
[c7332:04970] [ 4] [c7330:09513] *** Process received signal ***
[c7330:09519] *** Process received signal ***
[c7328:30922] *** Process received signal ***
[c7328:30922] Signal: Segmentation fault (11)
[c7328:30922] Signal code: Invalid permissions (2)
[c7328:30922] Failing at address: 0x7f22d05d298c
[c7331:08130] *** Process received signal ***
[c7331:08130] Signal: Segmentation fault (11)
[c7331:08130] Signal code: Invalid permissions (2)
[c7331:08130] Failing at address: 0x7fb5c2f2206c
/lib64/libc.so.6(clone+0x6d)[0x7f2f7472193d]
[c7329:07363] *** End of error message ***
/opt/cesga/gcc/5.3.0/lib64/libgomp.so.1(+0xf02e)[0x7f57bc16402e]
[c7332:04970] [ 5] /lib64/libpthread.so.0(+0x7a51)[0x7f57bbd29a51]
[c7332:04970] [ 6] [c7329:07361] *** Process received signal ***
[c7329:07361] Signal: Segmentation fault (11)
[c7329:07361] Signal code: Invalid permissions (2)
[c7329:07361] Failing at address: 0x7fbf2d42548c
/lib64/libc.so.6(clone+0x6d)[0x7f57bba7693d]
[c7332:04970] *** End of error message ***
[c7330:09519] Signal: Segmentation fault (11)
[c7330:09519] Signal code: Invalid permissions (2)
[c7330:09519] Failing at address: 0x7ff962f221f0
[c7328:30924] *** Process received signal ***
[c7331:08121] *** Process received signal ***
[c7331:08121] Signal: Segmentation fault (11)
[c7331:08121] Signal code: Invalid permissions (2)
[c7331:08121] Failing at address: 0x7f166e12430c
[c7328:30921] *** Process received signal ***
[c7331:08122] *** Process received signal ***
[c7329:07366] *** Process received signal ***
[c7331:08123] *** Process received signal ***
[c7329:07366] Signal: Segmentation fault (11)
[c7329:07366] Signal code: Invalid permissions (2)
[c7329:07366] Failing at address: 0x7fadb4c24140
[c7332:04969] *** Process received signal ***
[c7331:08124] *** Process received signal ***
[c7331:08124] Signal: Segmentation fault (11)
[c7331:08124] Signal code: Address not mapped (1)
[c7331:08124] Failing at address: 0x244cd44
[c7329:07366] [c7331:08125] *** Process received signal ***
[c7331:08125] Signal: Segmentation fault (11)
[c7331:08125] Signal code: Invalid permissions (2)
[c7331:08125] Failing at address: 0x7fb29c22381c
[ 0] [c7332:04972] *** Process received signal ***
[c7331:08126] *** Process received signal ***
[c7329:07369] *** Process received signal ***
[c7329:07369] Signal: Segmentation fault (11)
[c7329:07369] Signal code: Invalid permissions (2)
[c7329:07369] Failing at address: 0x7fa535e23588
[c7331:08129] *** Process received signal ***
[c7329:07364] *** Process received signal ***
[c7331:08119] *** Process received signal ***
[c7329:07367] *** Process received signal ***
[c7330:09515] *** Process received signal ***
[c7331:08127] *** Process received signal ***
/lib64/libpthread.so.0(+0xf790)[0x7faea7ebc790]
[c7329:07366] [ 1] ./../../ParallelMPI/fast-mrmr[0x40d9c4]
[c7329:07366] [ 2] ./../../ParallelMPI/fast-mrmr[0x40de3a]
[c7329:07366] [ 3] ./../../ParallelMPI/fast-mrmr[0x40a4f3]
[c7329:07366] [ 4] /opt/cesga/gcc/5.3.0/lib64/libgomp.so.1(+0xf02e)[0x7faea82ef02e]
[c7329:07366] [ 5] /lib64/libpthread.so.0(+0x7a51)[0x7faea7eb4a51]
[c7329:07366] [ 6] [c7330:09512] *** Process received signal ***
[c7334:05959] *** Process received signal ***
/lib64/libc.so.6(clone+0x6d)[0x7faea7c0193d]
[c7329:07366] *** End of error message ***
[c7332:04962] *** Process received signal ***
[c7332:04962] Signal: Segmentation fault (11)
[c7332:04962] Signal code: Invalid permissions (2)
[c7332:04962] Failing at address: 0x7f0a0f2251c0
[c7331:08128] *** Process received signal ***
[c7332:04963] *** Process received signal ***
[c7332:04963] Signal: Segmentation fault (11)
[c7332:04963] Signal code: Invalid permissions (2)
[c7332:04963] Failing at address: 0x7f6f32f2130c
[c7332:04964] *** Process received signal ***
[c7332:04964] Signal: Segmentation fault (11)
[c7332:04964] Signal code: Address not mapped (1)
[c7332:04964] Failing at address: 0x28ee4c0
[c7328:30923] *** Process received signal ***
[c7332:04962] [ 0] /lib64/libpthread.so.0(+0xf790)[0x7f0b038bc790]
[c7332:04962] [ 1] ./../../ParallelMPI/fast-mrmr[0x40d9c4]
[c7332:04962] [ 2] ./../../ParallelMPI/fast-mrmr[0x40de3a]
[c7332:04962] [ 3] ./../../ParallelMPI/fast-mrmr[0x40a4f3]
[c7332:04962] [ 4] /opt/cesga/gcc/5.3.0/lib64/libgomp.so.1(+0xf02e)[0x7f0b03cef02e]
[c7330:09516] *** Process received signal ***
[c7328:30928] *** Process received signal ***
[c7328:30928] Signal: Segmentation fault (11)
[c7328:30928] Signal code: Invalid permissions (2)
[c7328:30928] Failing at address: 0x7fb9468243fc
[c7329:07368] *** Process received signal ***
[c7332:04963] [ 0] /lib64/libpthread.so.0(+0xf790)[0x7f702641c790]
[c7332:04963] [ 1] ./../../ParallelMPI/fast-mrmr[0x40d9c4]
[c7332:04963] [ 2] ./../../ParallelMPI/fast-mrmr[0x40de3a]
[c7332:04963] [ 3] ./../../ParallelMPI/fast-mrmr[0x40a4f3]
[c7332:04963] [ 4] /opt/cesga/gcc/5.3.0/lib64/libgomp.so.1(+0xf02e)[0x7f702684f02e]
[c7330:09518] *** Process received signal ***
[c7328:30930] *** Process received signal ***
[c7334:05954] *** Process received signal ***
[c7329:07370] *** Process received signal ***
[c7329:07370] Signal: Segmentation fault (11)
[c7329:07370] Signal code: Invalid permissions (2)
[c7329:07370] Failing at address: 0x7fd9cb82112c
[c7332:04962] [ 5] /lib64/libpthread.so.0(+0x7a51)[0x7f0b038b4a51]
[c7332:04962] [ 6] [c7330:09516] Signal: Segmentation fault (11)
[c7330:09516] Signal code: Invalid permissions (2)
[c7330:09516] Failing at address: 0x7f1efba210b4
[c7334:05956] *** Process received signal ***
[c7329:07368] Signal: Segmentation fault (11)
[c7329:07368] Signal code: Invalid permissions (2)
[c7329:07368] Failing at address: 0x7f94fac21030
/lib64/libc.so.6(clone+0x6d)[0x7f0b0360193d]
[c7332:04962] *** End of error message ***
[c7330:09510] *** Process received signal ***
[c7334:05954] Signal: Segmentation fault (11)
[c7334:05954] Signal code: Invalid permissions (2)
[c7334:05954] Failing at address: 0x7f2f37a72a48
[c7329:07370] [ 0] /lib64/libpthread.so.0(+0xf790)[0x7fdabe81b790]
[c7329:07370] [ 1] ./../../ParallelMPI/fast-mrmr[0x40d9c4]
[c7329:07370] [c7332:04963] [ 5] /lib64/libpthread.so.0(+0x7a51)[0x7f7026414a51]
[c7332:04963] [ 6] /lib64/libc.so.6(clone+0x6d)[0x7f702616193d]
[c7332:04963] *** End of error message ***
[c7334:05956] Signal: Segmentation fault (11)
[c7334:05956] Signal code: Invalid permissions (2)
[c7334:05956] Failing at address: 0x7f1dbf524398
[ 2] ./../../ParallelMPI/fast-mrmr[0x40de3a]
[c7329:07370] [ 3] ./../../ParallelMPI/fast-mrmr[0x40a4f3]
[c7329:07370] [ 4] /opt/cesga/gcc/5.3.0/lib64/libgomp.so.1(+0xf02e)[0x7fdabec4e02e]
[c7329:07370] [ 5] /lib64/libpthread.so.0(+0x7a51)[0x7fdabe813a51]
[c7329:07370] [ 6] [c7334:05956] [ 0] /lib64/libpthread.so.0(+0xf790)[0x7f1eb4560790]
[c7334:05956] [ 1] /lib64/libc.so.6(clone+0x6d)[0x7fdabe56093d]
[c7329:07370] *** End of error message ***
./../../ParallelMPI/fast-mrmr[0x40d9c4]
[c7334:05956] [ 2] ./../../ParallelMPI/fast-mrmr[0x40de3a]
[c7334:05956] [ 3] ./../../ParallelMPI/fast-mrmr[0x40a4f3]
[c7334:05956] [ 4] /opt/cesga/gcc/5.3.0/lib64/libgomp.so.1(+0xf02e)[0x7f1eb499302e]
[c7334:05956] [ 5] /lib64/libpthread.so.0(+0x7a51)[0x7f1eb4558a51]
[c7334:05956] [ 6] /lib64/libc.so.6(clone+0x6d)[0x7f1eb42a593d]
[c7334:05956] *** End of error message ***
[c7332:04965] *** Process received signal ***
[c7331:08120] *** Process received signal ***
[c7330:09514] *** Process received signal ***
[c7334:05953] *** Process received signal ***
[c7334:05953] Signal: Segmentation fault (11)
[c7334:05953] Signal code: Invalid permissions (2)
[c7334:05953] Failing at address: 0x7fa48f0fd234
[c7334:05958] *** Process received signal ***
[c7334:05958] Signal: Segmentation fault (11)
[c7334:05958] Signal code: Invalid permissions (2)
[c7334:05958] Failing at address: 0x7f2d40022c40
[c7336:17421] *** Process received signal ***
[c7336:17421] Signal: Segmentation fault (11)
[c7336:17421] Signal code: Invalid permissions (2)
[c7336:17421] Failing at address: 0x7f946ea8a444
[c7334:05961] *** Process received signal ***
[c7334:05961] Signal: Segmentation fault (11)
[c7334:05961] Signal code: Invalid permissions (2)
[c7334:05961] Failing at address: 0x7fb9d8423eac
[c7334:05962] *** Process received signal ***
[c7336:17424] *** Process received signal ***
[c7336:17424] Signal: Segmentation fault (11)
[c7336:17424] Signal code: Invalid permissions (2)
[c7336:17424] Failing at address: 0x7fc52c8e5514
[c7336:17427] *** Process received signal ***
[c7336:17427] Signal: Segmentation fault (11)
[c7336:17427] Signal code: Invalid permissions (2)
[c7336:17427] Failing at address: 0x7f3b3487a174
[c7336:17427] [ 0] /lib64/libpthread.so.0(+0xf790)[0x7f3b477ae790]
[c7336:17427] [ 1] ./../../ParallelMPI/fast-mrmr[0x40d9c4]
[c7336:17427] [ 2] ./../../ParallelMPI/fast-mrmr[0x40de3a]
[c7336:17427] [ 3] ./../../ParallelMPI/fast-mrmr[0x40a4f3]
[c7336:17427] [ 4] /opt/cesga/gcc/5.3.0/lib64/libgomp.so.1(+0xf02e)[0x7f3b47be102e]
[c7336:17427] [ 5] /lib64/libpthread.so.0(+0x7a51)[0x7f3b477a6a51]
[c7336:17427] [ 6] [c7346:18433] *** Process received signal ***
[c7336:17417] *** Process received signal ***
[c7336:17417] Signal: Segmentation fault (11)
[c7336:17417] Signal code: Invalid permissions (2)
[c7336:17417] Failing at address: 0x7fe1ab7251f8
[c7346:18432] *** Process received signal ***
[c7336:17423] *** Process received signal ***
[c7336:17423] Signal: Segmentation fault (11)
[c7336:17423] Signal code: Invalid permissions (2)
[c7336:17423] Failing at address: 0x7fbbdac23110
[c7346:18433] Signal: Segmentation fault (11)
[c7346:18433] Signal code: Invalid permissions (2)
[c7346:18433] Failing at address: 0x7f598a222694
/lib64/libc.so.6(clone+0x6d)[0x7f3b474f393d]
[c7336:17427] *** End of error message ***
[c7336:17423] [ 0] /lib64/libpthread.so.0(+0xf790)[0x7fbcce588790]
[c7336:17423] [ 1] ./../../ParallelMPI/fast-mrmr[0x40d9c4]
[c7336:17423] [ 2] ./../../ParallelMPI/fast-mrmr[0x40de3a]
[c7336:17423] [ 3] ./../../ParallelMPI/fast-mrmr[0x40a4f3]
[c7336:17423] [ 4] /opt/cesga/gcc/5.3.0/lib64/libgomp.so.1(+0xf02e)[0x7fbcce9bb02e]
[c7336:17423] [ 5] /lib64/libpthread.so.0(+0x7a51)[0x7fbcce580a51]
[c7336:17423] [ 6] /lib64/libc.so.6(clone+0x6d)[0x7fbcce2cd93d]
[c7336:17423] *** End of error message ***
[c7328:30929] *** Process received signal ***
[c7346:18436] *** Process received signal ***
[c7346:18436] Signal: Segmentation fault (11)
[c7346:18436] Signal code: Invalid permissions (2)
[c7346:18436] Failing at address: 0x7f12f1f23abc
[c7346:18437] *** Process received signal ***
[c7346:18437] Signal: Segmentation fault (11)
[c7346:18437] Signal code: Invalid permissions (2)
[c7346:18437] Failing at address: 0x7f33e1922ccc
[c7346:18436] [ 0] /lib64/libpthread.so.0(+0xf790)[0x7f13e51bd790]
[c7346:18436] [ 1] ./../../ParallelMPI/fast-mrmr[0x40d9c4]
[c7346:18436] [ 2] ./../../ParallelMPI/fast-mrmr[0x40de3a]
[c7346:18436] [ 3] [c7336:17419] *** Process received signal ***
./../../ParallelMPI/fast-mrmr[0x40a4f3]
[c7346:18436] [ 4] /opt/cesga/gcc/5.3.0/lib64/libgomp.so.1(+0xf02e)[0x7f13e55f002e]
[c7346:18436] [ 5] /lib64/libpthread.so.0(+0x7a51)[0x7f13e51b5a51]
[c7346:18436] [ 6] [c7336:17426] *** Process received signal ***
/lib64/libc.so.6(clone+0x6d)[0x7f13e4f0293d]
[c7346:18436] *** End of error message ***
[c7305:14742] *** Process received signal ***
[c7305:14742] Signal: Segmentation fault (11)
[c7305:14742] Signal code: Invalid permissions (2)
[c7305:14742] Failing at address: 0x7fdcc18244bc
[c7305:14744] *** Process received signal ***
[c7305:14744] Signal: Segmentation fault (11)
[c7305:14744] Signal code: Invalid permissions (2)
[c7305:14744] Failing at address: 0x7f7684724d78
[c7336:17425] *** Process received signal ***
[c7336:17425] Signal: Segmentation fault (11)
[c7336:17425] Signal code: Invalid permissions (2)
[c7336:17425] Failing at address: 0x7fda89326ddc
[c7333:07104] *** Process received signal ***
[c7333:07104] Signal: Segmentation fault (11)
[c7333:07104] Signal code: Invalid permissions (2)
[c7333:07104] Failing at address: 0x7f062af25dc8
[c7346:18434] *** Process received signal ***
[c7346:18434] Signal: Segmentation fault (11)
[c7346:18434] Signal code: Invalid permissions (2)
[c7346:18434] Failing at address: 0x7f4ed6424564
[c7334:05960] *** Process received signal ***
[c7334:05960] Signal: Segmentation fault (11)
[c7334:05960] Signal code: Invalid permissions (2)
[c7334:05960] Failing at address: 0x7f09edc22e84
[c7345:03069] *** Process received signal ***
[c7333:07105] *** Process received signal ***
[c7346:18439] *** Process received signal ***
[c7345:03066] *** Process received signal ***
[c7336:17416] *** Process received signal ***
[c7345:03073] *** Process received signal ***
[c7336:17418] *** Process received signal ***
[c7333:07106] *** Process received signal ***
[c7333:07106] Signal: Segmentation fault (11)
[c7333:07106] Signal code: Invalid permissions (2)
[c7333:07106] Failing at address: 0x7f8882d24410
[c7346:18439] Signal: Segmentation fault (11)
[c7346:18439] Signal code: Invalid permissions (2)
[c7346:18439] Failing at address: 0x7f9306175b2c
[c7346:18438] *** Process received signal ***
[c7345:03074] *** Process received signal ***
[c7336:17420] *** Process received signal ***
[c7333:07107] *** Process received signal ***
[c7333:07108] *** Process received signal ***
[c7333:07108] Signal: Segmentation fault (11)
[c7333:07108] Signal code: Invalid permissions (2)
[c7333:07108] Failing at address: 0x7f833a5222c8
[c7333:07108] [ 0] /lib64/libpthread.so.0(+0xf790)[0x7f842ec8d790]
[c7333:07108] [ 1] ./../../ParallelMPI/fast-mrmr[0x40d9c4]
[c7333:07108] [ 2] ./../../ParallelMPI/fast-mrmr[0x40de3a]
[c7333:07108] [ 3] ./../../ParallelMPI/fast-mrmr[0x40a4f3]
[c7333:07108] [ 4] /opt/cesga/gcc/5.3.0/lib64/libgomp.so.1(+0xf02e)[0x7f842f0c002e]
[c7333:07108] [ 5] /lib64/libpthread.so.0(+0x7a51)[0x7f842ec85a51]
[c7333:07108] [ 6] /lib64/libc.so.6(clone+0x6d)[0x7f842e9d293d]
[c7333:07108] *** End of error message ***
[c7345:03071] *** Process received signal ***
[c7333:07109] *** Process received signal ***
[c7333:07109] Signal: Segmentation fault (11)
[c7333:07109] Signal code: Invalid permissions (2)
[c7333:07109] Failing at address: 0x7f56089219cc
[c7333:07098] *** Process received signal ***
[c7333:07098] Signal: Segmentation fault (11)
[c7333:07098] Signal code: Invalid permissions (2)
[c7333:07098] Failing at address: 0x7f9eea521d24
[c7333:07099] *** Process received signal ***
[c7333:07100] *** Process received signal ***
[c7333:07101] *** Process received signal ***
[c7333:07102] *** Process received signal ***
[c7333:07103] *** Process received signal ***
[c7346:18435] *** Process received signal ***
[c7346:18435] Signal: Segmentation fault (11)
[c7346:18435] Signal code: Invalid permissions (2)
[c7346:18435] Failing at address: 0x7ff7ac5237e8
[c7305:14735] *** Process received signal ***
[c7305:14736] *** Process received signal ***
[c7305:14736] Signal: Segmentation fault (11)
[c7305:14736] Signal code: Invalid permissions (2)
[c7305:14736] Failing at address: 0x7f3719221fec
[c7305:14737] *** Process received signal ***
[c7305:14737] Signal: Segmentation fault (11)
[c7305:14737] Signal code: Invalid permissions (2)
[c7305:14737] Failing at address: 0x7fe1ae623cc8
[c7305:14738] *** Process received signal ***
[c7305:14738] Signal: Segmentation fault (11)
[c7305:14738] Signal code: Invalid permissions (2)
[c7305:14738] Failing at address: 0x7fb041723858
[c7305:14740] *** Process received signal ***
[c7305:14740] Signal: Segmentation fault (11)
[c7305:14740] Signal code: Invalid permissions (2)
[c7305:14740] Failing at address: 0x7f8e59b24674
[c7305:14740] [ 0] /lib64/libpthread.so.0(+0xf790)[0x7f8f4d465790]
[c7305:14740] [ 1] ./../../ParallelMPI/fast-mrmr[0x40d9c4]
[c7305:14740] [ 2] ./../../ParallelMPI/fast-mrmr[0x40de3a]
[c7305:14740] [ 3] ./../../ParallelMPI/fast-mrmr[0x40a4f3]
[c7305:14740] [ 4] /opt/cesga/gcc/5.3.0/lib64/libgomp.so.1(+0xf02e)[0x7f8f4d89802e]
[c7305:14740] [ 5] /lib64/libpthread.so.0(+0x7a51)[0x7f8f4d45da51]
[c7305:14740] [ 6] /lib64/libc.so.6(clone+0x6d)[0x7f8f4d1aa93d]
[c7305:14740] *** End of error message ***
[c7305:14741] *** Process received signal ***
[c7307:21313] *** Process received signal ***
[c7325:06405] *** Process received signal ***
[c7346:18440] *** Process received signal ***
[c7346:18440] Signal: Segmentation fault (11)
[c7346:18440] Signal code: Invalid permissions (2)
[c7346:18440] Failing at address: 0x7f6bf7e216dc
[c7328:30919] *** Process received signal ***
[c7326:07761] *** Process received signal ***
[c7326:07761] Signal: Segmentation fault (11)
[c7326:07761] Signal code: Address not mapped (1)
[c7326:07761] Failing at address: 0x7fb0b850652c
[c7306:30932] *** Process received signal ***
[c7306:30932] Signal: Segmentation fault (11)
[c7306:30932] Signal code: Invalid permissions (2)
[c7306:30932] Failing at address: 0x7f78d80dec34
[c7308:30418] *** Process received signal ***
[c7308:30418] Signal: Segmentation fault (11)
[c7308:30418] Signal code: Invalid permissions (2)
[c7308:30418] Failing at address: 0x7fda7a226740
[c7345:03068] *** Process received signal ***
[c7345:03068] Signal: Segmentation fault (11)
[c7345:03068] Signal code: Invalid permissions (2)
[c7345:03068] Failing at address: 0x7f905ef22904
[c7306:30930] *** Process received signal ***
[c7306:30930] Signal: Segmentation fault (11)
[c7306:30930] Signal code: Invalid permissions (2)
[c7306:30930] Failing at address: 0x7f13667243b0
[c7308:30419] *** Process received signal ***
[c7308:30419] Signal: Segmentation fault (11)
[c7308:30419] Signal code: Invalid permissions (2)
[c7308:30419] Failing at address: 0x7fac8cc22b54
[c7345:03072] *** Process received signal ***
[c7307:21306] *** Process received signal ***
[c7325:06407] *** Process received signal ***
[c7325:06407] Signal: Segmentation fault (11)
[c7325:06407] Signal code: Invalid permissions (2)
[c7325:06407] Failing at address: 0x7fea29f74218
[c7346:18441] *** Process received signal ***
[c7346:18441] Signal: Segmentation fault (11)
[c7346:18441] Signal code: Invalid permissions (2)
[c7346:18441] Failing at address: 0x7f4e5cd21a1c
[c7328:30920] *** Process received signal ***
[c7328:30920] Signal: Segmentation fault (11)
[c7328:30920] Signal code: Invalid permissions (2)
[c7328:30920] Failing at address: 0x7f88180235cc
[c7326:07763] *** Process received signal ***
[c7326:07763] Signal: Segmentation fault (11)
[c7326:07763] Signal code: Invalid permissions (2)
[c7326:07763] Failing at address: 0x7f9ae2c73cc8
[c7307:21308] *** Process received signal ***
[c7325:06398] *** Process received signal ***
[c7346:18443] *** Process received signal ***
[c7328:30919] Signal: Segmentation fault (11)
[c7328:30919] Signal code: Invalid permissions (2)
[c7328:30919] Failing at address: 0x7f1f11a737e8
[c7326:07765] *** Process received signal ***
[c7326:07765] Signal: Segmentation fault (11)
[c7326:07765] Signal code: Invalid permissions (2)
[c7326:07765] Failing at address: 0x7f37d8e257f8
[c7306:30934] *** Process received signal ***
[c7306:30934] Signal: Segmentation fault (11)
[c7306:30934] Signal code: Invalid permissions (2)
[c7306:30934] Failing at address: 0x7f1c15e24860
[c7308:30415] *** Process received signal ***
[c7345:03075] *** Process received signal ***
[c7345:03075] Signal: Segmentation fault (11)
[c7345:03075] Signal code: Invalid permissions (2)
[c7345:03075] Failing at address: 0x7f3533823bf0
[c7305:14746] *** Process received signal ***
[c7305:14746] Signal: Segmentation fault (11)
[c7305:14746] Signal code: Invalid permissions (2)
[c7305:14746] Failing at address: 0x7f10be72574c
[c7305:14746] [ 0] [c7307:21311] *** Process received signal ***
[c7325:06408] *** Process received signal ***
[c7346:18443] Signal: Segmentation fault (11)
[c7346:18443] Signal code: Invalid permissions (2)
[c7346:18443] Failing at address: 0x7fa3ec625504
[c7326:07767] *** Process received signal ***
[c7326:07767] Signal: Segmentation fault (11)
[c7326:07767] Signal code: Invalid permissions (2)
[c7326:07767] Failing at address: 0x7f5cc022305c
[c7306:30935] *** Process received signal ***
[c7306:30935] Signal: Segmentation fault (11)
[c7306:30935] Signal code: Address not mapped (1)
[c7306:30935] Failing at address: 0x7f67e9001d34
[c7308:30421] *** Process received signal ***
[c7308:30421] Signal: Segmentation fault (11)
[c7308:30421] Signal code: Invalid permissions (2)
[c7308:30421] Failing at address: 0x7fe6d53256ec
[c7345:03067] *** Process received signal ***
/lib64/libpthread.so.0(+0xf790)[0x7f11b2d66790]
[c7305:14746] [ 1] ./../../ParallelMPI/fast-mrmr[0x40d9c4]
[c7305:14746] [ 2] ./../../ParallelMPI/fast-mrmr[0x40de3a]
[c7305:14746] [ 3] ./../../ParallelMPI/fast-mrmr[0x40a4f3]
[c7305:14746] [ 4] /opt/cesga/gcc/5.3.0/lib64/libgomp.so.1(+0xf02e)[0x7f11b319902e]
[c7305:14746] [ 5] /lib64/libpthread.so.0(+0x7a51)[0x7f11b2d5ea51]
[c7305:14746] [ 6] /lib64/libc.so.6(clone+0x6d)[0x7f11b2aab93d]
[c7305:14746] *** End of error message ***
[c7307:21316] *** Process received signal ***
[c7307:21316] Signal: Segmentation fault (11)
[c7307:21316] Signal code: Invalid permissions (2)
[c7307:21316] Failing at address: 0x7fe966c24c2c
[c7325:06408] Signal: Segmentation fault (11)
[c7325:06408] Signal code: Invalid permissions (2)
[c7325:06408] Failing at address: 0x7f910e1225dc
[c7346:18443] [ 0] [c7326:07758] *** Process received signal ***
[c7326:07758] Signal: Segmentation fault (11)
[c7326:07758] Signal code: Invalid permissions (2)
[c7326:07758] Failing at address: 0x7f1a7a779a9c
[c7306:30940] *** Process received signal ***
[c7306:30940] Signal: Segmentation fault (11)
[c7306:30940] Signal code: Invalid permissions (2)
[c7306:30940] Failing at address: 0x7f611c02336c
[c7308:30412] *** Process received signal ***
[c7307:21313] Signal: Segmentation fault (11)
[c7307:21313] Signal code: Invalid permissions (2)
[c7307:21313] Failing at address: 0x7f20ac473f40
[c7325:06403] *** Process received signal ***
[c7325:06403] Signal: Segmentation fault (11)
[c7325:06403] Signal code: Address not mapped (1)
[c7325:06403] Failing at address: 0xc9ea54
/lib64/libpthread.so.0(+0xf790)[0x7fa4e0c65790]
[c7346:18443] [ 1] ./../../ParallelMPI/fast-mrmr[0x40d9c4]
[c7346:18443] [ 2] ./../../ParallelMPI/fast-mrmr[0x40de3a]
[c7346:18443] [ 3] ./../../ParallelMPI/fast-mrmr[0x40a4f3]
[c7346:18443] [ 4] [c7326:07760] *** Process received signal ***
[c7326:07760] Signal: Segmentation fault (11)
[c7326:07760] Signal code: Address not mapped (1)
[c7326:07760] Failing at address: 0x7f55f0b092cc
[c7306:30941] *** Process received signal ***
[c7308:30417] *** Process received signal ***
[c7307:21313] [ 0] [c7325:06406] *** Process received signal ***
/opt/cesga/gcc/5.3.0/lib64/libgomp.so.1(+0xf02e)[0x7fa4e109802e]
[c7346:18443] [ 5] /lib64/libpthread.so.0(+0x7a51)[0x7fa4e0c5da51]
[c7346:18443] [ 6] [c7326:07757] *** Process received signal ***
[c7306:30930] [ 0] /lib64/libpthread.so.0(+0xf790)[0x7f145b6dc790]
[c7306:30930] [ 1] ./../../ParallelMPI/fast-mrmr[0x40d9c4]
[c7306:30930] [ 2] ./../../ParallelMPI/fast-mrmr[0x40de3a]
[c7306:30930] [ 3] ./../../ParallelMPI/fast-mrmr[0x40a4f3]
[c7306:30930] [ 4] /opt/cesga/gcc/5.3.0/lib64/libgomp.so.1(+0xf02e)[0x7f145bb0f02e]
[c7306:30930] [ 5] /lib64/libpthread.so.0(+0x7a51)[0x7f145b6d4a51]
[c7306:30930] [ 6] /lib64/libc.so.6(clone+0x6d)[0x7f145b42193d]
[c7306:30930] *** End of error message ***
[c7308:30416] *** Process received signal ***
[c7308:30416] Signal: Segmentation fault (11)
[c7308:30416] Signal code: Invalid permissions (2)
[c7308:30416] Failing at address: 0x7fbd459237d8
[c7307:21316] [ 0] /lib64/libpthread.so.0(+0xf790)[0x7fea5a1a1790]
[c7307:21316] [ 1] ./../../ParallelMPI/fast-mrmr[0x40d9c4]
[c7307:21316] [c7325:06399] *** Process received signal ***
/lib64/libc.so.6(clone+0x6d)[0x7fa4e09aa93d]
[c7346:18443] *** End of error message ***
[c7306:30936] *** Process received signal ***
[c7308:30413] *** Process received signal ***
[ 2] ./../../ParallelMPI/fast-mrmr[0x40de3a]
[c7307:21316] [ 3] ./../../ParallelMPI/fast-mrmr[0x40a4f3]
[c7307:21316] [ 4] /opt/cesga/gcc/5.3.0/lib64/libgomp.so.1(+0xf02e)[0x7fea5a5d402e]
[c7307:21316] [ 5] /lib64/libpthread.so.0(+0x7a51)[0x7fea5a199a51]
[c7307:21316] [ 6] [c7325:06400] *** Process received signal ***
[c7346:18442] *** Process received signal ***
[c7346:18442] Signal: Segmentation fault (11)
[c7346:18442] Signal code: Invalid permissions (2)
[c7346:18442] Failing at address: 0x7fb6a3224f2c
[c7326:07756] *** Process received signal ***
[c7306:30936] Signal: Segmentation fault (11)
[c7306:30936] Signal code: Address not mapped (1)
[c7306:30936] Failing at address: 0x7f277e4042a8
[c7308:30411] *** Process received signal ***
/lib64/libpthread.so.0(+0xf790)[0x7f20bf2b7790]
[c7307:21313] [ 1] ./../../ParallelMPI/fast-mrmr[0x40d9c4]
[c7307:21313] [ 2] ./../../ParallelMPI/fast-mrmr[0x40de3a]
[c7307:21313] [ 3] ./../../ParallelMPI/fast-mrmr[0x40a4f3]
[c7307:21313] [ 4] /opt/cesga/gcc/5.3.0/lib64/libgomp.so.1(+0xf02e)[0x7f20bf6ea02e]
[c7307:21313] [ 5] /lib64/libpthread.so.0(+0x7a51)[0x7f20bf2afa51]
[c7307:21313] [ 6] [c7325:06404] *** Process received signal ***
[c7326:07759] *** Process received signal ***
[c7326:07759] Signal: Segmentation fault (11)
[c7326:07759] Signal code: Invalid permissions (2)
[c7326:07759] Failing at address: 0x7f4c54424400
[c7306:30937] *** Process received signal ***
[c7306:30937] Signal: Segmentation fault (11)
[c7306:30937] Signal code: Invalid permissions (2)
[c7306:30937] Failing at address: 0x7f7f1bb221b8
[c7308:30410] *** Process received signal ***
/lib64/libc.so.6(clone+0x6d)[0x7fea59ee693d]
[c7307:21316] *** End of error message ***
[c7325:06404] Signal: Segmentation fault (11)
[c7325:06404] Signal code: Invalid permissions (2)
[c7325:06404] Failing at address: 0x7f20eae235f8
[c7326:07762] *** Process received signal ***
[c7306:30939] *** Process received signal ***
[c7308:30420] *** Process received signal ***
/lib64/libc.so.6(clone+0x6d)[0x7f20beffc93d]
[c7307:21313] *** End of error message ***
[c7306:30940] [ 0] /lib64/libpthread.so.0(+0xf790)[0x7f620faf1790]
[c7306:30940] [ 1] [c7307:21304] *** Process received signal ***
./../../ParallelMPI/fast-mrmr[0x40d9c4]
[c7306:30940] [ 2] ./../../ParallelMPI/fast-mrmr[0x40de3a]
[c7306:30940] [ 3] ./../../ParallelMPI/fast-mrmr[0x40a4f3]
[c7306:30940] [ 4] /opt/cesga/gcc/5.3.0/lib64/libgomp.so.1(+0xf02e)[0x7f620ff2402e]
[c7306:30940] [ 5] [c7345:03077] *** Process received signal ***
[c7307:21307] *** Process received signal ***
[c7345:03077] Signal: Segmentation fault (11)
[c7345:03077] Signal code: Invalid permissions (2)
[c7345:03077] Failing at address: 0x7efc1c973980
[c7307:21312] *** Process received signal ***
/lib64/libpthread.so.0(+0x7a51)[0x7f620fae9a51]
[c7306:30940] [ 6] /lib64/libc.so.6(clone+0x6d)[0x7f620f83693d]
[c7307:21314] *** Process received signal ***
[c7306:30940] *** End of error message ***
[c7307:21312] Signal: Segmentation fault (11)
[c7307:21312] Signal code: Invalid permissions (2)
[c7307:21312] Failing at address: 0x7f2471e24b3c
[c7307:21314] Signal: Segmentation fault (11)
[c7307:21314] Signal code: Invalid permissions (2)
[c7307:21314] Failing at address: 0x7fc9898229a0
[c7307:21310] *** Process received signal ***
[c7307:21305] *** Process received signal ***
[c7308:30414] *** Process received signal ***
[c7325:06401] *** Process received signal ***
