gcc/5.3.0 unloaded
boost/1.61.0 unloaded
openmpi/1.10.2 unloaded
gcc/5.3.0 loaded
boost/1.61.0 loaded
openmpi/1.10.2 loaded
boost/1.61.0 unloaded
boost/1.61.0 loaded
openmpi/1.10.2 unloaded
openmpi/1.10.2 loaded
rm *.o
rm ../../plibOp3/*.o
rm fast-mrmr
clear
[3J[H[2Jmpicxx -c -m64 -O3 -Wall  -I../../include/   -I/usr/include/boost/ -fopenmp mainOpenMpMPI-V1-Block-Funcional0.2.cpp -o mainOpenMpMPI-V1-Block-Funcional0.2.o
mainOpenMpMPI-V1-Block-Funcional0.2.cpp: In function ‘int main(int, char**)’:
mainOpenMpMPI-V1-Block-Funcional0.2.cpp:153:28: warning: comparison between signed and unsigned integer expressions [-Wsign-compare]
         for (uint i = 0; i < dataSizes; i++)
                            ^
mainOpenMpMPI-V1-Block-Funcional0.2.cpp:208:27: warning: comparison between signed and unsigned integer expressions [-Wsign-compare]
     if ((lastFeatureIndex > startPoint) & (lastFeatureIndex < (startPoint+sizePerProcess)))
                           ^
mainOpenMpMPI-V1-Block-Funcional0.2.cpp:220:28: warning: comparison between signed and unsigned integer expressions [-Wsign-compare]
         for (uint i = 0; i < dataSizes; i++)
                            ^
mainOpenMpMPI-V1-Block-Funcional0.2.cpp:291:31: warning: comparison between signed and unsigned integer expressions [-Wsign-compare]
         if ((lastFeatureIndex > startPoint) & (lastFeatureIndex < (startPoint+sizePerProcess)))
                               ^
mainOpenMpMPI-V1-Block-Funcional0.2.cpp:303:32: warning: comparison between signed and unsigned integer expressions [-Wsign-compare]
             for (uint i = 0; i < dataSizes; i++)
                                ^
mainOpenMpMPI-V1-Block-Funcional0.2.cpp:172:9: warning: unused variable ‘iterator’ [-Wunused-variable]
     int iterator = 0;
         ^
mainOpenMpMPI-V1-Block-Funcional0.2.cpp:195:42: warning: ‘vectorInteres’ may be used uninitialized in this function [-Wmaybe-uninitialized]
         newFeatureIndex = vectorInteres[0];
                                          ^
mpicxx -c -m64 -O3 -Wall  -I../../include/   -I/usr/include/boost/ -fopenmp ../../plibOp3/Histogram.cpp -o ../../plibOp3/Histogram.o
mpicxx -c -m64 -O3 -Wall  -I../../include/   -I/usr/include/boost/ -fopenmp ../../plibOp3/JointProb.cpp -o ../../plibOp3/JointProb.o
../../plibOp3/JointProb.cpp: In constructor ‘JointProb::JointProb(RawData&, t_feature, uint)’:
../../plibOp3/JointProb.cpp:42:20: warning: comparison between signed and unsigned integer expressions [-Wsign-compare]
  for (int i = 0; i < datasize;i++)
                    ^
mpicxx -c -m64 -O3 -Wall  -I../../include/   -I/usr/include/boost/ -fopenmp ../../plibOp3/MutualInfo.cpp -o ../../plibOp3/MutualInfo.o
../../plibOp3/MutualInfo.cpp: In member function ‘double MutualInfo::get(uint, uint)’:
../../plibOp3/MutualInfo.cpp:40:20: warning: comparison between signed and unsigned integer expressions [-Wsign-compare]
  for (int z = 0; z < rawData.getDataSize(); ++z)
                    ^
mpicxx -c -m64 -O3 -Wall  -I../../include/   -I/usr/include/boost/ -fopenmp ../../plibOp3/ProbTable.cpp -o ../../plibOp3/ProbTable.o
mpicxx -c -m64 -O3 -Wall  -I../../include/   -I/usr/include/boost/ -fopenmp ../../plibOp3/RawData.cpp -o ../../plibOp3/RawData.o
../../plibOp3/RawData.cpp: In member function ‘void RawData::loadData()’:
../../plibOp3/RawData.cpp:101:10: warning: comparison between signed and unsigned integer expressions [-Wsign-compare]
    if (j >= inicio and j < inicio+featuresSize2)
          ^
mpicxx mainOpenMpMPI-V1-Block-Funcional0.2.o ../../plibOp3/Histogram.o ../../plibOp3/JointProb.o ../../plibOp3/MutualInfo.o ../../plibOp3/ProbTable.o ../../plibOp3/RawData.o  -lboost_thread -L/usr/lib64/ -lboost_thread -fopenmp -o fast-mrmr
[c7126:07338] MCW rank 0 is not bound (or bound to all available processors)
[c7126:07366] MCW rank 0 is not bound (or bound to all available processors)
[c7126:07393] MCW rank 0 is not bound (or bound to all available processors)
[c7126:07421] MCW rank 0 is not bound (or bound to all available processors)
[c7126:07449] MCW rank 0 is not bound (or bound to all available processors)
[c7126:07480] MCW rank 0 is not bound (or bound to all available processors)
