gcc/5.3.0 unloaded
boost/1.61.0 unloaded
openmpi/1.10.2 unloaded
gcc/5.3.0 loaded
boost/1.61.0 loaded
openmpi/1.10.2 loaded
boost/1.61.0 unloaded
boost/1.61.0 loaded
openmpi/1.10.2 unloaded
openmpi/1.10.2 loaded
make: la opción requiere un argumento --f
Modo de empleo: make [opciones] [objetivo] ...
Opciones:
  -b, -m                      No se tendrá en cuenta por compatibilidad.
  -B, --always-make           Hace incondicionalmente todos los objetivos.
  -C DIRECTORIO, --directory=DIRECTORIO
                              Se cambia al DIRECTORIO antes de hacer nada.
  -d          Se imprimirán grandes cantidades de información de depurado.
  --debug[=BANDERAS]    Se imprimirán varios tipos de información de depurado.
  -e, --environment-overrides
                Las variables ambientales se imponen a las de los makefiles.
   --eval=CADENA               Evalúla la CADENA como una instrucción de un makefile.
  -f ARCHIVO, --file=ARCHIVO, --makefile=ARCHIVO
                                   Lee al ARCHIVO como un makefile.
  -h, --help                  Muestra este mensaje y finaliza.
  -i, --ignore-errors         No se toman en cuenta los errores provenientes de las instrucciones.
  -I DIRECTORIO, --include-dir=DIRECTORIO
                       Busca dentro del DIRECTORIO los makefiles incluidos.
  -j [N], --jobs[=N]      Se permiten N trabajos a la vez; si no se especifica un
argumento son infinitos.
  -k, --keep-going            Sigue avanzando aún cuando no se puedan crear algunos objetivos.
  -l [N], --load-average[=N], --max-load[=N]
      No inicia con trabajos múltiples a menos que la carga esté por debajo de N.
  -L, --check-symlink-times   Utiliza el último mtime entre los enlaces simbólicos y los objetivos.
  -n, --just-print, --dry-run, --recon
                              No ejecuta ninguna instrucción; sólo las muestra.
  -o ARCHIVO, --old-file=ARCHIVO, --assume-old=ARCHIVO
                           Supone que ARCHIVO es muy viejo y no lo reconstruye.
  -O[TIPO], --output-sync[=TIPO]
                              Sincroniza la salida de tareas paralelas por tipo.
  -p, --print-data-base       Se imprime la base de datos interna de 'make'.
  -q, --question             No se ejecutan las instrucciones; el estado de salida
                                     indicará si están actualizados.
  -r, --no-builtin-rules      Se deshabilitan las reglas implícitas almacenadas internamente.
  -R, --no-builtin-variables  Se deshabilitan los ajustes a las variables almacenadas internamente.
  -s, --silent, --quiet       No muestra las intrucciones.
  -S, --no-keep-going, --stop
                              Desactiva la opción -k.
  -t, --touch                 Se tocan los objetivos en vez de reconstruirlos.
  --trace                     Muestra trazas.
  -v, --version               Muestra la versión del make y finaliza.
  -w, --print-directory       Muestra el directorio actual.
  --no-print-directory        Desactiva -w, aún cuando haya sido activado implícitamente.
  -W ARCHIVO, --what-if=ARCHIVO, --new-file=ARCHIVO, --assume-new=ARCHIVO
                               Supone que ARCHIVO es infinitamente reciente.
  --warn-undefined-variables  Advierte cuando se hace una referencia a una variable no definida.

Este programa fue construido para x86_64-unknown-linux-gnu
Informe sobre los errores a <bug-make@gnu.org>
make: la opción requiere un argumento --f
Modo de empleo: make [opciones] [objetivo] ...
Opciones:
  -b, -m                      No se tendrá en cuenta por compatibilidad.
  -B, --always-make           Hace incondicionalmente todos los objetivos.
  -C DIRECTORIO, --directory=DIRECTORIO
                              Se cambia al DIRECTORIO antes de hacer nada.
  -d          Se imprimirán grandes cantidades de información de depurado.
  --debug[=BANDERAS]    Se imprimirán varios tipos de información de depurado.
  -e, --environment-overrides
                Las variables ambientales se imponen a las de los makefiles.
   --eval=CADENA               Evalúla la CADENA como una instrucción de un makefile.
  -f ARCHIVO, --file=ARCHIVO, --makefile=ARCHIVO
                                   Lee al ARCHIVO como un makefile.
  -h, --help                  Muestra este mensaje y finaliza.
  -i, --ignore-errors         No se toman en cuenta los errores provenientes de las instrucciones.
  -I DIRECTORIO, --include-dir=DIRECTORIO
                       Busca dentro del DIRECTORIO los makefiles incluidos.
  -j [N], --jobs[=N]      Se permiten N trabajos a la vez; si no se especifica un
argumento son infinitos.
  -k, --keep-going            Sigue avanzando aún cuando no se puedan crear algunos objetivos.
  -l [N], --load-average[=N], --max-load[=N]
      No inicia con trabajos múltiples a menos que la carga esté por debajo de N.
  -L, --check-symlink-times   Utiliza el último mtime entre los enlaces simbólicos y los objetivos.
  -n, --just-print, --dry-run, --recon
                              No ejecuta ninguna instrucción; sólo las muestra.
  -o ARCHIVO, --old-file=ARCHIVO, --assume-old=ARCHIVO
                           Supone que ARCHIVO es muy viejo y no lo reconstruye.
  -O[TIPO], --output-sync[=TIPO]
                              Sincroniza la salida de tareas paralelas por tipo.
  -p, --print-data-base       Se imprime la base de datos interna de 'make'.
  -q, --question             No se ejecutan las instrucciones; el estado de salida
                                     indicará si están actualizados.
  -r, --no-builtin-rules      Se deshabilitan las reglas implícitas almacenadas internamente.
  -R, --no-builtin-variables  Se deshabilitan los ajustes a las variables almacenadas internamente.
  -s, --silent, --quiet       No muestra las intrucciones.
  -S, --no-keep-going, --stop
                              Desactiva la opción -k.
  -t, --touch                 Se tocan los objetivos en vez de reconstruirlos.
  --trace                     Muestra trazas.
  -v, --version               Muestra la versión del make y finaliza.
  -w, --print-directory       Muestra el directorio actual.
  --no-print-directory        Desactiva -w, aún cuando haya sido activado implícitamente.
  -W ARCHIVO, --what-if=ARCHIVO, --new-file=ARCHIVO, --assume-new=ARCHIVO
                               Supone que ARCHIVO es infinitamente reciente.
  --warn-undefined-variables  Advierte cuando se hace una referencia a una variable no definida.

Este programa fue construido para x86_64-unknown-linux-gnu
Informe sobre los errores a <bug-make@gnu.org>
[c7332:20547] MCW rank 0 is not bound (or bound to all available processors)
mpirun: Forwarding signal 18 to job
slurmstepd: error: *** JOB 554195 ON c7332 CANCELLED AT 2017-12-11T15:28:26 ***
