gcc/5.3.0 loaded
boost/1.61.0 loaded
openmpi/1.10.2 loaded
rm *.o
rm ../../plibOp4/*.o
rm fast-mrmr
clear
[3J[H[2Jmpicxx -c -m64 -O3 -Wall  -I../../include/   -I/usr/include/boost/ -fopenmp mainOpenMpMPI-V1-Block-Funcional0.3.1.cpp -o mainOpenMpMPI-V1-Block-Funcional0.3.1.o
mainOpenMpMPI-V1-Block-Funcional0.3.1.cpp: En la función ‘int main(int, char**)’:
mainOpenMpMPI-V1-Block-Funcional0.3.1.cpp:150:15: aviso: comparación entre expresiones enteras signed y unsigned [-Wsign-compare]
     if ( diff > mpi_rank) {
               ^
mainOpenMpMPI-V1-Block-Funcional0.3.1.cpp:161:29: aviso: comparación entre expresiones enteras signed y unsigned [-Wsign-compare]
  int sumaInteres = (proceso > diff) ? diff:proceso;
                             ^
mainOpenMpMPI-V1-Block-Funcional0.3.1.cpp:162:57: aviso: comparación entre expresiones enteras signed y unsigned [-Wsign-compare]
         while (proceso*sizePerProcessGlobal+sumaInteres > claseStudy) {
                                                         ^
mainOpenMpMPI-V1-Block-Funcional0.3.1.cpp:164:36: aviso: comparación entre expresiones enteras signed y unsigned [-Wsign-compare]
             sumaInteres = (proceso > diff) ? diff:proceso;
                                    ^
mainOpenMpMPI-V1-Block-Funcional0.3.1.cpp:173:28: aviso: comparación entre expresiones enteras signed y unsigned [-Wsign-compare]
         for (uint i = 0; i < dataSizes; i++)
                            ^
mainOpenMpMPI-V1-Block-Funcional0.3.1.cpp:190:33: aviso: comparación entre expresiones enteras signed y unsigned [-Wsign-compare]
     for (int j = dataSizes+1; j < (dataSizes+1+sizeof(double)*vectInteres2[dataSizes]); j+=8) {
                                 ^
mainOpenMpMPI-V1-Block-Funcional0.3.1.cpp:235:27: aviso: comparación entre expresiones enteras signed y unsigned [-Wsign-compare]
     if ((lastFeatureIndex > startPoint) & (lastFeatureIndex < (startPoint+sizePerProcess)))
                           ^
mainOpenMpMPI-V1-Block-Funcional0.3.1.cpp:242:28: aviso: comparación entre expresiones enteras signed y unsigned [-Wsign-compare]
     sumaInteres = (proceso > diff) ? diff:proceso;
                            ^
mainOpenMpMPI-V1-Block-Funcional0.3.1.cpp:243:57: aviso: comparación entre expresiones enteras signed y unsigned [-Wsign-compare]
         while (proceso*sizePerProcessGlobal+sumaInteres > claseStudy) {
                                                         ^
mainOpenMpMPI-V1-Block-Funcional0.3.1.cpp:245:36: aviso: comparación entre expresiones enteras signed y unsigned [-Wsign-compare]
             sumaInteres = (proceso > diff) ? diff:proceso;
                                    ^
mainOpenMpMPI-V1-Block-Funcional0.3.1.cpp:252:28: aviso: comparación entre expresiones enteras signed y unsigned [-Wsign-compare]
         for (uint i = 0; i < dataSizes; i++)
                            ^
mainOpenMpMPI-V1-Block-Funcional0.3.1.cpp:269:33: aviso: comparación entre expresiones enteras signed y unsigned [-Wsign-compare]
     for (int j = dataSizes+1; j < (dataSizes+1+sizeof(double)*vectInteres2[dataSizes]); j+=8) {
                                 ^
mainOpenMpMPI-V1-Block-Funcional0.3.1.cpp:330:31: aviso: comparación entre expresiones enteras signed y unsigned [-Wsign-compare]
         if ((lastFeatureIndex > startPoint) & (lastFeatureIndex < (startPoint+sizePerProcess)))
                               ^
mainOpenMpMPI-V1-Block-Funcional0.3.1.cpp:337:32: aviso: comparación entre expresiones enteras signed y unsigned [-Wsign-compare]
         sumaInteres = (proceso > diff) ? diff:proceso;
                                ^
mainOpenMpMPI-V1-Block-Funcional0.3.1.cpp:338:57: aviso: comparación entre expresiones enteras signed y unsigned [-Wsign-compare]
         while (proceso*sizePerProcessGlobal+sumaInteres > claseStudy) {
                                                         ^
mainOpenMpMPI-V1-Block-Funcional0.3.1.cpp:340:36: aviso: comparación entre expresiones enteras signed y unsigned [-Wsign-compare]
             sumaInteres = (proceso > diff) ? diff:proceso;
                                    ^
mainOpenMpMPI-V1-Block-Funcional0.3.1.cpp:347:32: aviso: comparación entre expresiones enteras signed y unsigned [-Wsign-compare]
             for (uint i = 0; i < dataSizes; i++)
                                ^
mainOpenMpMPI-V1-Block-Funcional0.3.1.cpp:364:37: aviso: comparación entre expresiones enteras signed y unsigned [-Wsign-compare]
         for (int j = dataSizes+1; j < (dataSizes+1+sizeof(double)*vectInteres2[dataSizes]); j+=8) {
                                     ^
mainOpenMpMPI-V1-Block-Funcional0.3.1.cpp:205:9: aviso: variable ‘iterator’ sin usar [-Wunused-variable]
     int iterator = 0;
         ^
mpicxx -c -m64 -O3 -Wall  -I../../include/   -I/usr/include/boost/ -fopenmp ../../plibOp4/Histogram.cpp -o ../../plibOp4/Histogram.o
mpicxx -c -m64 -O3 -Wall  -I../../include/   -I/usr/include/boost/ -fopenmp ../../plibOp4/JointProb.cpp -o ../../plibOp4/JointProb.o
../../plibOp4/JointProb.cpp: En el constructor ‘JointProb::JointProb(RawData&, t_feature, uint)’:
../../plibOp4/JointProb.cpp:42:20: aviso: comparación entre expresiones enteras signed y unsigned [-Wsign-compare]
  for (int i = 0; i < datasize;i++)
                    ^
mpicxx -c -m64 -O3 -Wall  -I../../include/   -I/usr/include/boost/ -fopenmp ../../plibOp4/MutualInfo.cpp -o ../../plibOp4/MutualInfo.o
mpicxx -c -m64 -O3 -Wall  -I../../include/   -I/usr/include/boost/ -fopenmp ../../plibOp4/ProbTable.cpp -o ../../plibOp4/ProbTable.o
mpicxx -c -m64 -O3 -Wall  -I../../include/   -I/usr/include/boost/ -fopenmp ../../plibOp4/RawData.cpp -o ../../plibOp4/RawData.o
../../plibOp4/RawData.cpp: En la función miembro ‘void RawData::calculateDSandFS()’:
../../plibOp4/RawData.cpp:78:12: aviso: comparación entre expresiones enteras signed y unsigned [-Wsign-compare]
  if ( diff > mpiNum) {
            ^
mpicxx mainOpenMpMPI-V1-Block-Funcional0.3.1.o ../../plibOp4/Histogram.o ../../plibOp4/JointProb.o ../../plibOp4/MutualInfo.o ../../plibOp4/ProbTable.o ../../plibOp4/RawData.o  -lboost_thread -L/usr/lib64/ -lboost_thread -fopenmp -o fast-mrmr
[c7101:24474] MCW rank 0 is not bound (or bound to all available processors)
[c7101:24476] *** Process received signal ***
[c7101:24476] Signal: Segmentation fault (11)
[c7101:24476] Signal code: Address not mapped (1)
[c7101:24476] Failing at address: 0x1015f9628
[c7101:24476] [ 0] /lib64/libpthread.so.0(+0xf790)[0x7fc3f343f790]
[c7101:24476] [ 1] /opt/cesga/openmpi/1.10.2/gcc/5.3.0/lib/libopen-pal.so.13(opal_memory_ptmalloc2_int_free+0x50)[0x7fc3f25c3060]
[c7101:24476] [ 2] /opt/cesga/openmpi/1.10.2/gcc/5.3.0/lib/libopen-pal.so.13(opal_memory_ptmalloc2_free+0x9b)[0x7fc3f25c378b]
[c7101:24476] [ 3] ./../../ParallelMPI/fast-mrmr[0x40df72]
[c7101:24476] [ 4] /opt/cesga/gcc/5.3.0/lib64/libgomp.so.1(+0xf02e)[0x7fc3f387202e]
[c7101:24476] [ 5] /lib64/libpthread.so.0(+0x7a51)[0x7fc3f3437a51]
[c7101:24476] [ 6] /lib64/libc.so.6(clone+0x6d)[0x7fc3f318493d]
[c7101:24476] *** End of error message ***
[c7101:24644] MCW rank 0 is not bound (or bound to all available processors)
[c7101:24646] *** Process received signal ***
[c7101:24646] Signal: Segmentation fault (11)
[c7101:24646] Signal code: Address not mapped (1)
[c7101:24646] Failing at address: 0x7f9859417480
[c7101:24646] [ 0] /lib64/libpthread.so.0(+0xf790)[0x7f976c393790]
[c7101:24646] [ 1] /opt/cesga/openmpi/1.10.2/gcc/5.3.0/lib/libopen-pal.so.13(opal_memory_ptmalloc2_int_malloc+0x337)[0x7f976b517b37]
[c7101:24646] [ 2] /opt/cesga/openmpi/1.10.2/gcc/5.3.0/lib/libopen-pal.so.13(opal_memory_ptmalloc2_malloc+0x4c)[0x7f976b51865c]
[c7101:24646] [ 3] ./../../ParallelMPI/fast-mrmr[0x40defc]
[c7101:24646] [ 4] /opt/cesga/gcc/5.3.0/lib64/libgomp.so.1(+0xf02e)[0x7f976c7c602e]
[c7101:24646] [ 5] /lib64/libpthread.so.0(+0x7a51)[0x7f976c38ba51]
[c7101:24646] [ 6] /lib64/libc.so.6(clone+0x6d)[0x7f976c0d893d]
[c7101:24646] *** End of error message ***
[c7101:24732] MCW rank 0 is not bound (or bound to all available processors)
[c7101:24734] *** Process received signal ***
[c7101:24734] Signal: Segmentation fault (11)
[c7101:24734] Signal code: Invalid permissions (2)
[c7101:24734] Failing at address: 0x7fd103e59268
[c7101:24734] [ 0] /lib64/libpthread.so.0(+0xf790)[0x7fd11713e790]
[c7101:24734] [ 1] /opt/cesga/openmpi/1.10.2/gcc/5.3.0/lib/libopen-pal.so.13(opal_memory_ptmalloc2_int_malloc+0x6dc)[0x7fd1162c2edc]
[c7101:24734] [ 2] /opt/cesga/openmpi/1.10.2/gcc/5.3.0/lib/libopen-pal.so.13(opal_memory_ptmalloc2_malloc+0x4c)[0x7fd1162c365c]
[c7101:24734] [ 3] ./../../ParallelMPI/fast-mrmr[0x40defc]
[c7101:24734] [ 4] /opt/cesga/gcc/5.3.0/lib64/libgomp.so.1(+0xf02e)[0x7fd11757102e]
[c7101:24734] [ 5] /lib64/libpthread.so.0(+0x7a51)[0x7fd117136a51]
[c7101:24734] [ 6] /lib64/libc.so.6(clone+0x6d)[0x7fd116e8393d]
[c7101:24734] *** End of error message ***
12
[c7101:24800] MCW rank 1 bound to socket 1[core 12[hwt 0]], socket 1[core 13[hwt 0]], socket 1[core 14[hwt 0]], socket 1[core 15[hwt 0]], socket 1[core 16[hwt 0]], socket 1[core 17[hwt 0]], socket 1[core 18[hwt 0]], socket 1[core 19[hwt 0]], socket 1[core 20[hwt 0]], socket 1[core 21[hwt 0]], socket 1[core 22[hwt 0]], socket 1[core 23[hwt 0]]: [./././././././././././.][B/B/B/B/B/B/B/B/B/B/B/B]
[c7101:24800] MCW rank 0 bound to socket 0[core 0[hwt 0]], socket 0[core 1[hwt 0]], socket 0[core 2[hwt 0]], socket 0[core 3[hwt 0]], socket 0[core 4[hwt 0]], socket 0[core 5[hwt 0]], socket 0[core 6[hwt 0]], socket 0[core 7[hwt 0]], socket 0[core 8[hwt 0]], socket 0[core 9[hwt 0]], socket 0[core 10[hwt 0]], socket 0[core 11[hwt 0]]: [B/B/B/B/B/B/B/B/B/B/B/B][./././././././././././.]
[c7101:24851] MCW rank 1 bound to socket 1[core 12[hwt 0]], socket 1[core 13[hwt 0]], socket 1[core 14[hwt 0]], socket 1[core 15[hwt 0]], socket 1[core 16[hwt 0]], socket 1[core 17[hwt 0]], socket 1[core 18[hwt 0]], socket 1[core 19[hwt 0]], socket 1[core 20[hwt 0]], socket 1[core 21[hwt 0]], socket 1[core 22[hwt 0]], socket 1[core 23[hwt 0]]: [./././././././././././.][B/B/B/B/B/B/B/B/B/B/B/B]
[c7101:24851] MCW rank 0 bound to socket 0[core 0[hwt 0]], socket 0[core 1[hwt 0]], socket 0[core 2[hwt 0]], socket 0[core 3[hwt 0]], socket 0[core 4[hwt 0]], socket 0[core 5[hwt 0]], socket 0[core 6[hwt 0]], socket 0[core 7[hwt 0]], socket 0[core 8[hwt 0]], socket 0[core 9[hwt 0]], socket 0[core 10[hwt 0]], socket 0[core 11[hwt 0]]: [B/B/B/B/B/B/B/B/B/B/B/B][./././././././././././.]
[c7101:24854] *** Process received signal ***
[c7101:24919] MCW rank 1 bound to socket 1[core 12[hwt 0]], socket 1[core 13[hwt 0]], socket 1[core 14[hwt 0]], socket 1[core 15[hwt 0]], socket 1[core 16[hwt 0]], socket 1[core 17[hwt 0]], socket 1[core 18[hwt 0]], socket 1[core 19[hwt 0]], socket 1[core 20[hwt 0]], socket 1[core 21[hwt 0]], socket 1[core 22[hwt 0]], socket 1[core 23[hwt 0]]: [./././././././././././.][B/B/B/B/B/B/B/B/B/B/B/B]
[c7101:24919] MCW rank 0 bound to socket 0[core 0[hwt 0]], socket 0[core 1[hwt 0]], socket 0[core 2[hwt 0]], socket 0[core 3[hwt 0]], socket 0[core 4[hwt 0]], socket 0[core 5[hwt 0]], socket 0[core 6[hwt 0]], socket 0[core 7[hwt 0]], socket 0[core 8[hwt 0]], socket 0[core 9[hwt 0]], socket 0[core 10[hwt 0]], socket 0[core 11[hwt 0]]: [B/B/B/B/B/B/B/B/B/B/B/B][./././././././././././.]
[c7101:24921] *** Process received signal ***
[c7101:24922] *** Process received signal ***
[c7101:24922] Signal: Segmentation fault (11)
[c7101:24922] Signal code:  (128)
[c7101:24922] Failing at address: (nil)
6
[c7101:24983] MCW rank 2 bound to socket 0[core 0[hwt 0]], socket 0[core 1[hwt 0]], socket 0[core 2[hwt 0]], socket 0[core 3[hwt 0]], socket 0[core 4[hwt 0]], socket 0[core 5[hwt 0]], socket 0[core 6[hwt 0]], socket 0[core 7[hwt 0]], socket 0[core 8[hwt 0]], socket 0[core 9[hwt 0]], socket 0[core 10[hwt 0]], socket 0[core 11[hwt 0]]: [B/B/B/B/B/B/B/B/B/B/B/B][./././././././././././.]
[c7101:24983] MCW rank 3 bound to socket 1[core 12[hwt 0]], socket 1[core 13[hwt 0]], socket 1[core 14[hwt 0]], socket 1[core 15[hwt 0]], socket 1[core 16[hwt 0]], socket 1[core 17[hwt 0]], socket 1[core 18[hwt 0]], socket 1[core 19[hwt 0]], socket 1[core 20[hwt 0]], socket 1[core 21[hwt 0]], socket 1[core 22[hwt 0]], socket 1[core 23[hwt 0]]: [./././././././././././.][B/B/B/B/B/B/B/B/B/B/B/B]
[c7101:24983] MCW rank 0 bound to socket 0[core 0[hwt 0]], socket 0[core 1[hwt 0]], socket 0[core 2[hwt 0]], socket 0[core 3[hwt 0]], socket 0[core 4[hwt 0]], socket 0[core 5[hwt 0]], socket 0[core 6[hwt 0]], socket 0[core 7[hwt 0]], socket 0[core 8[hwt 0]], socket 0[core 9[hwt 0]], socket 0[core 10[hwt 0]], socket 0[core 11[hwt 0]]: [B/B/B/B/B/B/B/B/B/B/B/B][./././././././././././.]
[c7101:24983] MCW rank 1 bound to socket 1[core 12[hwt 0]], socket 1[core 13[hwt 0]], socket 1[core 14[hwt 0]], socket 1[core 15[hwt 0]], socket 1[core 16[hwt 0]], socket 1[core 17[hwt 0]], socket 1[core 18[hwt 0]], socket 1[core 19[hwt 0]], socket 1[core 20[hwt 0]], socket 1[core 21[hwt 0]], socket 1[core 22[hwt 0]], socket 1[core 23[hwt 0]]: [./././././././././././.][B/B/B/B/B/B/B/B/B/B/B/B]
[c7101:24985] *** Process received signal ***
[c7101:24985] Signal: Segmentation fault (11)
[c7101:24985] Signal code: Invalid permissions (2)
[c7101:24985] Failing at address: 0x7f2e3c921070
[c7101:24985] [ 0] /lib64/libpthread.so.0(+0xf790)[0x7f2ffa3c2790]
[c7101:24985] [ 1] ./../../ParallelMPI/fast-mrmr[0x40d8c4]
[c7101:24985] [ 2] ./../../ParallelMPI/fast-mrmr[0x40dd3a]
[c7101:24985] [ 3] ./../../ParallelMPI/fast-mrmr[0x40a4ee]
[c7101:24985] [ 4] /opt/cesga/gcc/5.3.0/lib64/libgomp.so.1(+0xf02e)[0x7f2ffa7f502e]
[c7101:24985] [ 5] /lib64/libpthread.so.0(+0x7a51)[0x7f2ffa3baa51]
[c7101:24985] [ 6] /lib64/libc.so.6(clone+0x6d)[0x7f2ffa10793d]
[c7101:24985] *** End of error message ***
[c7101:24986] *** Process received signal ***
[c7101:24986] Signal: Segmentation fault (11)
[c7101:24986] Signal code: Invalid permissions (2)
[c7101:24986] Failing at address: 0x7f9905021224
[c7101:24987] *** Process received signal ***
[c7101:24988] *** Process received signal ***
[c7101:25036] MCW rank 2 bound to socket 0[core 0[hwt 0]], socket 0[core 1[hwt 0]], socket 0[core 2[hwt 0]], socket 0[core 3[hwt 0]], socket 0[core 4[hwt 0]], socket 0[core 5[hwt 0]], socket 0[core 6[hwt 0]], socket 0[core 7[hwt 0]], socket 0[core 8[hwt 0]], socket 0[core 9[hwt 0]], socket 0[core 10[hwt 0]], socket 0[core 11[hwt 0]]: [B/B/B/B/B/B/B/B/B/B/B/B][./././././././././././.]
[c7101:25036] MCW rank 3 bound to socket 1[core 12[hwt 0]], socket 1[core 13[hwt 0]], socket 1[core 14[hwt 0]], socket 1[core 15[hwt 0]], socket 1[core 16[hwt 0]], socket 1[core 17[hwt 0]], socket 1[core 18[hwt 0]], socket 1[core 19[hwt 0]], socket 1[core 20[hwt 0]], socket 1[core 21[hwt 0]], socket 1[core 22[hwt 0]], socket 1[core 23[hwt 0]]: [./././././././././././.][B/B/B/B/B/B/B/B/B/B/B/B]
[c7101:25036] MCW rank 0 bound to socket 0[core 0[hwt 0]], socket 0[core 1[hwt 0]], socket 0[core 2[hwt 0]], socket 0[core 3[hwt 0]], socket 0[core 4[hwt 0]], socket 0[core 5[hwt 0]], socket 0[core 6[hwt 0]], socket 0[core 7[hwt 0]], socket 0[core 8[hwt 0]], socket 0[core 9[hwt 0]], socket 0[core 10[hwt 0]], socket 0[core 11[hwt 0]]: [B/B/B/B/B/B/B/B/B/B/B/B][./././././././././././.]
[c7101:25036] MCW rank 1 bound to socket 1[core 12[hwt 0]], socket 1[core 13[hwt 0]], socket 1[core 14[hwt 0]], socket 1[core 15[hwt 0]], socket 1[core 16[hwt 0]], socket 1[core 17[hwt 0]], socket 1[core 18[hwt 0]], socket 1[core 19[hwt 0]], socket 1[core 20[hwt 0]], socket 1[core 21[hwt 0]], socket 1[core 22[hwt 0]], socket 1[core 23[hwt 0]]: [./././././././././././.][B/B/B/B/B/B/B/B/B/B/B/B]
[c7101:25038] *** Process received signal ***
[c7101:25040] *** Process received signal ***
[c7101:25038] Signal: Segmentation fault (11)
[c7101:25038] Signal code: Invalid permissions (2)
[c7101:25038] Failing at address: 0x7f7bc1c22160
[c7101:25039] *** Process received signal ***
[c7101:25039] Signal: Segmentation fault (11)
[c7101:25039] Signal code: Invalid permissions (2)
[c7101:25039] Failing at address: 0x7f644ca21224
[c7101:25087] MCW rank 2 bound to socket 0[core 0[hwt 0]], socket 0[core 1[hwt 0]], socket 0[core 2[hwt 0]], socket 0[core 3[hwt 0]], socket 0[core 4[hwt 0]], socket 0[core 5[hwt 0]], socket 0[core 6[hwt 0]], socket 0[core 7[hwt 0]], socket 0[core 8[hwt 0]], socket 0[core 9[hwt 0]], socket 0[core 10[hwt 0]], socket 0[core 11[hwt 0]]: [B/B/B/B/B/B/B/B/B/B/B/B][./././././././././././.]
[c7101:25087] MCW rank 3 bound to socket 1[core 12[hwt 0]], socket 1[core 13[hwt 0]], socket 1[core 14[hwt 0]], socket 1[core 15[hwt 0]], socket 1[core 16[hwt 0]], socket 1[core 17[hwt 0]], socket 1[core 18[hwt 0]], socket 1[core 19[hwt 0]], socket 1[core 20[hwt 0]], socket 1[core 21[hwt 0]], socket 1[core 22[hwt 0]], socket 1[core 23[hwt 0]]: [./././././././././././.][B/B/B/B/B/B/B/B/B/B/B/B]
[c7101:25087] MCW rank 0 bound to socket 0[core 0[hwt 0]], socket 0[core 1[hwt 0]], socket 0[core 2[hwt 0]], socket 0[core 3[hwt 0]], socket 0[core 4[hwt 0]], socket 0[core 5[hwt 0]], socket 0[core 6[hwt 0]], socket 0[core 7[hwt 0]], socket 0[core 8[hwt 0]], socket 0[core 9[hwt 0]], socket 0[core 10[hwt 0]], socket 0[core 11[hwt 0]]: [B/B/B/B/B/B/B/B/B/B/B/B][./././././././././././.]
[c7101:25087] MCW rank 1 bound to socket 1[core 12[hwt 0]], socket 1[core 13[hwt 0]], socket 1[core 14[hwt 0]], socket 1[core 15[hwt 0]], socket 1[core 16[hwt 0]], socket 1[core 17[hwt 0]], socket 1[core 18[hwt 0]], socket 1[core 19[hwt 0]], socket 1[core 20[hwt 0]], socket 1[core 21[hwt 0]], socket 1[core 22[hwt 0]], socket 1[core 23[hwt 0]]: [./././././././././././.][B/B/B/B/B/B/B/B/B/B/B/B]
[c7101:25089] *** Process received signal ***
[c7101:25089] Signal: Segmentation fault (11)
[c7101:25089] Signal code: Invalid permissions (2)
[c7101:25089] Failing at address: 0x7fbc6a9210c4
[c7101:25089] [ 0] /lib64/libpthread.so.0(+0xf790)[0x7fbe288ae790]
[c7101:25089] [ 1] ./../../ParallelMPI/fast-mrmr[0x40d8c4]
[c7101:25089] [ 2] ./../../ParallelMPI/fast-mrmr[0x40dd3a]
[c7101:25089] [ 3] ./../../ParallelMPI/fast-mrmr[0x40a4ee]
[c7101:25089] [ 4] /opt/cesga/gcc/5.3.0/lib64/libgomp.so.1(+0xf02e)[0x7fbe28ce102e]
[c7101:25089] [ 5] /lib64/libpthread.so.0(+0x7a51)[0x7fbe288a6a51]
[c7101:25089] [ 6] /lib64/libc.so.6(clone+0x6d)[0x7fbe285f393d]
[c7101:25089] *** End of error message ***
[c7101:25090] *** Process received signal ***
[c7101:25090] Signal: Segmentation fault (11)
[c7101:25090] Signal code: Address not mapped (1)
[c7101:25090] Failing at address: 0x1540b64
[c7101:25090] [ 0] /lib64/libpthread.so.0(+0xf790)[0x7f4661057790]
[c7101:25090] [c7101:25091] *** Process received signal ***
[c7101:25092] *** Process received signal ***
4
[c7101:25146] MCW rank 3 bound to socket 1[core 12[hwt 0]], socket 1[core 13[hwt 0]], socket 1[core 14[hwt 0]], socket 1[core 15[hwt 0]], socket 1[core 16[hwt 0]], socket 1[core 17[hwt 0]], socket 1[core 18[hwt 0]], socket 1[core 19[hwt 0]], socket 1[core 20[hwt 0]], socket 1[core 21[hwt 0]], socket 1[core 22[hwt 0]], socket 1[core 23[hwt 0]]: [./././././././././././.][B/B/B/B/B/B/B/B/B/B/B/B]
[c7101:25146] MCW rank 4 bound to socket 0[core 0[hwt 0]], socket 0[core 1[hwt 0]], socket 0[core 2[hwt 0]], socket 0[core 3[hwt 0]], socket 0[core 4[hwt 0]], socket 0[core 5[hwt 0]], socket 0[core 6[hwt 0]], socket 0[core 7[hwt 0]], socket 0[core 8[hwt 0]], socket 0[core 9[hwt 0]], socket 0[core 10[hwt 0]], socket 0[core 11[hwt 0]]: [B/B/B/B/B/B/B/B/B/B/B/B][./././././././././././.]
[c7101:25146] MCW rank 5 bound to socket 1[core 12[hwt 0]], socket 1[core 13[hwt 0]], socket 1[core 14[hwt 0]], socket 1[core 15[hwt 0]], socket 1[core 16[hwt 0]], socket 1[core 17[hwt 0]], socket 1[core 18[hwt 0]], socket 1[core 19[hwt 0]], socket 1[core 20[hwt 0]], socket 1[core 21[hwt 0]], socket 1[core 22[hwt 0]], socket 1[core 23[hwt 0]]: [./././././././././././.][B/B/B/B/B/B/B/B/B/B/B/B]
[c7101:25146] MCW rank 0 bound to socket 0[core 0[hwt 0]], socket 0[core 1[hwt 0]], socket 0[core 2[hwt 0]], socket 0[core 3[hwt 0]], socket 0[core 4[hwt 0]], socket 0[core 5[hwt 0]], socket 0[core 6[hwt 0]], socket 0[core 7[hwt 0]], socket 0[core 8[hwt 0]], socket 0[core 9[hwt 0]], socket 0[core 10[hwt 0]], socket 0[core 11[hwt 0]]: [B/B/B/B/B/B/B/B/B/B/B/B][./././././././././././.]
[c7101:25146] MCW rank 1 bound to socket 1[core 12[hwt 0]], socket 1[core 13[hwt 0]], socket 1[core 14[hwt 0]], socket 1[core 15[hwt 0]], socket 1[core 16[hwt 0]], socket 1[core 17[hwt 0]], socket 1[core 18[hwt 0]], socket 1[core 19[hwt 0]], socket 1[core 20[hwt 0]], socket 1[core 21[hwt 0]], socket 1[core 22[hwt 0]], socket 1[core 23[hwt 0]]: [./././././././././././.][B/B/B/B/B/B/B/B/B/B/B/B]
[c7101:25146] MCW rank 2 bound to socket 0[core 0[hwt 0]], socket 0[core 1[hwt 0]], socket 0[core 2[hwt 0]], socket 0[core 3[hwt 0]], socket 0[core 4[hwt 0]], socket 0[core 5[hwt 0]], socket 0[core 6[hwt 0]], socket 0[core 7[hwt 0]], socket 0[core 8[hwt 0]], socket 0[core 9[hwt 0]], socket 0[core 10[hwt 0]], socket 0[core 11[hwt 0]]: [B/B/B/B/B/B/B/B/B/B/B/B][./././././././././././.]
[c7101:25149] *** Process received signal ***
[c7101:25149] Signal: Segmentation fault (11)
[c7101:25149] Signal code: Invalid permissions (2)
[c7101:25149] Failing at address: 0x7f5bee521230
[c7101:25148] *** Process received signal ***
[c7101:25148] Signal: Segmentation fault (11)
[c7101:25148] Signal code: Address not mapped (1)
[c7101:25148] Failing at address: 0x2257390
[c7101:25148] [ 0] /lib64/libpthread.so.0(+0xf790)[0x7ff33e2c1790]
[c7101:25148] [ 1] ./../../ParallelMPI/fast-mrmr[0x40d8c4]
[c7101:25148] [ 2] ./../../ParallelMPI/fast-mrmr[0x40dd3a]
[c7101:25148] [ 3] ./../../ParallelMPI/fast-mrmr[0x40a4ee]
[c7101:25148] [ 4] /opt/cesga/gcc/5.3.0/lib64/libgomp.so.1(GOMP_parallel+0x3f)[0x7ff33e6f097f]
[c7101:25148] [ 5] ./../../ParallelMPI/fast-mrmr[0x40912e]
[c7101:25148] [ 6] /lib64/libc.so.6(__libc_start_main+0xfd)[0x7ff33df3cd5d]
[c7101:25148] [ 7] ./../../ParallelMPI/fast-mrmr[0x40a291]
[c7101:25148] *** End of error message ***
[c7101:25152] *** Process received signal ***
[c7101:25152] Signal: Segmentation fault (11)
[c7101:25152] Signal code: Invalid permissions (2)
[c7101:25152] Failing at address: 0x7fa990821000
[c7101:25150] *** Process received signal ***
[c7101:25150] Signal: Segmentation fault (11)
[c7101:25150] Signal code: Invalid permissions (2)
[c7101:25150] Failing at address: 0x7f5fb6421000
[c7101:25151] *** Process received signal ***
[c7101:25153] *** Process received signal ***
[c7101:25153] Signal: Segmentation fault (11)
[c7101:25153] Signal code: Invalid permissions (2)
[c7101:25153] Failing at address: 0x7f738ff21000
[c7101:25227] MCW rank 3 bound to socket 1[core 12[hwt 0]], socket 1[core 13[hwt 0]], socket 1[core 14[hwt 0]], socket 1[core 15[hwt 0]], socket 1[core 16[hwt 0]], socket 1[core 17[hwt 0]], socket 1[core 18[hwt 0]], socket 1[core 19[hwt 0]], socket 1[core 20[hwt 0]], socket 1[core 21[hwt 0]], socket 1[core 22[hwt 0]], socket 1[core 23[hwt 0]]: [./././././././././././.][B/B/B/B/B/B/B/B/B/B/B/B]
[c7101:25227] MCW rank 4 bound to socket 0[core 0[hwt 0]], socket 0[core 1[hwt 0]], socket 0[core 2[hwt 0]], socket 0[core 3[hwt 0]], socket 0[core 4[hwt 0]], socket 0[core 5[hwt 0]], socket 0[core 6[hwt 0]], socket 0[core 7[hwt 0]], socket 0[core 8[hwt 0]], socket 0[core 9[hwt 0]], socket 0[core 10[hwt 0]], socket 0[core 11[hwt 0]]: [B/B/B/B/B/B/B/B/B/B/B/B][./././././././././././.]
[c7101:25227] MCW rank 5 bound to socket 1[core 12[hwt 0]], socket 1[core 13[hwt 0]], socket 1[core 14[hwt 0]], socket 1[core 15[hwt 0]], socket 1[core 16[hwt 0]], socket 1[core 17[hwt 0]], socket 1[core 18[hwt 0]], socket 1[core 19[hwt 0]], socket 1[core 20[hwt 0]], socket 1[core 21[hwt 0]], socket 1[core 22[hwt 0]], socket 1[core 23[hwt 0]]: [./././././././././././.][B/B/B/B/B/B/B/B/B/B/B/B]
[c7101:25227] MCW rank 0 bound to socket 0[core 0[hwt 0]], socket 0[core 1[hwt 0]], socket 0[core 2[hwt 0]], socket 0[core 3[hwt 0]], socket 0[core 4[hwt 0]], socket 0[core 5[hwt 0]], socket 0[core 6[hwt 0]], socket 0[core 7[hwt 0]], socket 0[core 8[hwt 0]], socket 0[core 9[hwt 0]], socket 0[core 10[hwt 0]], socket 0[core 11[hwt 0]]: [B/B/B/B/B/B/B/B/B/B/B/B][./././././././././././.]
[c7101:25227] MCW rank 1 bound to socket 1[core 12[hwt 0]], socket 1[core 13[hwt 0]], socket 1[core 14[hwt 0]], socket 1[core 15[hwt 0]], socket 1[core 16[hwt 0]], socket 1[core 17[hwt 0]], socket 1[core 18[hwt 0]], socket 1[core 19[hwt 0]], socket 1[core 20[hwt 0]], socket 1[core 21[hwt 0]], socket 1[core 22[hwt 0]], socket 1[core 23[hwt 0]]: [./././././././././././.][B/B/B/B/B/B/B/B/B/B/B/B]
[c7101:25227] MCW rank 2 bound to socket 0[core 0[hwt 0]], socket 0[core 1[hwt 0]], socket 0[core 2[hwt 0]], socket 0[core 3[hwt 0]], socket 0[core 4[hwt 0]], socket 0[core 5[hwt 0]], socket 0[core 6[hwt 0]], socket 0[core 7[hwt 0]], socket 0[core 8[hwt 0]], socket 0[core 9[hwt 0]], socket 0[core 10[hwt 0]], socket 0[core 11[hwt 0]]: [B/B/B/B/B/B/B/B/B/B/B/B][./././././././././././.]
[c7101:25230] *** Process received signal ***
[c7101:25230] Signal: Segmentation fault (11)
[c7101:25230] Signal code: Invalid permissions (2)
[c7101:25230] Failing at address: 0x7f41da447144
[c7101:25230] [ 0] /lib64/libpthread.so.0(+0xf790)[0x7f41ed398790]
[c7101:25230] [ 1] ./../../ParallelMPI/fast-mrmr[0x40d8c4]
[c7101:25230] [ 2] ./../../ParallelMPI/fast-mrmr[0x40dd3a]
[c7101:25230] [ 3] ./../../ParallelMPI/fast-mrmr[0x40a4ee]
[c7101:25230] [ 4] /opt/cesga/gcc/5.3.0/lib64/libgomp.so.1(+0xf02e)[0x7f41ed7cb02e]
[c7101:25230] [ 5] /lib64/libpthread.so.0(+0x7a51)[0x7f41ed390a51]
[c7101:25230] [ 6] /lib64/libc.so.6(clone+0x6d)[0x7f41ed0dd93d]
[c7101:25230] *** End of error message ***
[c7101:25229] *** Process received signal ***
[c7101:25229] Signal: Segmentation fault (11)
[c7101:25229] Signal code: Address not mapped (1)
[c7101:25229] Failing at address: 0x2128258
[c7101:25229] [ 0] /lib64/libpthread.so.0(+0xf790)[0x7fecd1d9e790]
[c7101:25229] [ 1] ./../../ParallelMPI/fast-mrmr[0x40d8c4]
[c7101:25229] [ 2] ./../../ParallelMPI/fast-mrmr[0x40dd3a]
[c7101:25229] [ 3] ./../../ParallelMPI/fast-mrmr[0x40a4ee]
[c7101:25229] [ 4] /opt/cesga/gcc/5.3.0/lib64/libgomp.so.1(GOMP_parallel+0x3f)[0x7fecd21cd97f]
[c7101:25229] [ 5] ./../../ParallelMPI/fast-mrmr[0x40912e]
[c7101:25229] [ 6] /lib64/libc.so.6(__libc_start_main+0xfd)[0x7fecd1a19d5d]
[c7101:25229] [ 7] ./../../ParallelMPI/fast-mrmr[0x40a291]
[c7101:25229] *** End of error message ***
[c7101:25233] *** Process received signal ***
[c7101:25233] Signal: Segmentation fault (11)
[c7101:25233] Signal code: Invalid permissions (2)
[c7101:25233] Failing at address: 0x7fb272621000
[c7101:25231] *** Process received signal ***
[c7101:25231] Signal: Segmentation fault (11)
[c7101:25231] Signal code: Invalid permissions (2)
[c7101:25231] Failing at address: 0x7f3f46c21000
[c7101:25232] *** Process received signal ***
[c7101:25234] *** Process received signal ***
[c7101:25234] Signal: Segmentation fault (11)
[c7101:25234] Signal code: Invalid permissions (2)
[c7101:25234] Failing at address: 0x7f0620d21000
[c7101:25278] MCW rank 3 bound to socket 1[core 12[hwt 0]], socket 1[core 13[hwt 0]], socket 1[core 14[hwt 0]], socket 1[core 15[hwt 0]], socket 1[core 16[hwt 0]], socket 1[core 17[hwt 0]], socket 1[core 18[hwt 0]], socket 1[core 19[hwt 0]], socket 1[core 20[hwt 0]], socket 1[core 21[hwt 0]], socket 1[core 22[hwt 0]], socket 1[core 23[hwt 0]]: [./././././././././././.][B/B/B/B/B/B/B/B/B/B/B/B]
[c7101:25278] MCW rank 4 bound to socket 0[core 0[hwt 0]], socket 0[core 1[hwt 0]], socket 0[core 2[hwt 0]], socket 0[core 3[hwt 0]], socket 0[core 4[hwt 0]], socket 0[core 5[hwt 0]], socket 0[core 6[hwt 0]], socket 0[core 7[hwt 0]], socket 0[core 8[hwt 0]], socket 0[core 9[hwt 0]], socket 0[core 10[hwt 0]], socket 0[core 11[hwt 0]]: [B/B/B/B/B/B/B/B/B/B/B/B][./././././././././././.]
[c7101:25278] MCW rank 5 bound to socket 1[core 12[hwt 0]], socket 1[core 13[hwt 0]], socket 1[core 14[hwt 0]], socket 1[core 15[hwt 0]], socket 1[core 16[hwt 0]], socket 1[core 17[hwt 0]], socket 1[core 18[hwt 0]], socket 1[core 19[hwt 0]], socket 1[core 20[hwt 0]], socket 1[core 21[hwt 0]], socket 1[core 22[hwt 0]], socket 1[core 23[hwt 0]]: [./././././././././././.][B/B/B/B/B/B/B/B/B/B/B/B]
[c7101:25278] MCW rank 0 bound to socket 0[core 0[hwt 0]], socket 0[core 1[hwt 0]], socket 0[core 2[hwt 0]], socket 0[core 3[hwt 0]], socket 0[core 4[hwt 0]], socket 0[core 5[hwt 0]], socket 0[core 6[hwt 0]], socket 0[core 7[hwt 0]], socket 0[core 8[hwt 0]], socket 0[core 9[hwt 0]], socket 0[core 10[hwt 0]], socket 0[core 11[hwt 0]]: [B/B/B/B/B/B/B/B/B/B/B/B][./././././././././././.]
[c7101:25278] MCW rank 1 bound to socket 1[core 12[hwt 0]], socket 1[core 13[hwt 0]], socket 1[core 14[hwt 0]], socket 1[core 15[hwt 0]], socket 1[core 16[hwt 0]], socket 1[core 17[hwt 0]], socket 1[core 18[hwt 0]], socket 1[core 19[hwt 0]], socket 1[core 20[hwt 0]], socket 1[core 21[hwt 0]], socket 1[core 22[hwt 0]], socket 1[core 23[hwt 0]]: [./././././././././././.][B/B/B/B/B/B/B/B/B/B/B/B]
[c7101:25278] MCW rank 2 bound to socket 0[core 0[hwt 0]], socket 0[core 1[hwt 0]], socket 0[core 2[hwt 0]], socket 0[core 3[hwt 0]], socket 0[core 4[hwt 0]], socket 0[core 5[hwt 0]], socket 0[core 6[hwt 0]], socket 0[core 7[hwt 0]], socket 0[core 8[hwt 0]], socket 0[core 9[hwt 0]], socket 0[core 10[hwt 0]], socket 0[core 11[hwt 0]]: [B/B/B/B/B/B/B/B/B/B/B/B][./././././././././././.]
[c7101:25280] *** Process received signal ***
[c7101:25280] Signal: Segmentation fault (11)
[c7101:25280] Signal code: Address not mapped (1)
[c7101:25280] Failing at address: 0x22d9014
[c7101:25281] *** Process received signal ***
[c7101:25281] Signal: Segmentation fault (11)
[c7101:25281] Signal code: Invalid permissions (2)
[c7101:25281] Failing at address: 0x7f7f88e460c0
[c7101:25281] [ 0] [c7101:25280] /lib64/libpthread.so.0(+0xf790)[0x7f7f9bd33790]
[c7101:25281] [ 1] ./../../ParallelMPI/fast-mrmr[0x40d8c4]
[c7101:25281] [ 2] ./../../ParallelMPI/fast-mrmr[0x40dd3a]
[c7101:25281] [ 3] ./../../ParallelMPI/fast-mrmr[0x40a4ee]
[c7101:25281] [ 4] /opt/cesga/gcc/5.3.0/lib64/libgomp.so.1(+0xf02e)[0x7f7f9c16602e]
[c7101:25281] [ 5] /lib64/libpthread.so.0(+0x7a51)[0x7f7f9bd2ba51]
[c7101:25281] [ 6] /lib64/libc.so.6(clone+0x6d)[0x7f7f9ba7893d]
[c7101:25281] *** End of error message ***
[ 0] /lib64/libpthread.so.0(+0xf790)[0x7fa70dd0b790]
[c7101:25280] [ 1] ./../../ParallelMPI/fast-mrmr[0x40d8c4]
[c7101:25280] [ 2] ./../../ParallelMPI/fast-mrmr[0x40dd3a]
[c7101:25280] [ 3] ./../../ParallelMPI/fast-mrmr[0x40a4ee]
[c7101:25280] [ 4] /opt/cesga/gcc/5.3.0/lib64/libgomp.so.1(GOMP_parallel+0x3f)[0x7fa70e13a97f]
[c7101:25280] [ 5] ./../../ParallelMPI/fast-mrmr[0x40912e]
[c7101:25280] [ 6] /lib64/libc.so.6(__libc_start_main+0xfd)[0x7fa70d986d5d]
[c7101:25280] [ 7] ./../../ParallelMPI/fast-mrmr[0x40a291]
[c7101:25280] *** End of error message ***
[c7101:25285] *** Process received signal ***
[c7101:25285] Signal: Segmentation fault (11)
[c7101:25285] Signal code: Invalid permissions (2)
[c7101:25285] Failing at address: 0x7f0db1046008
[c7101:25282] *** Process received signal ***
[c7101:25282] Signal: Segmentation fault (11)
[c7101:25282] Signal code: Invalid permissions (2)
[c7101:25282] Failing at address: 0x7f49dfa21000
[c7101:25284] *** Process received signal ***
[c7101:25284] Signal: Segmentation fault (11)
[c7101:25284] Signal code: Invalid permissions (2)
[c7101:25284] Failing at address: 0x7f93b4e21000
[c7101:25283] *** Process received signal ***
2
[c7101:25329] MCW rank 7 bound to socket 1[core 12[hwt 0]], socket 1[core 13[hwt 0]], socket 1[core 14[hwt 0]], socket 1[core 15[hwt 0]], socket 1[core 16[hwt 0]], socket 1[core 17[hwt 0]], socket 1[core 18[hwt 0]], socket 1[core 19[hwt 0]], socket 1[core 20[hwt 0]], socket 1[core 21[hwt 0]], socket 1[core 22[hwt 0]], socket 1[core 23[hwt 0]]: [./././././././././././.][B/B/B/B/B/B/B/B/B/B/B/B]
[c7101:25329] MCW rank 8 bound to socket 0[core 0[hwt 0]], socket 0[core 1[hwt 0]], socket 0[core 2[hwt 0]], socket 0[core 3[hwt 0]], socket 0[core 4[hwt 0]], socket 0[core 5[hwt 0]], socket 0[core 6[hwt 0]], socket 0[core 7[hwt 0]], socket 0[core 8[hwt 0]], socket 0[core 9[hwt 0]], socket 0[core 10[hwt 0]], socket 0[core 11[hwt 0]]: [B/B/B/B/B/B/B/B/B/B/B/B][./././././././././././.]
[c7101:25329] MCW rank 9 bound to socket 1[core 12[hwt 0]], socket 1[core 13[hwt 0]], socket 1[core 14[hwt 0]], socket 1[core 15[hwt 0]], socket 1[core 16[hwt 0]], socket 1[core 17[hwt 0]], socket 1[core 18[hwt 0]], socket 1[core 19[hwt 0]], socket 1[core 20[hwt 0]], socket 1[core 21[hwt 0]], socket 1[core 22[hwt 0]], socket 1[core 23[hwt 0]]: [./././././././././././.][B/B/B/B/B/B/B/B/B/B/B/B]
[c7101:25329] MCW rank 10 bound to socket 0[core 0[hwt 0]], socket 0[core 1[hwt 0]], socket 0[core 2[hwt 0]], socket 0[core 3[hwt 0]], socket 0[core 4[hwt 0]], socket 0[core 5[hwt 0]], socket 0[core 6[hwt 0]], socket 0[core 7[hwt 0]], socket 0[core 8[hwt 0]], socket 0[core 9[hwt 0]], socket 0[core 10[hwt 0]], socket 0[core 11[hwt 0]]: [B/B/B/B/B/B/B/B/B/B/B/B][./././././././././././.]
[c7101:25329] MCW rank 11 bound to socket 1[core 12[hwt 0]], socket 1[core 13[hwt 0]], socket 1[core 14[hwt 0]], socket 1[core 15[hwt 0]], socket 1[core 16[hwt 0]], socket 1[core 17[hwt 0]], socket 1[core 18[hwt 0]], socket 1[core 19[hwt 0]], socket 1[core 20[hwt 0]], socket 1[core 21[hwt 0]], socket 1[core 22[hwt 0]], socket 1[core 23[hwt 0]]: [./././././././././././.][B/B/B/B/B/B/B/B/B/B/B/B]
[c7101:25329] MCW rank 0 bound to socket 0[core 0[hwt 0]], socket 0[core 1[hwt 0]], socket 0[core 2[hwt 0]], socket 0[core 3[hwt 0]], socket 0[core 4[hwt 0]], socket 0[core 5[hwt 0]], socket 0[core 6[hwt 0]], socket 0[core 7[hwt 0]], socket 0[core 8[hwt 0]], socket 0[core 9[hwt 0]], socket 0[core 10[hwt 0]], socket 0[core 11[hwt 0]]: [B/B/B/B/B/B/B/B/B/B/B/B][./././././././././././.]
[c7101:25329] MCW rank 1 bound to socket 1[core 12[hwt 0]], socket 1[core 13[hwt 0]], socket 1[core 14[hwt 0]], socket 1[core 15[hwt 0]], socket 1[core 16[hwt 0]], socket 1[core 17[hwt 0]], socket 1[core 18[hwt 0]], socket 1[core 19[hwt 0]], socket 1[core 20[hwt 0]], socket 1[core 21[hwt 0]], socket 1[core 22[hwt 0]], socket 1[core 23[hwt 0]]: [./././././././././././.][B/B/B/B/B/B/B/B/B/B/B/B]
[c7101:25329] MCW rank 2 bound to socket 0[core 0[hwt 0]], socket 0[core 1[hwt 0]], socket 0[core 2[hwt 0]], socket 0[core 3[hwt 0]], socket 0[core 4[hwt 0]], socket 0[core 5[hwt 0]], socket 0[core 6[hwt 0]], socket 0[core 7[hwt 0]], socket 0[core 8[hwt 0]], socket 0[core 9[hwt 0]], socket 0[core 10[hwt 0]], socket 0[core 11[hwt 0]]: [B/B/B/B/B/B/B/B/B/B/B/B][./././././././././././.]
[c7101:25329] MCW rank 3 bound to socket 1[core 12[hwt 0]], socket 1[core 13[hwt 0]], socket 1[core 14[hwt 0]], socket 1[core 15[hwt 0]], socket 1[core 16[hwt 0]], socket 1[core 17[hwt 0]], socket 1[core 18[hwt 0]], socket 1[core 19[hwt 0]], socket 1[core 20[hwt 0]], socket 1[core 21[hwt 0]], socket 1[core 22[hwt 0]], socket 1[core 23[hwt 0]]: [./././././././././././.][B/B/B/B/B/B/B/B/B/B/B/B]
[c7101:25329] MCW rank 4 bound to socket 0[core 0[hwt 0]], socket 0[core 1[hwt 0]], socket 0[core 2[hwt 0]], socket 0[core 3[hwt 0]], socket 0[core 4[hwt 0]], socket 0[core 5[hwt 0]], socket 0[core 6[hwt 0]], socket 0[core 7[hwt 0]], socket 0[core 8[hwt 0]], socket 0[core 9[hwt 0]], socket 0[core 10[hwt 0]], socket 0[core 11[hwt 0]]: [B/B/B/B/B/B/B/B/B/B/B/B][./././././././././././.]
[c7101:25329] MCW rank 5 bound to socket 1[core 12[hwt 0]], socket 1[core 13[hwt 0]], socket 1[core 14[hwt 0]], socket 1[core 15[hwt 0]], socket 1[core 16[hwt 0]], socket 1[core 17[hwt 0]], socket 1[core 18[hwt 0]], socket 1[core 19[hwt 0]], socket 1[core 20[hwt 0]], socket 1[core 21[hwt 0]], socket 1[core 22[hwt 0]], socket 1[core 23[hwt 0]]: [./././././././././././.][B/B/B/B/B/B/B/B/B/B/B/B]
[c7101:25329] MCW rank 6 bound to socket 0[core 0[hwt 0]], socket 0[core 1[hwt 0]], socket 0[core 2[hwt 0]], socket 0[core 3[hwt 0]], socket 0[core 4[hwt 0]], socket 0[core 5[hwt 0]], socket 0[core 6[hwt 0]], socket 0[core 7[hwt 0]], socket 0[core 8[hwt 0]], socket 0[core 9[hwt 0]], socket 0[core 10[hwt 0]], socket 0[core 11[hwt 0]]: [B/B/B/B/B/B/B/B/B/B/B/B][./././././././././././.]
[c7101:25331] *** Process received signal ***
[c7101:25331] Signal: Segmentation fault (11)
[c7101:25331] Signal code: Address not mapped (1)
[c7101:25331] Failing at address: 0x1bd3218
[c7101:25333] *** Process received signal ***
[c7101:25333] Signal: Segmentation fault (11)
[c7101:25333] Signal code: Invalid permissions (2)
[c7101:25333] Failing at address: 0x7f0eccc212a0
[c7101:25333] [ 0] /lib64/libpthread.so.0(+0xf790)[0x7f0f84224790]
[c7101:25333] [ 1] ./../../ParallelMPI/fast-mrmr[0x40d8c4]
[c7101:25333] [ 2] ./../../ParallelMPI/fast-mrmr[0x40dd3a]
[c7101:25333] [ 3] ./../../ParallelMPI/fast-mrmr[0x40a4ee]
[c7101:25333] [ 4] /opt/cesga/gcc/5.3.0/lib64/libgomp.so.1(+0xf02e)[0x7f0f8465702e]
[c7101:25333] [ 5] /lib64/libpthread.so.0(+0x7a51)[0x7f0f8421ca51]
[c7101:25333] [ 6] /lib64/libc.so.6(clone+0x6d)[0x7f0f83f6993d]
[c7101:25333] *** End of error message ***
[c7101:25404] MCW rank 7 bound to socket 1[core 12[hwt 0]], socket 1[core 13[hwt 0]], socket 1[core 14[hwt 0]], socket 1[core 15[hwt 0]], socket 1[core 16[hwt 0]], socket 1[core 17[hwt 0]], socket 1[core 18[hwt 0]], socket 1[core 19[hwt 0]], socket 1[core 20[hwt 0]], socket 1[core 21[hwt 0]], socket 1[core 22[hwt 0]], socket 1[core 23[hwt 0]]: [./././././././././././.][B/B/B/B/B/B/B/B/B/B/B/B]
[c7101:25404] MCW rank 8 bound to socket 0[core 0[hwt 0]], socket 0[core 1[hwt 0]], socket 0[core 2[hwt 0]], socket 0[core 3[hwt 0]], socket 0[core 4[hwt 0]], socket 0[core 5[hwt 0]], socket 0[core 6[hwt 0]], socket 0[core 7[hwt 0]], socket 0[core 8[hwt 0]], socket 0[core 9[hwt 0]], socket 0[core 10[hwt 0]], socket 0[core 11[hwt 0]]: [B/B/B/B/B/B/B/B/B/B/B/B][./././././././././././.]
[c7101:25404] MCW rank 9 bound to socket 1[core 12[hwt 0]], socket 1[core 13[hwt 0]], socket 1[core 14[hwt 0]], socket 1[core 15[hwt 0]], socket 1[core 16[hwt 0]], socket 1[core 17[hwt 0]], socket 1[core 18[hwt 0]], socket 1[core 19[hwt 0]], socket 1[core 20[hwt 0]], socket 1[core 21[hwt 0]], socket 1[core 22[hwt 0]], socket 1[core 23[hwt 0]]: [./././././././././././.][B/B/B/B/B/B/B/B/B/B/B/B]
[c7101:25404] MCW rank 10 bound to socket 0[core 0[hwt 0]], socket 0[core 1[hwt 0]], socket 0[core 2[hwt 0]], socket 0[core 3[hwt 0]], socket 0[core 4[hwt 0]], socket 0[core 5[hwt 0]], socket 0[core 6[hwt 0]], socket 0[core 7[hwt 0]], socket 0[core 8[hwt 0]], socket 0[core 9[hwt 0]], socket 0[core 10[hwt 0]], socket 0[core 11[hwt 0]]: [B/B/B/B/B/B/B/B/B/B/B/B][./././././././././././.]
[c7101:25404] MCW rank 11 bound to socket 1[core 12[hwt 0]], socket 1[core 13[hwt 0]], socket 1[core 14[hwt 0]], socket 1[core 15[hwt 0]], socket 1[core 16[hwt 0]], socket 1[core 17[hwt 0]], socket 1[core 18[hwt 0]], socket 1[core 19[hwt 0]], socket 1[core 20[hwt 0]], socket 1[core 21[hwt 0]], socket 1[core 22[hwt 0]], socket 1[core 23[hwt 0]]: [./././././././././././.][B/B/B/B/B/B/B/B/B/B/B/B]
[c7101:25404] MCW rank 0 bound to socket 0[core 0[hwt 0]], socket 0[core 1[hwt 0]], socket 0[core 2[hwt 0]], socket 0[core 3[hwt 0]], socket 0[core 4[hwt 0]], socket 0[core 5[hwt 0]], socket 0[core 6[hwt 0]], socket 0[core 7[hwt 0]], socket 0[core 8[hwt 0]], socket 0[core 9[hwt 0]], socket 0[core 10[hwt 0]], socket 0[core 11[hwt 0]]: [B/B/B/B/B/B/B/B/B/B/B/B][./././././././././././.]
[c7101:25404] MCW rank 1 bound to socket 1[core 12[hwt 0]], socket 1[core 13[hwt 0]], socket 1[core 14[hwt 0]], socket 1[core 15[hwt 0]], socket 1[core 16[hwt 0]], socket 1[core 17[hwt 0]], socket 1[core 18[hwt 0]], socket 1[core 19[hwt 0]], socket 1[core 20[hwt 0]], socket 1[core 21[hwt 0]], socket 1[core 22[hwt 0]], socket 1[core 23[hwt 0]]: [./././././././././././.][B/B/B/B/B/B/B/B/B/B/B/B]
[c7101:25404] MCW rank 2 bound to socket 0[core 0[hwt 0]], socket 0[core 1[hwt 0]], socket 0[core 2[hwt 0]], socket 0[core 3[hwt 0]], socket 0[core 4[hwt 0]], socket 0[core 5[hwt 0]], socket 0[core 6[hwt 0]], socket 0[core 7[hwt 0]], socket 0[core 8[hwt 0]], socket 0[core 9[hwt 0]], socket 0[core 10[hwt 0]], socket 0[core 11[hwt 0]]: [B/B/B/B/B/B/B/B/B/B/B/B][./././././././././././.]
[c7101:25404] MCW rank 3 bound to socket 1[core 12[hwt 0]], socket 1[core 13[hwt 0]], socket 1[core 14[hwt 0]], socket 1[core 15[hwt 0]], socket 1[core 16[hwt 0]], socket 1[core 17[hwt 0]], socket 1[core 18[hwt 0]], socket 1[core 19[hwt 0]], socket 1[core 20[hwt 0]], socket 1[core 21[hwt 0]], socket 1[core 22[hwt 0]], socket 1[core 23[hwt 0]]: [./././././././././././.][B/B/B/B/B/B/B/B/B/B/B/B]
[c7101:25404] MCW rank 4 bound to socket 0[core 0[hwt 0]], socket 0[core 1[hwt 0]], socket 0[core 2[hwt 0]], socket 0[core 3[hwt 0]], socket 0[core 4[hwt 0]], socket 0[core 5[hwt 0]], socket 0[core 6[hwt 0]], socket 0[core 7[hwt 0]], socket 0[core 8[hwt 0]], socket 0[core 9[hwt 0]], socket 0[core 10[hwt 0]], socket 0[core 11[hwt 0]]: [B/B/B/B/B/B/B/B/B/B/B/B][./././././././././././.]
[c7101:25404] MCW rank 5 bound to socket 1[core 12[hwt 0]], socket 1[core 13[hwt 0]], socket 1[core 14[hwt 0]], socket 1[core 15[hwt 0]], socket 1[core 16[hwt 0]], socket 1[core 17[hwt 0]], socket 1[core 18[hwt 0]], socket 1[core 19[hwt 0]], socket 1[core 20[hwt 0]], socket 1[core 21[hwt 0]], socket 1[core 22[hwt 0]], socket 1[core 23[hwt 0]]: [./././././././././././.][B/B/B/B/B/B/B/B/B/B/B/B]
[c7101:25404] MCW rank 6 bound to socket 0[core 0[hwt 0]], socket 0[core 1[hwt 0]], socket 0[core 2[hwt 0]], socket 0[core 3[hwt 0]], socket 0[core 4[hwt 0]], socket 0[core 5[hwt 0]], socket 0[core 6[hwt 0]], socket 0[core 7[hwt 0]], socket 0[core 8[hwt 0]], socket 0[core 9[hwt 0]], socket 0[core 10[hwt 0]], socket 0[core 11[hwt 0]]: [B/B/B/B/B/B/B/B/B/B/B/B][./././././././././././.]
[c7101:25406] *** Process received signal ***
[c7101:25406] Signal: Segmentation fault (11)
[c7101:25406] Signal code: Address not mapped (1)
[c7101:25406] Failing at address: 0x220e18c
[c7101:25406] [c7101:25408] *** Process received signal ***
[c7101:25408] Signal: Segmentation fault (11)
[c7101:25408] Signal code: Address not mapped (1)
[c7101:25408] Failing at address: 0x1828098
[ 0] /lib64/libpthread.so.0(+0xf790)[0x7f8f0d5f3790]
[c7101:25406] [ 1] ./../../ParallelMPI/fast-mrmr[0x40d8c4]
[c7101:25406] [ 2] ./../../ParallelMPI/fast-mrmr[0x40dd3a]
[c7101:25406] [ 3] ./../../ParallelMPI/fast-mrmr[0x40a4ee]
[c7101:25406] [ 4] /opt/cesga/gcc/5.3.0/lib64/libgomp.so.1(GOMP_parallel+0x3f)[0x7f8f0da2297f]
[c7101:25406] [ 5] ./../../ParallelMPI/fast-mrmr[0x40912e]
[c7101:25406] [ 6] /lib64/libc.so.6(__libc_start_main+0xfd)[0x7f8f0d26ed5d]
[c7101:25406] [ 7] ./../../ParallelMPI/fast-mrmr[0x40a291]
[c7101:25406] *** End of error message ***
[c7101:25409] *** Process received signal ***
[c7101:25409] Signal: Segmentation fault (11)
[c7101:25409] Signal code: Address not mapped (1)
[c7101:25409] Failing at address: 0x1b840dc
[c7101:25473] MCW rank 7 bound to socket 1[core 12[hwt 0]], socket 1[core 13[hwt 0]], socket 1[core 14[hwt 0]], socket 1[core 15[hwt 0]], socket 1[core 16[hwt 0]], socket 1[core 17[hwt 0]], socket 1[core 18[hwt 0]], socket 1[core 19[hwt 0]], socket 1[core 20[hwt 0]], socket 1[core 21[hwt 0]], socket 1[core 22[hwt 0]], socket 1[core 23[hwt 0]]: [./././././././././././.][B/B/B/B/B/B/B/B/B/B/B/B]
[c7101:25473] MCW rank 8 bound to socket 0[core 0[hwt 0]], socket 0[core 1[hwt 0]], socket 0[core 2[hwt 0]], socket 0[core 3[hwt 0]], socket 0[core 4[hwt 0]], socket 0[core 5[hwt 0]], socket 0[core 6[hwt 0]], socket 0[core 7[hwt 0]], socket 0[core 8[hwt 0]], socket 0[core 9[hwt 0]], socket 0[core 10[hwt 0]], socket 0[core 11[hwt 0]]: [B/B/B/B/B/B/B/B/B/B/B/B][./././././././././././.]
[c7101:25473] MCW rank 9 bound to socket 1[core 12[hwt 0]], socket 1[core 13[hwt 0]], socket 1[core 14[hwt 0]], socket 1[core 15[hwt 0]], socket 1[core 16[hwt 0]], socket 1[core 17[hwt 0]], socket 1[core 18[hwt 0]], socket 1[core 19[hwt 0]], socket 1[core 20[hwt 0]], socket 1[core 21[hwt 0]], socket 1[core 22[hwt 0]], socket 1[core 23[hwt 0]]: [./././././././././././.][B/B/B/B/B/B/B/B/B/B/B/B]
[c7101:25473] MCW rank 10 bound to socket 0[core 0[hwt 0]], socket 0[core 1[hwt 0]], socket 0[core 2[hwt 0]], socket 0[core 3[hwt 0]], socket 0[core 4[hwt 0]], socket 0[core 5[hwt 0]], socket 0[core 6[hwt 0]], socket 0[core 7[hwt 0]], socket 0[core 8[hwt 0]], socket 0[core 9[hwt 0]], socket 0[core 10[hwt 0]], socket 0[core 11[hwt 0]]: [B/B/B/B/B/B/B/B/B/B/B/B][./././././././././././.]
[c7101:25473] MCW rank 11 bound to socket 1[core 12[hwt 0]], socket 1[core 13[hwt 0]], socket 1[core 14[hwt 0]], socket 1[core 15[hwt 0]], socket 1[core 16[hwt 0]], socket 1[core 17[hwt 0]], socket 1[core 18[hwt 0]], socket 1[core 19[hwt 0]], socket 1[core 20[hwt 0]], socket 1[core 21[hwt 0]], socket 1[core 22[hwt 0]], socket 1[core 23[hwt 0]]: [./././././././././././.][B/B/B/B/B/B/B/B/B/B/B/B]
[c7101:25473] MCW rank 0 bound to socket 0[core 0[hwt 0]], socket 0[core 1[hwt 0]], socket 0[core 2[hwt 0]], socket 0[core 3[hwt 0]], socket 0[core 4[hwt 0]], socket 0[core 5[hwt 0]], socket 0[core 6[hwt 0]], socket 0[core 7[hwt 0]], socket 0[core 8[hwt 0]], socket 0[core 9[hwt 0]], socket 0[core 10[hwt 0]], socket 0[core 11[hwt 0]]: [B/B/B/B/B/B/B/B/B/B/B/B][./././././././././././.]
[c7101:25473] MCW rank 1 bound to socket 1[core 12[hwt 0]], socket 1[core 13[hwt 0]], socket 1[core 14[hwt 0]], socket 1[core 15[hwt 0]], socket 1[core 16[hwt 0]], socket 1[core 17[hwt 0]], socket 1[core 18[hwt 0]], socket 1[core 19[hwt 0]], socket 1[core 20[hwt 0]], socket 1[core 21[hwt 0]], socket 1[core 22[hwt 0]], socket 1[core 23[hwt 0]]: [./././././././././././.][B/B/B/B/B/B/B/B/B/B/B/B]
[c7101:25473] MCW rank 2 bound to socket 0[core 0[hwt 0]], socket 0[core 1[hwt 0]], socket 0[core 2[hwt 0]], socket 0[core 3[hwt 0]], socket 0[core 4[hwt 0]], socket 0[core 5[hwt 0]], socket 0[core 6[hwt 0]], socket 0[core 7[hwt 0]], socket 0[core 8[hwt 0]], socket 0[core 9[hwt 0]], socket 0[core 10[hwt 0]], socket 0[core 11[hwt 0]]: [B/B/B/B/B/B/B/B/B/B/B/B][./././././././././././.]
[c7101:25473] MCW rank 3 bound to socket 1[core 12[hwt 0]], socket 1[core 13[hwt 0]], socket 1[core 14[hwt 0]], socket 1[core 15[hwt 0]], socket 1[core 16[hwt 0]], socket 1[core 17[hwt 0]], socket 1[core 18[hwt 0]], socket 1[core 19[hwt 0]], socket 1[core 20[hwt 0]], socket 1[core 21[hwt 0]], socket 1[core 22[hwt 0]], socket 1[core 23[hwt 0]]: [./././././././././././.][B/B/B/B/B/B/B/B/B/B/B/B]
[c7101:25473] MCW rank 4 bound to socket 0[core 0[hwt 0]], socket 0[core 1[hwt 0]], socket 0[core 2[hwt 0]], socket 0[core 3[hwt 0]], socket 0[core 4[hwt 0]], socket 0[core 5[hwt 0]], socket 0[core 6[hwt 0]], socket 0[core 7[hwt 0]], socket 0[core 8[hwt 0]], socket 0[core 9[hwt 0]], socket 0[core 10[hwt 0]], socket 0[core 11[hwt 0]]: [B/B/B/B/B/B/B/B/B/B/B/B][./././././././././././.]
[c7101:25473] MCW rank 5 bound to socket 1[core 12[hwt 0]], socket 1[core 13[hwt 0]], socket 1[core 14[hwt 0]], socket 1[core 15[hwt 0]], socket 1[core 16[hwt 0]], socket 1[core 17[hwt 0]], socket 1[core 18[hwt 0]], socket 1[core 19[hwt 0]], socket 1[core 20[hwt 0]], socket 1[core 21[hwt 0]], socket 1[core 22[hwt 0]], socket 1[core 23[hwt 0]]: [./././././././././././.][B/B/B/B/B/B/B/B/B/B/B/B]
[c7101:25473] MCW rank 6 bound to socket 0[core 0[hwt 0]], socket 0[core 1[hwt 0]], socket 0[core 2[hwt 0]], socket 0[core 3[hwt 0]], socket 0[core 4[hwt 0]], socket 0[core 5[hwt 0]], socket 0[core 6[hwt 0]], socket 0[core 7[hwt 0]], socket 0[core 8[hwt 0]], socket 0[core 9[hwt 0]], socket 0[core 10[hwt 0]], socket 0[core 11[hwt 0]]: [B/B/B/B/B/B/B/B/B/B/B/B][./././././././././././.]
[c7101:25477] *** Process received signal ***
[c7101:25477] Signal: Segmentation fault (11)
[c7101:25477] Signal code: Address not mapped (1)
[c7101:25477] Failing at address: 0x26360e4
[c7101:25477] [ 0] /lib64/libpthread.so.0(+0xf790)[0x7f0623776790]
[c7101:25477] [ 1] ./../../ParallelMPI/fast-mrmr[0x40d8c4]
[c7101:25477] [ 2] ./../../ParallelMPI/fast-mrmr[0x40dd3a]
[c7101:25477] [ 3] ./../../ParallelMPI/fast-mrmr[0x40a4ee]
[c7101:25477] [ 4] /opt/cesga/gcc/5.3.0/lib64/libgomp.so.1(GOMP_parallel+0x3f)[0x7f0623ba597f]
[c7101:25477] [ 5] ./../../ParallelMPI/fast-mrmr[0x40912e]
[c7101:25477] [ 6] /lib64/libc.so.6(__libc_start_main+0xfd)[0x7f06233f1d5d]
[c7101:25477] [ 7] ./../../ParallelMPI/fast-mrmr[0x40a291]
[c7101:25477] *** End of error message ***
[c7101:25475] *** Process received signal ***
[c7101:25475] Signal: Segmentation fault (11)
[c7101:25475] Signal code: Address not mapped (1)
[c7101:25475] Failing at address: 0xc2a014
[c7101:25480] *** Process received signal ***
[c7101:25480] Signal: Segmentation fault (11)
[c7101:25480] Signal code: Invalid permissions (2)
[c7101:25480] Failing at address: 0x7f491064a03c
[c7101:25480] [ 0] /lib64/libpthread.so.0(+0xf790)[0x7f49234fc790]
[c7101:25480] [ 1] ./../../ParallelMPI/fast-mrmr[0x40d8c4]
[c7101:25480] [ 2] ./../../ParallelMPI/fast-mrmr[0x40dd3a]
[c7101:25480] [ 3] ./../../ParallelMPI/fast-mrmr[0x40a4ee]
[c7101:25480] [ 4] /opt/cesga/gcc/5.3.0/lib64/libgomp.so.1(GOMP_parallel+0x3f)[0x7f492392b97f]
[c7101:25480] [ 5] ./../../ParallelMPI/fast-mrmr[0x40912e]
[c7101:25480] [ 6] /lib64/libc.so.6(__libc_start_main+0xfd)[0x7f4923177d5d]
[c7101:25480] [ 7] ./../../ParallelMPI/fast-mrmr[0x40a291]
[c7101:25480] *** End of error message ***
[c7101:25478] *** Process received signal ***
[c7101:25478] Signal: Segmentation fault (11)
[c7101:25478] Signal code: Address not mapped (1)
[c7101:25478] Failing at address: 0x1525100
[c7101:25476] *** Process received signal ***
[c7101:25476] Signal: Segmentation fault (11)
[c7101:25476] Signal code:  (128)
[c7101:25476] Failing at address: (nil)
1
[c7101:25547] MCW rank 19 bound to socket 1[core 12[hwt 0]], socket 1[core 13[hwt 0]], socket 1[core 14[hwt 0]], socket 1[core 15[hwt 0]], socket 1[core 16[hwt 0]], socket 1[core 17[hwt 0]], socket 1[core 18[hwt 0]], socket 1[core 19[hwt 0]], socket 1[core 20[hwt 0]], socket 1[core 21[hwt 0]], socket 1[core 22[hwt 0]], socket 1[core 23[hwt 0]]: [./././././././././././.][B/B/B/B/B/B/B/B/B/B/B/B]
[c7101:25547] MCW rank 20 bound to socket 0[core 0[hwt 0]], socket 0[core 1[hwt 0]], socket 0[core 2[hwt 0]], socket 0[core 3[hwt 0]], socket 0[core 4[hwt 0]], socket 0[core 5[hwt 0]], socket 0[core 6[hwt 0]], socket 0[core 7[hwt 0]], socket 0[core 8[hwt 0]], socket 0[core 9[hwt 0]], socket 0[core 10[hwt 0]], socket 0[core 11[hwt 0]]: [B/B/B/B/B/B/B/B/B/B/B/B][./././././././././././.]
[c7101:25547] MCW rank 21 bound to socket 1[core 12[hwt 0]], socket 1[core 13[hwt 0]], socket 1[core 14[hwt 0]], socket 1[core 15[hwt 0]], socket 1[core 16[hwt 0]], socket 1[core 17[hwt 0]], socket 1[core 18[hwt 0]], socket 1[core 19[hwt 0]], socket 1[core 20[hwt 0]], socket 1[core 21[hwt 0]], socket 1[core 22[hwt 0]], socket 1[core 23[hwt 0]]: [./././././././././././.][B/B/B/B/B/B/B/B/B/B/B/B]
[c7101:25547] MCW rank 22 bound to socket 0[core 0[hwt 0]], socket 0[core 1[hwt 0]], socket 0[core 2[hwt 0]], socket 0[core 3[hwt 0]], socket 0[core 4[hwt 0]], socket 0[core 5[hwt 0]], socket 0[core 6[hwt 0]], socket 0[core 7[hwt 0]], socket 0[core 8[hwt 0]], socket 0[core 9[hwt 0]], socket 0[core 10[hwt 0]], socket 0[core 11[hwt 0]]: [B/B/B/B/B/B/B/B/B/B/B/B][./././././././././././.]
[c7101:25547] MCW rank 23 bound to socket 1[core 12[hwt 0]], socket 1[core 13[hwt 0]], socket 1[core 14[hwt 0]], socket 1[core 15[hwt 0]], socket 1[core 16[hwt 0]], socket 1[core 17[hwt 0]], socket 1[core 18[hwt 0]], socket 1[core 19[hwt 0]], socket 1[core 20[hwt 0]], socket 1[core 21[hwt 0]], socket 1[core 22[hwt 0]], socket 1[core 23[hwt 0]]: [./././././././././././.][B/B/B/B/B/B/B/B/B/B/B/B]
[c7101:25547] MCW rank 0 bound to socket 0[core 0[hwt 0]], socket 0[core 1[hwt 0]], socket 0[core 2[hwt 0]], socket 0[core 3[hwt 0]], socket 0[core 4[hwt 0]], socket 0[core 5[hwt 0]], socket 0[core 6[hwt 0]], socket 0[core 7[hwt 0]], socket 0[core 8[hwt 0]], socket 0[core 9[hwt 0]], socket 0[core 10[hwt 0]], socket 0[core 11[hwt 0]]: [B/B/B/B/B/B/B/B/B/B/B/B][./././././././././././.]
[c7101:25547] MCW rank 1 bound to socket 1[core 12[hwt 0]], socket 1[core 13[hwt 0]], socket 1[core 14[hwt 0]], socket 1[core 15[hwt 0]], socket 1[core 16[hwt 0]], socket 1[core 17[hwt 0]], socket 1[core 18[hwt 0]], socket 1[core 19[hwt 0]], socket 1[core 20[hwt 0]], socket 1[core 21[hwt 0]], socket 1[core 22[hwt 0]], socket 1[core 23[hwt 0]]: [./././././././././././.][B/B/B/B/B/B/B/B/B/B/B/B]
[c7101:25547] MCW rank 2 bound to socket 0[core 0[hwt 0]], socket 0[core 1[hwt 0]], socket 0[core 2[hwt 0]], socket 0[core 3[hwt 0]], socket 0[core 4[hwt 0]], socket 0[core 5[hwt 0]], socket 0[core 6[hwt 0]], socket 0[core 7[hwt 0]], socket 0[core 8[hwt 0]], socket 0[core 9[hwt 0]], socket 0[core 10[hwt 0]], socket 0[core 11[hwt 0]]: [B/B/B/B/B/B/B/B/B/B/B/B][./././././././././././.]
[c7101:25547] MCW rank 3 bound to socket 1[core 12[hwt 0]], socket 1[core 13[hwt 0]], socket 1[core 14[hwt 0]], socket 1[core 15[hwt 0]], socket 1[core 16[hwt 0]], socket 1[core 17[hwt 0]], socket 1[core 18[hwt 0]], socket 1[core 19[hwt 0]], socket 1[core 20[hwt 0]], socket 1[core 21[hwt 0]], socket 1[core 22[hwt 0]], socket 1[core 23[hwt 0]]: [./././././././././././.][B/B/B/B/B/B/B/B/B/B/B/B]
[c7101:25547] MCW rank 4 bound to socket 0[core 0[hwt 0]], socket 0[core 1[hwt 0]], socket 0[core 2[hwt 0]], socket 0[core 3[hwt 0]], socket 0[core 4[hwt 0]], socket 0[core 5[hwt 0]], socket 0[core 6[hwt 0]], socket 0[core 7[hwt 0]], socket 0[core 8[hwt 0]], socket 0[core 9[hwt 0]], socket 0[core 10[hwt 0]], socket 0[core 11[hwt 0]]: [B/B/B/B/B/B/B/B/B/B/B/B][./././././././././././.]
[c7101:25547] MCW rank 5 bound to socket 1[core 12[hwt 0]], socket 1[core 13[hwt 0]], socket 1[core 14[hwt 0]], socket 1[core 15[hwt 0]], socket 1[core 16[hwt 0]], socket 1[core 17[hwt 0]], socket 1[core 18[hwt 0]], socket 1[core 19[hwt 0]], socket 1[core 20[hwt 0]], socket 1[core 21[hwt 0]], socket 1[core 22[hwt 0]], socket 1[core 23[hwt 0]]: [./././././././././././.][B/B/B/B/B/B/B/B/B/B/B/B]
[c7101:25547] MCW rank 6 bound to socket 0[core 0[hwt 0]], socket 0[core 1[hwt 0]], socket 0[core 2[hwt 0]], socket 0[core 3[hwt 0]], socket 0[core 4[hwt 0]], socket 0[core 5[hwt 0]], socket 0[core 6[hwt 0]], socket 0[core 7[hwt 0]], socket 0[core 8[hwt 0]], socket 0[core 9[hwt 0]], socket 0[core 10[hwt 0]], socket 0[core 11[hwt 0]]: [B/B/B/B/B/B/B/B/B/B/B/B][./././././././././././.]
[c7101:25547] MCW rank 7 bound to socket 1[core 12[hwt 0]], socket 1[core 13[hwt 0]], socket 1[core 14[hwt 0]], socket 1[core 15[hwt 0]], socket 1[core 16[hwt 0]], socket 1[core 17[hwt 0]], socket 1[core 18[hwt 0]], socket 1[core 19[hwt 0]], socket 1[core 20[hwt 0]], socket 1[core 21[hwt 0]], socket 1[core 22[hwt 0]], socket 1[core 23[hwt 0]]: [./././././././././././.][B/B/B/B/B/B/B/B/B/B/B/B]
[c7101:25547] MCW rank 8 bound to socket 0[core 0[hwt 0]], socket 0[core 1[hwt 0]], socket 0[core 2[hwt 0]], socket 0[core 3[hwt 0]], socket 0[core 4[hwt 0]], socket 0[core 5[hwt 0]], socket 0[core 6[hwt 0]], socket 0[core 7[hwt 0]], socket 0[core 8[hwt 0]], socket 0[core 9[hwt 0]], socket 0[core 10[hwt 0]], socket 0[core 11[hwt 0]]: [B/B/B/B/B/B/B/B/B/B/B/B][./././././././././././.]
[c7101:25547] MCW rank 9 bound to socket 1[core 12[hwt 0]], socket 1[core 13[hwt 0]], socket 1[core 14[hwt 0]], socket 1[core 15[hwt 0]], socket 1[core 16[hwt 0]], socket 1[core 17[hwt 0]], socket 1[core 18[hwt 0]], socket 1[core 19[hwt 0]], socket 1[core 20[hwt 0]], socket 1[core 21[hwt 0]], socket 1[core 22[hwt 0]], socket 1[core 23[hwt 0]]: [./././././././././././.][B/B/B/B/B/B/B/B/B/B/B/B]
[c7101:25547] MCW rank 10 bound to socket 0[core 0[hwt 0]], socket 0[core 1[hwt 0]], socket 0[core 2[hwt 0]], socket 0[core 3[hwt 0]], socket 0[core 4[hwt 0]], socket 0[core 5[hwt 0]], socket 0[core 6[hwt 0]], socket 0[core 7[hwt 0]], socket 0[core 8[hwt 0]], socket 0[core 9[hwt 0]], socket 0[core 10[hwt 0]], socket 0[core 11[hwt 0]]: [B/B/B/B/B/B/B/B/B/B/B/B][./././././././././././.]
[c7101:25547] MCW rank 11 bound to socket 1[core 12[hwt 0]], socket 1[core 13[hwt 0]], socket 1[core 14[hwt 0]], socket 1[core 15[hwt 0]], socket 1[core 16[hwt 0]], socket 1[core 17[hwt 0]], socket 1[core 18[hwt 0]], socket 1[core 19[hwt 0]], socket 1[core 20[hwt 0]], socket 1[core 21[hwt 0]], socket 1[core 22[hwt 0]], socket 1[core 23[hwt 0]]: [./././././././././././.][B/B/B/B/B/B/B/B/B/B/B/B]
[c7101:25547] MCW rank 12 bound to socket 0[core 0[hwt 0]], socket 0[core 1[hwt 0]], socket 0[core 2[hwt 0]], socket 0[core 3[hwt 0]], socket 0[core 4[hwt 0]], socket 0[core 5[hwt 0]], socket 0[core 6[hwt 0]], socket 0[core 7[hwt 0]], socket 0[core 8[hwt 0]], socket 0[core 9[hwt 0]], socket 0[core 10[hwt 0]], socket 0[core 11[hwt 0]]: [B/B/B/B/B/B/B/B/B/B/B/B][./././././././././././.]
[c7101:25547] MCW rank 13 bound to socket 1[core 12[hwt 0]], socket 1[core 13[hwt 0]], socket 1[core 14[hwt 0]], socket 1[core 15[hwt 0]], socket 1[core 16[hwt 0]], socket 1[core 17[hwt 0]], socket 1[core 18[hwt 0]], socket 1[core 19[hwt 0]], socket 1[core 20[hwt 0]], socket 1[core 21[hwt 0]], socket 1[core 22[hwt 0]], socket 1[core 23[hwt 0]]: [./././././././././././.][B/B/B/B/B/B/B/B/B/B/B/B]
[c7101:25547] MCW rank 14 bound to socket 0[core 0[hwt 0]], socket 0[core 1[hwt 0]], socket 0[core 2[hwt 0]], socket 0[core 3[hwt 0]], socket 0[core 4[hwt 0]], socket 0[core 5[hwt 0]], socket 0[core 6[hwt 0]], socket 0[core 7[hwt 0]], socket 0[core 8[hwt 0]], socket 0[core 9[hwt 0]], socket 0[core 10[hwt 0]], socket 0[core 11[hwt 0]]: [B/B/B/B/B/B/B/B/B/B/B/B][./././././././././././.]
[c7101:25547] MCW rank 15 bound to socket 1[core 12[hwt 0]], socket 1[core 13[hwt 0]], socket 1[core 14[hwt 0]], socket 1[core 15[hwt 0]], socket 1[core 16[hwt 0]], socket 1[core 17[hwt 0]], socket 1[core 18[hwt 0]], socket 1[core 19[hwt 0]], socket 1[core 20[hwt 0]], socket 1[core 21[hwt 0]], socket 1[core 22[hwt 0]], socket 1[core 23[hwt 0]]: [./././././././././././.][B/B/B/B/B/B/B/B/B/B/B/B]
[c7101:25547] MCW rank 16 bound to socket 0[core 0[hwt 0]], socket 0[core 1[hwt 0]], socket 0[core 2[hwt 0]], socket 0[core 3[hwt 0]], socket 0[core 4[hwt 0]], socket 0[core 5[hwt 0]], socket 0[core 6[hwt 0]], socket 0[core 7[hwt 0]], socket 0[core 8[hwt 0]], socket 0[core 9[hwt 0]], socket 0[core 10[hwt 0]], socket 0[core 11[hwt 0]]: [B/B/B/B/B/B/B/B/B/B/B/B][./././././././././././.]
[c7101:25547] MCW rank 17 bound to socket 1[core 12[hwt 0]], socket 1[core 13[hwt 0]], socket 1[core 14[hwt 0]], socket 1[core 15[hwt 0]], socket 1[core 16[hwt 0]], socket 1[core 17[hwt 0]], socket 1[core 18[hwt 0]], socket 1[core 19[hwt 0]], socket 1[core 20[hwt 0]], socket 1[core 21[hwt 0]], socket 1[core 22[hwt 0]], socket 1[core 23[hwt 0]]: [./././././././././././.][B/B/B/B/B/B/B/B/B/B/B/B]
[c7101:25547] MCW rank 18 bound to socket 0[core 0[hwt 0]], socket 0[core 1[hwt 0]], socket 0[core 2[hwt 0]], socket 0[core 3[hwt 0]], socket 0[core 4[hwt 0]], socket 0[core 5[hwt 0]], socket 0[core 6[hwt 0]], socket 0[core 7[hwt 0]], socket 0[core 8[hwt 0]], socket 0[core 9[hwt 0]], socket 0[core 10[hwt 0]], socket 0[core 11[hwt 0]]: [B/B/B/B/B/B/B/B/B/B/B/B][./././././././././././.]
[c7101:25553] *** Process received signal ***
[c7101:25549] *** Process received signal ***
[c7101:25549] Signal: Segmentation fault (11)
[c7101:25549] Signal code: Address not mapped (1)
[c7101:25549] Failing at address: 0x1d0f3dc
[c7101:25549] [ 0] /lib64/libpthread.so.0(+0xf790)[0x7f92ad4a6790]
[c7101:25549] [ 1] ./../../ParallelMPI/fast-mrmr[0x40d8c4]
[c7101:25549] [ 2] ./../../ParallelMPI/fast-mrmr[0x40dd3a]
[c7101:25549] [ 3] ./../../ParallelMPI/fast-mrmr[0x40a4ee]
[c7101:25549] [ 4] /opt/cesga/gcc/5.3.0/lib64/libgomp.so.1(GOMP_parallel+0x3f)[0x7f92ad8d597f]
[c7101:25549] [ 5] ./../../ParallelMPI/fast-mrmr[0x40912e]
[c7101:25549] [ 6] /lib64/libc.so.6(__libc_start_main+0xfd)[0x7f92ad121d5d]
[c7101:25549] [ 7] ./../../ParallelMPI/fast-mrmr[0x40a291]
[c7101:25549] *** End of error message ***
[c7101:25553] Signal: Segmentation fault (11)
[c7101:25553] Signal code: Address not mapped (1)
[c7101:25553] Failing at address: 0xdd5120
[c7101:25562] *** Process received signal ***
[c7101:25556] *** Process received signal ***
[c7101:25556] Signal: Segmentation fault (11)
[c7101:25556] Signal code: Address not mapped (1)
[c7101:25556] Failing at address: 0x1cf2016653f8
[c7101:25562] Signal: Segmentation fault (11)
[c7101:25562] Signal code: Address not mapped (1)
[c7101:25562] Failing at address: 0xe32011810b8
[c7101:25556] [ 0] /lib64/libpthread.so.0(+0xf790)[0x7fd3d31a3790]
[c7101:25556] [ 1] /opt/cesga/openmpi/1.10.2/gcc/5.3.0/lib/libopen-pal.so.13(+0xa24ff)[0x7fd3d23254ff]
[c7101:25556] [ 2] /opt/cesga/openmpi/1.10.2/gcc/5.3.0/lib/libopen-pal.so.13(opal_memory_ptmalloc2_int_malloc+0x130)[0x7fd3d2327930]
[c7101:25556] [ 3] /opt/cesga/openmpi/1.10.2/gcc/5.3.0/lib/libopen-pal.so.13(opal_memory_ptmalloc2_int_memalign+0x52)[0x7fd3d232a2f2]
[c7101:25556] [ 4] /opt/cesga/openmpi/1.10.2/gcc/5.3.0/lib/libopen-pal.so.13(opal_memory_ptmalloc2_memalign+0xc9)[0x7fd3d232a739]
[c7101:25556] [ 5] ./../../ParallelMPI/fast-mrmr[0x40d85d]
[c7101:25556] [ 6] ./../../ParallelMPI/fast-mrmr[0x40dd3a]
[c7101:25556] [ 7] ./../../ParallelMPI/fast-mrmr[0x40a4ee]
[c7101:25556] [ 8] /opt/cesga/gcc/5.3.0/lib64/libgomp.so.1(GOMP_parallel+0x3f)[0x7fd3d35d297f]
[c7101:25556] [ 9] ./../../ParallelMPI/fast-mrmr[0x40912e]
[c7101:25556] [10] /lib64/libc.so.6(__libc_start_main+0xfd)[0x7fd3d2e1ed5d]
[c7101:25556] [11] ./../../ParallelMPI/fast-mrmr[0x40a291]
[c7101:25556] *** End of error message ***
[c7101:25558] *** Process received signal ***
[c7101:25558] Signal: Segmentation fault (11)
[c7101:25558] Signal code: Address not mapped (1)
[c7101:25558] Failing at address: 0x2c701b8ed98
[c7101:25565] *** Process received signal ***
[c7101:25565] Signal: Segmentation fault (11)
[c7101:25565] Signal code: Address not mapped (1)
[c7101:25565] Failing at address: 0xee70250bad0
[c7101:25563] *** Process received signal ***
[c7101:25555] *** Process received signal ***
[c7101:25555] Signal: Segmentation fault (11)
[c7101:25555] Signal code: Address not mapped (1)
[c7101:25555] Failing at address: 0x458ed38
[c7101:25563] Signal: Segmentation fault (11)
[c7101:25563] Signal code: Address not mapped (1)
[c7101:25563] Failing at address: 0x5280026540e8
[c7101:25560] *** Process received signal ***
[c7101:25560] Signal: Segmentation fault (11)
[c7101:25560] Signal code: Address not mapped (1)
[c7101:25560] Failing at address: 0x7a502365938
[c7101:25580] *** Process received signal ***
[c7101:25580] Signal: Segmentation fault (11)
[c7101:25580] Signal code:  (128)
[c7101:25580] Failing at address: (nil)
[c7101:25662] MCW rank 19 bound to socket 1[core 12[hwt 0]], socket 1[core 13[hwt 0]], socket 1[core 14[hwt 0]], socket 1[core 15[hwt 0]], socket 1[core 16[hwt 0]], socket 1[core 17[hwt 0]], socket 1[core 18[hwt 0]], socket 1[core 19[hwt 0]], socket 1[core 20[hwt 0]], socket 1[core 21[hwt 0]], socket 1[core 22[hwt 0]], socket 1[core 23[hwt 0]]: [./././././././././././.][B/B/B/B/B/B/B/B/B/B/B/B]
[c7101:25662] MCW rank 20 bound to socket 0[core 0[hwt 0]], socket 0[core 1[hwt 0]], socket 0[core 2[hwt 0]], socket 0[core 3[hwt 0]], socket 0[core 4[hwt 0]], socket 0[core 5[hwt 0]], socket 0[core 6[hwt 0]], socket 0[core 7[hwt 0]], socket 0[core 8[hwt 0]], socket 0[core 9[hwt 0]], socket 0[core 10[hwt 0]], socket 0[core 11[hwt 0]]: [B/B/B/B/B/B/B/B/B/B/B/B][./././././././././././.]
[c7101:25662] MCW rank 21 bound to socket 1[core 12[hwt 0]], socket 1[core 13[hwt 0]], socket 1[core 14[hwt 0]], socket 1[core 15[hwt 0]], socket 1[core 16[hwt 0]], socket 1[core 17[hwt 0]], socket 1[core 18[hwt 0]], socket 1[core 19[hwt 0]], socket 1[core 20[hwt 0]], socket 1[core 21[hwt 0]], socket 1[core 22[hwt 0]], socket 1[core 23[hwt 0]]: [./././././././././././.][B/B/B/B/B/B/B/B/B/B/B/B]
[c7101:25662] MCW rank 22 bound to socket 0[core 0[hwt 0]], socket 0[core 1[hwt 0]], socket 0[core 2[hwt 0]], socket 0[core 3[hwt 0]], socket 0[core 4[hwt 0]], socket 0[core 5[hwt 0]], socket 0[core 6[hwt 0]], socket 0[core 7[hwt 0]], socket 0[core 8[hwt 0]], socket 0[core 9[hwt 0]], socket 0[core 10[hwt 0]], socket 0[core 11[hwt 0]]: [B/B/B/B/B/B/B/B/B/B/B/B][./././././././././././.]
[c7101:25662] MCW rank 23 bound to socket 1[core 12[hwt 0]], socket 1[core 13[hwt 0]], socket 1[core 14[hwt 0]], socket 1[core 15[hwt 0]], socket 1[core 16[hwt 0]], socket 1[core 17[hwt 0]], socket 1[core 18[hwt 0]], socket 1[core 19[hwt 0]], socket 1[core 20[hwt 0]], socket 1[core 21[hwt 0]], socket 1[core 22[hwt 0]], socket 1[core 23[hwt 0]]: [./././././././././././.][B/B/B/B/B/B/B/B/B/B/B/B]
[c7101:25662] MCW rank 0 bound to socket 0[core 0[hwt 0]], socket 0[core 1[hwt 0]], socket 0[core 2[hwt 0]], socket 0[core 3[hwt 0]], socket 0[core 4[hwt 0]], socket 0[core 5[hwt 0]], socket 0[core 6[hwt 0]], socket 0[core 7[hwt 0]], socket 0[core 8[hwt 0]], socket 0[core 9[hwt 0]], socket 0[core 10[hwt 0]], socket 0[core 11[hwt 0]]: [B/B/B/B/B/B/B/B/B/B/B/B][./././././././././././.]
[c7101:25662] MCW rank 1 bound to socket 1[core 12[hwt 0]], socket 1[core 13[hwt 0]], socket 1[core 14[hwt 0]], socket 1[core 15[hwt 0]], socket 1[core 16[hwt 0]], socket 1[core 17[hwt 0]], socket 1[core 18[hwt 0]], socket 1[core 19[hwt 0]], socket 1[core 20[hwt 0]], socket 1[core 21[hwt 0]], socket 1[core 22[hwt 0]], socket 1[core 23[hwt 0]]: [./././././././././././.][B/B/B/B/B/B/B/B/B/B/B/B]
[c7101:25662] MCW rank 2 bound to socket 0[core 0[hwt 0]], socket 0[core 1[hwt 0]], socket 0[core 2[hwt 0]], socket 0[core 3[hwt 0]], socket 0[core 4[hwt 0]], socket 0[core 5[hwt 0]], socket 0[core 6[hwt 0]], socket 0[core 7[hwt 0]], socket 0[core 8[hwt 0]], socket 0[core 9[hwt 0]], socket 0[core 10[hwt 0]], socket 0[core 11[hwt 0]]: [B/B/B/B/B/B/B/B/B/B/B/B][./././././././././././.]
[c7101:25662] MCW rank 3 bound to socket 1[core 12[hwt 0]], socket 1[core 13[hwt 0]], socket 1[core 14[hwt 0]], socket 1[core 15[hwt 0]], socket 1[core 16[hwt 0]], socket 1[core 17[hwt 0]], socket 1[core 18[hwt 0]], socket 1[core 19[hwt 0]], socket 1[core 20[hwt 0]], socket 1[core 21[hwt 0]], socket 1[core 22[hwt 0]], socket 1[core 23[hwt 0]]: [./././././././././././.][B/B/B/B/B/B/B/B/B/B/B/B]
[c7101:25662] MCW rank 4 bound to socket 0[core 0[hwt 0]], socket 0[core 1[hwt 0]], socket 0[core 2[hwt 0]], socket 0[core 3[hwt 0]], socket 0[core 4[hwt 0]], socket 0[core 5[hwt 0]], socket 0[core 6[hwt 0]], socket 0[core 7[hwt 0]], socket 0[core 8[hwt 0]], socket 0[core 9[hwt 0]], socket 0[core 10[hwt 0]], socket 0[core 11[hwt 0]]: [B/B/B/B/B/B/B/B/B/B/B/B][./././././././././././.]
[c7101:25662] MCW rank 5 bound to socket 1[core 12[hwt 0]], socket 1[core 13[hwt 0]], socket 1[core 14[hwt 0]], socket 1[core 15[hwt 0]], socket 1[core 16[hwt 0]], socket 1[core 17[hwt 0]], socket 1[core 18[hwt 0]], socket 1[core 19[hwt 0]], socket 1[core 20[hwt 0]], socket 1[core 21[hwt 0]], socket 1[core 22[hwt 0]], socket 1[core 23[hwt 0]]: [./././././././././././.][B/B/B/B/B/B/B/B/B/B/B/B]
[c7101:25662] MCW rank 6 bound to socket 0[core 0[hwt 0]], socket 0[core 1[hwt 0]], socket 0[core 2[hwt 0]], socket 0[core 3[hwt 0]], socket 0[core 4[hwt 0]], socket 0[core 5[hwt 0]], socket 0[core 6[hwt 0]], socket 0[core 7[hwt 0]], socket 0[core 8[hwt 0]], socket 0[core 9[hwt 0]], socket 0[core 10[hwt 0]], socket 0[core 11[hwt 0]]: [B/B/B/B/B/B/B/B/B/B/B/B][./././././././././././.]
[c7101:25662] MCW rank 7 bound to socket 1[core 12[hwt 0]], socket 1[core 13[hwt 0]], socket 1[core 14[hwt 0]], socket 1[core 15[hwt 0]], socket 1[core 16[hwt 0]], socket 1[core 17[hwt 0]], socket 1[core 18[hwt 0]], socket 1[core 19[hwt 0]], socket 1[core 20[hwt 0]], socket 1[core 21[hwt 0]], socket 1[core 22[hwt 0]], socket 1[core 23[hwt 0]]: [./././././././././././.][B/B/B/B/B/B/B/B/B/B/B/B]
[c7101:25662] MCW rank 8 bound to socket 0[core 0[hwt 0]], socket 0[core 1[hwt 0]], socket 0[core 2[hwt 0]], socket 0[core 3[hwt 0]], socket 0[core 4[hwt 0]], socket 0[core 5[hwt 0]], socket 0[core 6[hwt 0]], socket 0[core 7[hwt 0]], socket 0[core 8[hwt 0]], socket 0[core 9[hwt 0]], socket 0[core 10[hwt 0]], socket 0[core 11[hwt 0]]: [B/B/B/B/B/B/B/B/B/B/B/B][./././././././././././.]
[c7101:25662] MCW rank 9 bound to socket 1[core 12[hwt 0]], socket 1[core 13[hwt 0]], socket 1[core 14[hwt 0]], socket 1[core 15[hwt 0]], socket 1[core 16[hwt 0]], socket 1[core 17[hwt 0]], socket 1[core 18[hwt 0]], socket 1[core 19[hwt 0]], socket 1[core 20[hwt 0]], socket 1[core 21[hwt 0]], socket 1[core 22[hwt 0]], socket 1[core 23[hwt 0]]: [./././././././././././.][B/B/B/B/B/B/B/B/B/B/B/B]
[c7101:25662] MCW rank 10 bound to socket 0[core 0[hwt 0]], socket 0[core 1[hwt 0]], socket 0[core 2[hwt 0]], socket 0[core 3[hwt 0]], socket 0[core 4[hwt 0]], socket 0[core 5[hwt 0]], socket 0[core 6[hwt 0]], socket 0[core 7[hwt 0]], socket 0[core 8[hwt 0]], socket 0[core 9[hwt 0]], socket 0[core 10[hwt 0]], socket 0[core 11[hwt 0]]: [B/B/B/B/B/B/B/B/B/B/B/B][./././././././././././.]
[c7101:25662] MCW rank 11 bound to socket 1[core 12[hwt 0]], socket 1[core 13[hwt 0]], socket 1[core 14[hwt 0]], socket 1[core 15[hwt 0]], socket 1[core 16[hwt 0]], socket 1[core 17[hwt 0]], socket 1[core 18[hwt 0]], socket 1[core 19[hwt 0]], socket 1[core 20[hwt 0]], socket 1[core 21[hwt 0]], socket 1[core 22[hwt 0]], socket 1[core 23[hwt 0]]: [./././././././././././.][B/B/B/B/B/B/B/B/B/B/B/B]
[c7101:25662] MCW rank 12 bound to socket 0[core 0[hwt 0]], socket 0[core 1[hwt 0]], socket 0[core 2[hwt 0]], socket 0[core 3[hwt 0]], socket 0[core 4[hwt 0]], socket 0[core 5[hwt 0]], socket 0[core 6[hwt 0]], socket 0[core 7[hwt 0]], socket 0[core 8[hwt 0]], socket 0[core 9[hwt 0]], socket 0[core 10[hwt 0]], socket 0[core 11[hwt 0]]: [B/B/B/B/B/B/B/B/B/B/B/B][./././././././././././.]
[c7101:25662] MCW rank 13 bound to socket 1[core 12[hwt 0]], socket 1[core 13[hwt 0]], socket 1[core 14[hwt 0]], socket 1[core 15[hwt 0]], socket 1[core 16[hwt 0]], socket 1[core 17[hwt 0]], socket 1[core 18[hwt 0]], socket 1[core 19[hwt 0]], socket 1[core 20[hwt 0]], socket 1[core 21[hwt 0]], socket 1[core 22[hwt 0]], socket 1[core 23[hwt 0]]: [./././././././././././.][B/B/B/B/B/B/B/B/B/B/B/B]
[c7101:25662] MCW rank 14 bound to socket 0[core 0[hwt 0]], socket 0[core 1[hwt 0]], socket 0[core 2[hwt 0]], socket 0[core 3[hwt 0]], socket 0[core 4[hwt 0]], socket 0[core 5[hwt 0]], socket 0[core 6[hwt 0]], socket 0[core 7[hwt 0]], socket 0[core 8[hwt 0]], socket 0[core 9[hwt 0]], socket 0[core 10[hwt 0]], socket 0[core 11[hwt 0]]: [B/B/B/B/B/B/B/B/B/B/B/B][./././././././././././.]
[c7101:25662] MCW rank 15 bound to socket 1[core 12[hwt 0]], socket 1[core 13[hwt 0]], socket 1[core 14[hwt 0]], socket 1[core 15[hwt 0]], socket 1[core 16[hwt 0]], socket 1[core 17[hwt 0]], socket 1[core 18[hwt 0]], socket 1[core 19[hwt 0]], socket 1[core 20[hwt 0]], socket 1[core 21[hwt 0]], socket 1[core 22[hwt 0]], socket 1[core 23[hwt 0]]: [./././././././././././.][B/B/B/B/B/B/B/B/B/B/B/B]
[c7101:25662] MCW rank 16 bound to socket 0[core 0[hwt 0]], socket 0[core 1[hwt 0]], socket 0[core 2[hwt 0]], socket 0[core 3[hwt 0]], socket 0[core 4[hwt 0]], socket 0[core 5[hwt 0]], socket 0[core 6[hwt 0]], socket 0[core 7[hwt 0]], socket 0[core 8[hwt 0]], socket 0[core 9[hwt 0]], socket 0[core 10[hwt 0]], socket 0[core 11[hwt 0]]: [B/B/B/B/B/B/B/B/B/B/B/B][./././././././././././.]
[c7101:25662] MCW rank 17 bound to socket 1[core 12[hwt 0]], socket 1[core 13[hwt 0]], socket 1[core 14[hwt 0]], socket 1[core 15[hwt 0]], socket 1[core 16[hwt 0]], socket 1[core 17[hwt 0]], socket 1[core 18[hwt 0]], socket 1[core 19[hwt 0]], socket 1[core 20[hwt 0]], socket 1[core 21[hwt 0]], socket 1[core 22[hwt 0]], socket 1[core 23[hwt 0]]: [./././././././././././.][B/B/B/B/B/B/B/B/B/B/B/B]
[c7101:25662] MCW rank 18 bound to socket 0[core 0[hwt 0]], socket 0[core 1[hwt 0]], socket 0[core 2[hwt 0]], socket 0[core 3[hwt 0]], socket 0[core 4[hwt 0]], socket 0[core 5[hwt 0]], socket 0[core 6[hwt 0]], socket 0[core 7[hwt 0]], socket 0[core 8[hwt 0]], socket 0[core 9[hwt 0]], socket 0[core 10[hwt 0]], socket 0[core 11[hwt 0]]: [B/B/B/B/B/B/B/B/B/B/B/B][./././././././././././.]
[c7101:25664] *** Process received signal ***
[c7101:25664] Signal: Segmentation fault (11)
[c7101:25664] Signal code: Address not mapped (1)
[c7101:25664] Failing at address: 0x25bb2e8
[c7101:25664] [ 0] /lib64/libpthread.so.0(+0xf790)[0x7f8e296be790]
[c7101:25664] [ 1] ./../../ParallelMPI/fast-mrmr[0x40d8c4]
[c7101:25664] [ 2] ./../../ParallelMPI/fast-mrmr[0x40dd3a]
[c7101:25664] [ 3] ./../../ParallelMPI/fast-mrmr[0x40a4ee]
[c7101:25664] [ 4] /opt/cesga/gcc/5.3.0/lib64/libgomp.so.1(GOMP_parallel+0x3f)[0x7f8e29aed97f]
[c7101:25664] [ 5] [c7101:25665] *** Process received signal ***
[c7101:25665] Signal: Segmentation fault (11)
[c7101:25665] Signal code: Address not mapped (1)
[c7101:25665] Failing at address: 0xf0f050
./../../ParallelMPI/fast-mrmr[0x40912e]
[c7101:25664] [ 6] /lib64/libc.so.6(__libc_start_main+0xfd)[0x7f8e29339d5d]
[c7101:25664] [ 7] ./../../ParallelMPI/fast-mrmr[0x40a291]
[c7101:25664] *** End of error message ***
[c7101:25688] *** Process received signal ***
[c7101:25688] Signal: Segmentation fault (11)
[c7101:25688] Signal code: Address not mapped (1)
[c7101:25688] Failing at address: 0x2d201ceb530
[c7101:25671] *** Process received signal ***
[c7101:25672] *** Process received signal ***
[c7101:25672] Signal: Segmentation fault (11)
[c7101:25672] Signal code: Address not mapped (1)
[c7101:25672] Failing at address: 0x2c70232f148
[c7101:25671] Signal: Segmentation fault (11)
[c7101:25671] Signal code: Address not mapped (1)
[c7101:25671] Failing at address: 0x1cf200f7b7b8
[c7101:25671] [ 0] /lib64/libpthread.so.0(+0xf790)[0x7fdcf44cd790]
[c7101:25671] [c7101:25677] *** Process received signal ***
[c7101:25677] Signal: Segmentation fault (11)
[c7101:25677] Signal code: Address not mapped (1)
[c7101:25677] Failing at address: 0x1cb01538a14
[c7101:25677] [ 0] /lib64/libpthread.so.0(+0xf790)[0x7f7c92207790]
[c7101:25677] [ 1] /opt/cesga/openmpi/1.10.2/gcc/5.3.0/lib/libopen-pal.so.13(opal_memory_ptmalloc2_int_malloc+0x582)[0x7f7c9138bd82]
[c7101:25677] [ 2] /opt/cesga/openmpi/1.10.2/gcc/5.3.0/lib/libopen-pal.so.13(opal_memory_ptmalloc2_malloc+0x4c)[0x7f7c9138c65c]
[c7101:25677] [ 3] /lib64/libc.so.6(__libc_calloc+0x331)[0x7f7c91edea51]
[c7101:25677] [ 4] ./../../ParallelMPI/fast-mrmr[0x40d852]
[c7101:25677] [ 5] ./../../ParallelMPI/fast-mrmr[0x40dd3a]
[c7101:25677] [ 6] ./../../ParallelMPI/fast-mrmr[0x40a4ee]
[c7101:25677] [ 7] /opt/cesga/gcc/5.3.0/lib64/libgomp.so.1(GOMP_parallel+0x3f)[0x7f7c9263697f]
[c7101:25677] [ 8] ./../../ParallelMPI/fast-mrmr[0x40912e]
[c7101:25677] [ 9] /lib64/libc.so.6(__libc_start_main+0xfd)[0x7f7c91e82d5d]
[c7101:25677] [10] ./../../ParallelMPI/fast-mrmr[0x40a291]
[c7101:25677] *** End of error message ***
[ 1] /opt/cesga/openmpi/1.10.2/gcc/5.3.0/lib/libopen-pal.so.13(+0xa24ff)[0x7fdcf364f4ff]
[c7101:25671] [ 2] /opt/cesga/openmpi/1.10.2/gcc/5.3.0/lib/libopen-pal.so.13(opal_memory_ptmalloc2_int_malloc+0x130)[0x7fdcf3651930]
[c7101:25671] [ 3] /opt/cesga/openmpi/1.10.2/gcc/5.3.0/lib/libopen-pal.so.13(opal_memory_ptmalloc2_int_memalign+0x52)[0x7fdcf36542f2]
[c7101:25671] [ 4] /opt/cesga/openmpi/1.10.2/gcc/5.3.0/lib/libopen-pal.so.13(opal_memory_ptmalloc2_memalign+0xc9)[0x7fdcf3654739]
[c7101:25671] [ 5] ./../../ParallelMPI/fast-mrmr[0x40d85d]
[c7101:25671] [ 6] ./../../ParallelMPI/fast-mrmr[0x40dd3a]
[c7101:25671] [ 7] ./../../ParallelMPI/fast-mrmr[0x40a4ee]
[c7101:25671] [ 8] /opt/cesga/gcc/5.3.0/lib64/libgomp.so.1(GOMP_parallel+0x3f)[0x7fdcf48fc97f]
[c7101:25671] [ 9] ./../../ParallelMPI/fast-mrmr[0x40912e]
[c7101:25671] [10] /lib64/libc.so.6(__libc_start_main+0xfd)[0x7fdcf4148d5d]
[c7101:25671] [11] ./../../ParallelMPI/fast-mrmr[0x40a291]
[c7101:25671] *** End of error message ***
[c7101:25689] *** Process received signal ***
[c7101:25689] Signal: Segmentation fault (11)
[c7101:25689] Signal code: Address not mapped (1)
[c7101:25689] Failing at address: 0x7a001dc0b80
[c7101:25693] *** Process received signal ***
[c7101:25693] Signal: Segmentation fault (11)
[c7101:25693] Signal code:  (128)
[c7101:25693] Failing at address: (nil)
[c7101:25795] MCW rank 19 bound to socket 1[core 12[hwt 0]], socket 1[core 13[hwt 0]], socket 1[core 14[hwt 0]], socket 1[core 15[hwt 0]], socket 1[core 16[hwt 0]], socket 1[core 17[hwt 0]], socket 1[core 18[hwt 0]], socket 1[core 19[hwt 0]], socket 1[core 20[hwt 0]], socket 1[core 21[hwt 0]], socket 1[core 22[hwt 0]], socket 1[core 23[hwt 0]]: [./././././././././././.][B/B/B/B/B/B/B/B/B/B/B/B]
[c7101:25795] MCW rank 20 bound to socket 0[core 0[hwt 0]], socket 0[core 1[hwt 0]], socket 0[core 2[hwt 0]], socket 0[core 3[hwt 0]], socket 0[core 4[hwt 0]], socket 0[core 5[hwt 0]], socket 0[core 6[hwt 0]], socket 0[core 7[hwt 0]], socket 0[core 8[hwt 0]], socket 0[core 9[hwt 0]], socket 0[core 10[hwt 0]], socket 0[core 11[hwt 0]]: [B/B/B/B/B/B/B/B/B/B/B/B][./././././././././././.]
[c7101:25795] MCW rank 21 bound to socket 1[core 12[hwt 0]], socket 1[core 13[hwt 0]], socket 1[core 14[hwt 0]], socket 1[core 15[hwt 0]], socket 1[core 16[hwt 0]], socket 1[core 17[hwt 0]], socket 1[core 18[hwt 0]], socket 1[core 19[hwt 0]], socket 1[core 20[hwt 0]], socket 1[core 21[hwt 0]], socket 1[core 22[hwt 0]], socket 1[core 23[hwt 0]]: [./././././././././././.][B/B/B/B/B/B/B/B/B/B/B/B]
[c7101:25795] MCW rank 22 bound to socket 0[core 0[hwt 0]], socket 0[core 1[hwt 0]], socket 0[core 2[hwt 0]], socket 0[core 3[hwt 0]], socket 0[core 4[hwt 0]], socket 0[core 5[hwt 0]], socket 0[core 6[hwt 0]], socket 0[core 7[hwt 0]], socket 0[core 8[hwt 0]], socket 0[core 9[hwt 0]], socket 0[core 10[hwt 0]], socket 0[core 11[hwt 0]]: [B/B/B/B/B/B/B/B/B/B/B/B][./././././././././././.]
[c7101:25795] MCW rank 23 bound to socket 1[core 12[hwt 0]], socket 1[core 13[hwt 0]], socket 1[core 14[hwt 0]], socket 1[core 15[hwt 0]], socket 1[core 16[hwt 0]], socket 1[core 17[hwt 0]], socket 1[core 18[hwt 0]], socket 1[core 19[hwt 0]], socket 1[core 20[hwt 0]], socket 1[core 21[hwt 0]], socket 1[core 22[hwt 0]], socket 1[core 23[hwt 0]]: [./././././././././././.][B/B/B/B/B/B/B/B/B/B/B/B]
[c7101:25795] MCW rank 0 bound to socket 0[core 0[hwt 0]], socket 0[core 1[hwt 0]], socket 0[core 2[hwt 0]], socket 0[core 3[hwt 0]], socket 0[core 4[hwt 0]], socket 0[core 5[hwt 0]], socket 0[core 6[hwt 0]], socket 0[core 7[hwt 0]], socket 0[core 8[hwt 0]], socket 0[core 9[hwt 0]], socket 0[core 10[hwt 0]], socket 0[core 11[hwt 0]]: [B/B/B/B/B/B/B/B/B/B/B/B][./././././././././././.]
[c7101:25795] MCW rank 1 bound to socket 1[core 12[hwt 0]], socket 1[core 13[hwt 0]], socket 1[core 14[hwt 0]], socket 1[core 15[hwt 0]], socket 1[core 16[hwt 0]], socket 1[core 17[hwt 0]], socket 1[core 18[hwt 0]], socket 1[core 19[hwt 0]], socket 1[core 20[hwt 0]], socket 1[core 21[hwt 0]], socket 1[core 22[hwt 0]], socket 1[core 23[hwt 0]]: [./././././././././././.][B/B/B/B/B/B/B/B/B/B/B/B]
[c7101:25795] MCW rank 2 bound to socket 0[core 0[hwt 0]], socket 0[core 1[hwt 0]], socket 0[core 2[hwt 0]], socket 0[core 3[hwt 0]], socket 0[core 4[hwt 0]], socket 0[core 5[hwt 0]], socket 0[core 6[hwt 0]], socket 0[core 7[hwt 0]], socket 0[core 8[hwt 0]], socket 0[core 9[hwt 0]], socket 0[core 10[hwt 0]], socket 0[core 11[hwt 0]]: [B/B/B/B/B/B/B/B/B/B/B/B][./././././././././././.]
[c7101:25795] MCW rank 3 bound to socket 1[core 12[hwt 0]], socket 1[core 13[hwt 0]], socket 1[core 14[hwt 0]], socket 1[core 15[hwt 0]], socket 1[core 16[hwt 0]], socket 1[core 17[hwt 0]], socket 1[core 18[hwt 0]], socket 1[core 19[hwt 0]], socket 1[core 20[hwt 0]], socket 1[core 21[hwt 0]], socket 1[core 22[hwt 0]], socket 1[core 23[hwt 0]]: [./././././././././././.][B/B/B/B/B/B/B/B/B/B/B/B]
[c7101:25795] MCW rank 4 bound to socket 0[core 0[hwt 0]], socket 0[core 1[hwt 0]], socket 0[core 2[hwt 0]], socket 0[core 3[hwt 0]], socket 0[core 4[hwt 0]], socket 0[core 5[hwt 0]], socket 0[core 6[hwt 0]], socket 0[core 7[hwt 0]], socket 0[core 8[hwt 0]], socket 0[core 9[hwt 0]], socket 0[core 10[hwt 0]], socket 0[core 11[hwt 0]]: [B/B/B/B/B/B/B/B/B/B/B/B][./././././././././././.]
[c7101:25795] MCW rank 5 bound to socket 1[core 12[hwt 0]], socket 1[core 13[hwt 0]], socket 1[core 14[hwt 0]], socket 1[core 15[hwt 0]], socket 1[core 16[hwt 0]], socket 1[core 17[hwt 0]], socket 1[core 18[hwt 0]], socket 1[core 19[hwt 0]], socket 1[core 20[hwt 0]], socket 1[core 21[hwt 0]], socket 1[core 22[hwt 0]], socket 1[core 23[hwt 0]]: [./././././././././././.][B/B/B/B/B/B/B/B/B/B/B/B]
[c7101:25795] MCW rank 6 bound to socket 0[core 0[hwt 0]], socket 0[core 1[hwt 0]], socket 0[core 2[hwt 0]], socket 0[core 3[hwt 0]], socket 0[core 4[hwt 0]], socket 0[core 5[hwt 0]], socket 0[core 6[hwt 0]], socket 0[core 7[hwt 0]], socket 0[core 8[hwt 0]], socket 0[core 9[hwt 0]], socket 0[core 10[hwt 0]], socket 0[core 11[hwt 0]]: [B/B/B/B/B/B/B/B/B/B/B/B][./././././././././././.]
[c7101:25795] MCW rank 7 bound to socket 1[core 12[hwt 0]], socket 1[core 13[hwt 0]], socket 1[core 14[hwt 0]], socket 1[core 15[hwt 0]], socket 1[core 16[hwt 0]], socket 1[core 17[hwt 0]], socket 1[core 18[hwt 0]], socket 1[core 19[hwt 0]], socket 1[core 20[hwt 0]], socket 1[core 21[hwt 0]], socket 1[core 22[hwt 0]], socket 1[core 23[hwt 0]]: [./././././././././././.][B/B/B/B/B/B/B/B/B/B/B/B]
[c7101:25795] MCW rank 8 bound to socket 0[core 0[hwt 0]], socket 0[core 1[hwt 0]], socket 0[core 2[hwt 0]], socket 0[core 3[hwt 0]], socket 0[core 4[hwt 0]], socket 0[core 5[hwt 0]], socket 0[core 6[hwt 0]], socket 0[core 7[hwt 0]], socket 0[core 8[hwt 0]], socket 0[core 9[hwt 0]], socket 0[core 10[hwt 0]], socket 0[core 11[hwt 0]]: [B/B/B/B/B/B/B/B/B/B/B/B][./././././././././././.]
[c7101:25795] MCW rank 9 bound to socket 1[core 12[hwt 0]], socket 1[core 13[hwt 0]], socket 1[core 14[hwt 0]], socket 1[core 15[hwt 0]], socket 1[core 16[hwt 0]], socket 1[core 17[hwt 0]], socket 1[core 18[hwt 0]], socket 1[core 19[hwt 0]], socket 1[core 20[hwt 0]], socket 1[core 21[hwt 0]], socket 1[core 22[hwt 0]], socket 1[core 23[hwt 0]]: [./././././././././././.][B/B/B/B/B/B/B/B/B/B/B/B]
[c7101:25795] MCW rank 10 bound to socket 0[core 0[hwt 0]], socket 0[core 1[hwt 0]], socket 0[core 2[hwt 0]], socket 0[core 3[hwt 0]], socket 0[core 4[hwt 0]], socket 0[core 5[hwt 0]], socket 0[core 6[hwt 0]], socket 0[core 7[hwt 0]], socket 0[core 8[hwt 0]], socket 0[core 9[hwt 0]], socket 0[core 10[hwt 0]], socket 0[core 11[hwt 0]]: [B/B/B/B/B/B/B/B/B/B/B/B][./././././././././././.]
[c7101:25795] MCW rank 11 bound to socket 1[core 12[hwt 0]], socket 1[core 13[hwt 0]], socket 1[core 14[hwt 0]], socket 1[core 15[hwt 0]], socket 1[core 16[hwt 0]], socket 1[core 17[hwt 0]], socket 1[core 18[hwt 0]], socket 1[core 19[hwt 0]], socket 1[core 20[hwt 0]], socket 1[core 21[hwt 0]], socket 1[core 22[hwt 0]], socket 1[core 23[hwt 0]]: [./././././././././././.][B/B/B/B/B/B/B/B/B/B/B/B]
[c7101:25795] MCW rank 12 bound to socket 0[core 0[hwt 0]], socket 0[core 1[hwt 0]], socket 0[core 2[hwt 0]], socket 0[core 3[hwt 0]], socket 0[core 4[hwt 0]], socket 0[core 5[hwt 0]], socket 0[core 6[hwt 0]], socket 0[core 7[hwt 0]], socket 0[core 8[hwt 0]], socket 0[core 9[hwt 0]], socket 0[core 10[hwt 0]], socket 0[core 11[hwt 0]]: [B/B/B/B/B/B/B/B/B/B/B/B][./././././././././././.]
[c7101:25795] MCW rank 13 bound to socket 1[core 12[hwt 0]], socket 1[core 13[hwt 0]], socket 1[core 14[hwt 0]], socket 1[core 15[hwt 0]], socket 1[core 16[hwt 0]], socket 1[core 17[hwt 0]], socket 1[core 18[hwt 0]], socket 1[core 19[hwt 0]], socket 1[core 20[hwt 0]], socket 1[core 21[hwt 0]], socket 1[core 22[hwt 0]], socket 1[core 23[hwt 0]]: [./././././././././././.][B/B/B/B/B/B/B/B/B/B/B/B]
[c7101:25795] MCW rank 14 bound to socket 0[core 0[hwt 0]], socket 0[core 1[hwt 0]], socket 0[core 2[hwt 0]], socket 0[core 3[hwt 0]], socket 0[core 4[hwt 0]], socket 0[core 5[hwt 0]], socket 0[core 6[hwt 0]], socket 0[core 7[hwt 0]], socket 0[core 8[hwt 0]], socket 0[core 9[hwt 0]], socket 0[core 10[hwt 0]], socket 0[core 11[hwt 0]]: [B/B/B/B/B/B/B/B/B/B/B/B][./././././././././././.]
[c7101:25795] MCW rank 15 bound to socket 1[core 12[hwt 0]], socket 1[core 13[hwt 0]], socket 1[core 14[hwt 0]], socket 1[core 15[hwt 0]], socket 1[core 16[hwt 0]], socket 1[core 17[hwt 0]], socket 1[core 18[hwt 0]], socket 1[core 19[hwt 0]], socket 1[core 20[hwt 0]], socket 1[core 21[hwt 0]], socket 1[core 22[hwt 0]], socket 1[core 23[hwt 0]]: [./././././././././././.][B/B/B/B/B/B/B/B/B/B/B/B]
[c7101:25795] MCW rank 16 bound to socket 0[core 0[hwt 0]], socket 0[core 1[hwt 0]], socket 0[core 2[hwt 0]], socket 0[core 3[hwt 0]], socket 0[core 4[hwt 0]], socket 0[core 5[hwt 0]], socket 0[core 6[hwt 0]], socket 0[core 7[hwt 0]], socket 0[core 8[hwt 0]], socket 0[core 9[hwt 0]], socket 0[core 10[hwt 0]], socket 0[core 11[hwt 0]]: [B/B/B/B/B/B/B/B/B/B/B/B][./././././././././././.]
[c7101:25795] MCW rank 17 bound to socket 1[core 12[hwt 0]], socket 1[core 13[hwt 0]], socket 1[core 14[hwt 0]], socket 1[core 15[hwt 0]], socket 1[core 16[hwt 0]], socket 1[core 17[hwt 0]], socket 1[core 18[hwt 0]], socket 1[core 19[hwt 0]], socket 1[core 20[hwt 0]], socket 1[core 21[hwt 0]], socket 1[core 22[hwt 0]], socket 1[core 23[hwt 0]]: [./././././././././././.][B/B/B/B/B/B/B/B/B/B/B/B]
[c7101:25795] MCW rank 18 bound to socket 0[core 0[hwt 0]], socket 0[core 1[hwt 0]], socket 0[core 2[hwt 0]], socket 0[core 3[hwt 0]], socket 0[core 4[hwt 0]], socket 0[core 5[hwt 0]], socket 0[core 6[hwt 0]], socket 0[core 7[hwt 0]], socket 0[core 8[hwt 0]], socket 0[core 9[hwt 0]], socket 0[core 10[hwt 0]], socket 0[core 11[hwt 0]]: [B/B/B/B/B/B/B/B/B/B/B/B][./././././././././././.]
[c7101:25803] *** Process received signal ***
[c7101:25803] Signal: Segmentation fault (11)
[c7101:25803] Signal code: Address not mapped (1)
[c7101:25803] Failing at address: 0xa62040
[c7101:25803] [ 0] /lib64/libpthread.so.0(+0xf790)[0x7f182f617790]
[c7101:25803] [ 1] ./../../ParallelMPI/fast-mrmr[0x40d8c4]
[c7101:25803] [ 2] ./../../ParallelMPI/fast-mrmr[0x40dd3a]
[c7101:25803] [ 3] ./../../ParallelMPI/fast-mrmr[0x40a4ee]
[c7101:25803] [ 4] /opt/cesga/gcc/5.3.0/lib64/libgomp.so.1(GOMP_parallel+0x3f)[0x7f182fa4697f]
[c7101:25803] [ 5] ./../../ParallelMPI/fast-mrmr[0x40912e]
[c7101:25803] [ 6] /lib64/libc.so.6(__libc_start_main+0xfd)[0x7f182f292d5d]
[c7101:25803] [ 7] ./../../ParallelMPI/fast-mrmr[0x40a291]
[c7101:25803] *** End of error message ***
[c7101:25797] *** Process received signal ***
[c7101:25797] Signal: Segmentation fault (11)
[c7101:25797] Signal code: Address not mapped (1)
[c7101:25797] Failing at address: 0x21ed364
[c7101:25797] [ 0] /lib64/libpthread.so.0(+0xf790)[0x7fa235305790]
[c7101:25797] [ 1] ./../../ParallelMPI/fast-mrmr[0x40d8c4]
[c7101:25797] [ 2] ./../../ParallelMPI/fast-mrmr[0x40dd3a]
[c7101:25797] [ 3] ./../../ParallelMPI/fast-mrmr[0x40a4ee]
[c7101:25797] [ 4] /opt/cesga/gcc/5.3.0/lib64/libgomp.so.1(GOMP_parallel+0x3f)[0x7fa23573497f]
[c7101:25797] [ 5] ./../../ParallelMPI/fast-mrmr[0x40912e]
[c7101:25797] [ 6] /lib64/libc.so.6(__libc_start_main+0xfd)[0x7fa234f80d5d]
[c7101:25797] [ 7] ./../../ParallelMPI/fast-mrmr[0x40a291]
[c7101:25797] *** End of error message ***
[c7101:25801] *** Process received signal ***
[c7101:25801] Signal: Segmentation fault (11)
[c7101:25801] Signal code: Address not mapped (1)
[c7101:25801] Failing at address: 0x15c6088
[c7101:25816] *** Process received signal ***
[c7101:25816] Signal: Segmentation fault (11)
[c7101:25816] Signal code: Address not mapped (1)
[c7101:25816] Failing at address: 0x1d8800913278
[c7101:25825] *** Process received signal ***
[c7101:25825] Signal: Segmentation fault (11)
[c7101:25825] Signal code: Address not mapped (1)
[c7101:25825] Failing at address: 0x536013f80c8
[c7101:25823] *** Process received signal ***
[c7101:25823] Signal: Segmentation fault (11)
[c7101:25823] Signal code: Address not mapped (1)
[c7101:25823] Failing at address: 0x2d20234f780
[c7101:25824] *** Process received signal ***
[c7101:25824] Signal: Segmentation fault (11)
[c7101:25824] Signal code: Address not mapped (1)
[c7101:25824] Failing at address: 0x7a000faf2f0
[c7101:25826] *** Process received signal ***
[c7101:25826] Signal: Segmentation fault (11)
[c7101:25826] Signal code: Address not mapped (1)
[c7101:25826] Failing at address: 0xae0171bf18
[c7101:25826] [ 0] /lib64/libpthread.so.0(+0xf790)[0x7f270bf99790]
[c7101:25826] [ 1] /opt/cesga/openmpi/1.10.2/gcc/5.3.0/lib/libopen-pal.so.13(opal_memory_ptmalloc2_int_malloc+0x582)[0x7f270b11dd82]
[c7101:25826] [ 2] /opt/cesga/openmpi/1.10.2/gcc/5.3.0/lib/libopen-pal.so.13(opal_memory_ptmalloc2_malloc+0x4c)[0x7f270b11e65c]
[c7101:25826] [ 3] /lib64/libc.so.6(__libc_calloc+0x331)[0x7f270bc70a51]
[c7101:25826] [ 4] ./../../ParallelMPI/fast-mrmr[0x40d852]
[c7101:25826] [ 5] ./../../ParallelMPI/fast-mrmr[0x40dd3a]
[c7101:25826] [ 6] ./../../ParallelMPI/fast-mrmr[0x40a4ee]
[c7101:25826] [ 7] /opt/cesga/gcc/5.3.0/lib64/libgomp.so.1(GOMP_parallel+0x3f)[0x7f270c3c897f]
[c7101:25826] [ 8] ./../../ParallelMPI/fast-mrmr[0x40912e]
[c7101:25826] [ 9] /lib64/libc.so.6(__libc_start_main+0xfd)[0x7f270bc14d5d]
[c7101:25826] [10] ./../../ParallelMPI/fast-mrmr[0x40a291]
[c7101:25826] *** End of error message ***
